2023-02-07 20:14:21.249 [info] Log level: Info
2023-02-07 20:14:21.249 [info] Validating found git in: "git"
2023-02-07 20:14:21.249 [info] Using git "2.34.1" from "git"
2023-02-07 20:14:21.249 [info] > git rev-parse --show-toplevel [3ms]
2023-02-07 20:14:21.249 [info] fatal: not a git repository (or any of the parent directories): .git
2023-02-07 20:14:21.563 [info] > git rev-parse --show-toplevel [65ms]
2023-02-07 20:14:21.563 [info] fatal: not a git repository (or any of the parent directories): .git
2023-02-07 20:14:21.573 [info] > git rev-parse --show-toplevel [3ms]
2023-02-07 20:14:21.573 [info] fatal: not a git repository (or any of the parent directories): .git
2023-02-07 20:14:21.603 [info] > git rev-parse --show-toplevel [24ms]
2023-02-07 20:14:21.603 [info] fatal: not a git repository (or any of the parent directories): .git
2023-02-07 20:14:21.641 [info] > git rev-parse --show-toplevel [29ms]
2023-02-07 20:14:21.641 [info] fatal: not a git repository (or any of the parent directories): .git
2023-02-07 20:14:22.154 [info] > git rev-parse --show-toplevel [3ms]
2023-02-07 20:14:22.154 [info] fatal: not a git repository (or any of the parent directories): .git
2023-02-07 20:14:22.604 [info] > git rev-parse --show-toplevel [10ms]
2023-02-07 20:14:22.604 [info] fatal: not a git repository (or any of the parent directories): .git
2023-02-07 20:15:39.979 [info] > git rev-parse --show-toplevel [3ms]
2023-02-07 20:15:39.979 [info] fatal: not a git repository (or any of the parent directories): .git
2023-02-07 20:32:20.007 [info] Log level: Info
2023-02-07 20:32:20.014 [info] Validating found git in: "git"
2023-02-07 20:32:20.014 [info] Using git "2.34.1" from "git"
2023-02-07 20:32:20.032 [info] > git rev-parse --show-toplevel [61ms]
2023-02-07 20:32:20.032 [info] fatal: not a git repository (or any of the parent directories): .git
2023-02-07 20:32:44.817 [info] Log level: Info
2023-02-07 20:32:44.817 [info] Validating found git in: "git"
2023-02-07 20:32:44.817 [info] Using git "2.34.1" from "git"
2023-02-07 20:32:44.817 [info] > git rev-parse --show-toplevel [3ms]
2023-02-07 20:32:44.817 [info] fatal: not a git repository (or any of the parent directories): .git
2023-02-07 20:32:45.046 [info] > git rev-parse --show-toplevel [3ms]
2023-02-07 20:32:45.046 [info] fatal: not a git repository (or any of the parent directories): .git
2023-02-07 20:32:45.334 [info] > git rev-parse --show-toplevel [4ms]
2023-02-07 20:32:45.334 [info] fatal: not a git repository (or any of the parent directories): .git
2023-02-07 20:33:02.164 [info] > git rev-parse --show-toplevel [2ms]
2023-02-07 20:33:02.164 [info] fatal: not a git repository (or any of the parent directories): .git
2023-02-07 20:33:02.267 [info] > git rev-parse --show-toplevel [4ms]
2023-02-07 20:33:02.267 [info] fatal: not a git repository (or any of the parent directories): .git
2023-02-07 20:33:14.408 [info] > git rev-parse --show-toplevel [6ms]
2023-02-07 20:33:14.408 [info] fatal: not a git repository (or any of the parent directories): .git
2023-02-07 20:33:22.094 [info] > git rev-parse --show-toplevel [5ms]
2023-02-07 20:33:22.094 [info] fatal: not a git repository (or any of the parent directories): .git
2023-02-07 20:35:19.531 [info] > git rev-parse --show-toplevel [2ms]
2023-02-07 20:35:19.531 [info] fatal: not a git repository (or any of the parent directories): .git
2023-02-07 20:36:09.292 [info] Log level: Info
2023-02-07 20:36:09.292 [info] Validating found git in: "git"
2023-02-07 20:36:09.292 [info] Using git "2.34.1" from "git"
2023-02-07 20:36:09.292 [info] > git rev-parse --show-toplevel [39ms]
2023-02-07 20:36:09.292 [info] fatal: not a git repository (or any of the parent directories): .git
2023-02-07 20:36:22.331 [info] Log level: Info
2023-02-07 20:36:22.331 [info] Validating found git in: "git"
2023-02-07 20:36:22.331 [info] Using git "2.34.1" from "git"
2023-02-07 20:36:22.331 [info] > git rev-parse --show-toplevel [41ms]
2023-02-07 20:36:22.331 [info] fatal: not a git repository (or any of the parent directories): .git
2023-02-07 20:39:05.270 [info] > git rev-parse --show-toplevel [5ms]
2023-02-07 20:39:05.270 [info] fatal: not a git repository (or any of the parent directories): .git
2023-02-07 20:40:49.868 [info] > git rev-parse --show-toplevel [11ms]
2023-02-07 20:40:49.868 [info] fatal: not a git repository (or any of the parent directories): .git
2023-02-07 20:40:50.510 [info] > git rev-parse --show-toplevel [3ms]
2023-02-07 20:40:50.510 [info] fatal: not a git repository (or any of the parent directories): .git
