2023-02-07 20:56:39.856 [info] Added views:workbench.panel.markers.view in workbench.panel.markers
2023-02-07 20:56:39.857 [info] Added views:workbench.panel.output in workbench.panel.output
2023-02-07 20:56:39.857 [info] Added views:terminal in terminal
2023-02-07 20:56:39.857 [info] Added views:outline in workbench.view.explorer
2023-02-07 20:56:39.857 [info] Added views:workbench.scm in workbench.view.scm
2023-02-07 20:56:39.857 [info] Added views:workbench.view.search in workbench.view.search
2023-02-07 20:56:39.857 [info] Added views:timeline in workbench.view.explorer
2023-02-07 20:56:39.857 [info] Added views:workbench.explorer.fileView in workbench.view.explorer
2023-02-07 20:56:40.168 [info] Added views:gitlens.views.home in workbench.view.extension.gitlens
2023-02-07 20:56:40.178 [info] Added views:gitlens.views.commits,gitlens.views.commitDetails,gitlens.views.fileHistory,gitlens.views.branches,gitlens.views.remotes,gitlens.views.stashes,gitlens.views.tags,gitlens.views.searchAndCompare in workbench.view.scm
2023-02-07 20:56:40.182 [info] Added views:dockerContainers,dockerImages,dockerRegistries,dockerNetworks,dockerVolumes,vscode-docker.views.dockerContexts,vscode-docker.views.help in workbench.view.extension.dockerView
2023-02-07 20:56:40.183 [info] Added views:hdinsight.treeview in workbench.view.extension.azure
2023-02-07 20:56:40.559 [info] Added views:workbench.debug.welcome in workbench.view.debug
2023-02-07 20:56:40.760 [info] Added views:workbench.panel.repl.view in workbench.panel.repl
2023-02-07 20:56:41.454 [info] Added views:workbench.view.testing in workbench.view.extension.test
2023-02-07 20:56:42.477 [info] Removed views:gitlens.views.searchAndCompare,gitlens.views.tags,gitlens.views.stashes,gitlens.views.remotes,gitlens.views.branches,gitlens.views.fileHistory,gitlens.views.commitDetails,gitlens.views.commits from workbench.view.scm
2023-02-07 21:01:30.764 [info] Added views:workbench.views.extensions.installed,workbench.views.extensions.popular,extensions.recommendedList in workbench.view.extensions
2023-02-07 21:01:30.766 [info] Removed views:workbench.views.extensions.popular from workbench.view.extensions
2023-02-07 21:02:15.144 [info] Removed views:extensions.recommendedList,workbench.views.extensions.installed from workbench.view.extensions
2023-02-07 21:02:15.174 [info] Added views:workbench.views.extensions.marketplace in workbench.view.extensions
2023-02-07 21:02:18.150 [info] Removed views:workbench.views.extensions.marketplace from workbench.view.extensions
2023-02-07 21:02:18.160 [info] Added views:workbench.views.extensions.installed,extensions.recommendedList in workbench.view.extensions
2023-02-07 21:02:35.182 [info] Removed views:workbench.view.testing from workbench.view.extension.test
2023-02-07 21:02:35.789 [info] Added views:workbench.panel.markers.view in workbench.panel.markers
2023-02-07 21:02:35.789 [info] Added views:workbench.panel.output in workbench.panel.output
2023-02-07 21:02:35.789 [info] Added views:terminal in terminal
2023-02-07 21:02:35.789 [info] Added views:outline in workbench.view.explorer
2023-02-07 21:02:35.789 [info] Added views:workbench.scm in workbench.view.scm
2023-02-07 21:02:35.789 [info] Added views:workbench.view.search in workbench.view.search
2023-02-07 21:02:35.789 [info] Added views:timeline in workbench.view.explorer
2023-02-07 21:02:35.789 [info] Added views:workbench.explorer.fileView in workbench.view.explorer
2023-02-07 21:02:36.086 [info] Added views:gitlens.views.home in workbench.view.extension.gitlens
2023-02-07 21:02:36.087 [info] Added views:gitlens.views.commits,gitlens.views.commitDetails,gitlens.views.fileHistory,gitlens.views.branches,gitlens.views.remotes,gitlens.views.stashes,gitlens.views.tags,gitlens.views.searchAndCompare in workbench.view.scm
2023-02-07 21:02:36.088 [info] Added views:dockerContainers,dockerImages,dockerRegistries,dockerNetworks,dockerVolumes,vscode-docker.views.dockerContexts,vscode-docker.views.help in workbench.view.extension.dockerView
2023-02-07 21:02:36.309 [info] Added views:workbench.debug.welcome in workbench.view.debug
2023-02-07 21:02:36.360 [info] Added views:workbench.panel.repl.view in workbench.panel.repl
2023-02-07 21:02:36.916 [info] Added views:workbench.view.testing in workbench.view.extension.test
2023-02-07 21:02:37.102 [info] Removed views:gitlens.views.searchAndCompare,gitlens.views.tags,gitlens.views.stashes,gitlens.views.remotes,gitlens.views.branches,gitlens.views.fileHistory,gitlens.views.commitDetails,gitlens.views.commits from workbench.view.scm
2023-02-07 21:02:37.267 [info] Added views:workbench.views.extensions.installed,extensions.recommendedList in workbench.view.extensions
2023-02-07 21:02:57.433 [info] Removed views:workbench.view.testing from workbench.view.extension.test
2023-02-07 21:02:58.040 [info] Removed views:workbench.panel.repl.view from workbench.panel.repl
2023-02-07 21:02:58.132 [info] Added views:workbench.panel.repl.view in workbench.panel.repl
2023-02-07 21:02:58.690 [info] Added views:workbench.view.testing in workbench.view.extension.test
2023-02-07 21:03:06.409 [info] Removed views:workbench.view.testing from workbench.view.extension.test
