2023-02-07 20:14:20.334 [info] Added views:workbench.panel.markers.view in workbench.panel.markers
2023-02-07 20:14:20.334 [info] Added views:workbench.panel.output in workbench.panel.output
2023-02-07 20:14:20.334 [info] Added views:terminal in terminal
2023-02-07 20:14:20.334 [info] Added views:outline in workbench.view.explorer
2023-02-07 20:14:20.334 [info] Added views:workbench.scm in workbench.view.scm
2023-02-07 20:14:20.334 [info] Added views:workbench.view.search in workbench.view.search
2023-02-07 20:14:20.334 [info] Added views:timeline in workbench.view.explorer
2023-02-07 20:14:20.334 [info] Added views:workbench.explorer.fileView in workbench.view.explorer
2023-02-07 20:14:20.606 [info] Added views:gitlens.views.home in workbench.view.extension.gitlens
2023-02-07 20:14:20.607 [info] Added views:gitlens.views.commits,gitlens.views.commitDetails,gitlens.views.fileHistory,gitlens.views.branches,gitlens.views.remotes,gitlens.views.stashes,gitlens.views.tags,gitlens.views.searchAndCompare in workbench.view.scm
2023-02-07 20:14:20.608 [info] Added views:dockerContainers,dockerImages,dockerRegistries,dockerNetworks,dockerVolumes,vscode-docker.views.dockerContexts,vscode-docker.views.help in workbench.view.extension.dockerView
2023-02-07 20:14:20.902 [info] Added views:workbench.debug.welcome in workbench.view.debug
2023-02-07 20:14:21.010 [info] Added views:workbench.panel.repl.view in workbench.panel.repl
2023-02-07 20:14:21.686 [info] Added views:workbench.view.testing in workbench.view.extension.test
2023-02-07 20:14:21.880 [info] Removed views:gitlens.views.searchAndCompare,gitlens.views.tags,gitlens.views.stashes,gitlens.views.remotes,gitlens.views.branches,gitlens.views.fileHistory,gitlens.views.commitDetails,gitlens.views.commits from workbench.view.scm
2023-02-07 20:15:07.162 [info] Added views:workbench.views.extensions.installed,workbench.views.extensions.popular,extensions.recommendedList in workbench.view.extensions
2023-02-07 20:15:07.164 [info] Removed views:workbench.views.extensions.popular from workbench.view.extensions
2023-02-07 20:16:23.952 [info] Removed views:extensions.recommendedList,workbench.views.extensions.installed from workbench.view.extensions
2023-02-07 20:16:23.969 [info] Added views:workbench.views.extensions.marketplace in workbench.view.extensions
2023-02-07 20:17:03.619 [info] Removed views:workbench.views.extensions.marketplace from workbench.view.extensions
2023-02-07 20:17:03.631 [info] Added views:workbench.views.extensions.installed,extensions.recommendedList in workbench.view.extensions
2023-02-07 20:31:31.804 [info] Added views:workbench.views.profiles.export.preview in userDataProfiles
2023-02-07 20:32:01.891 [info] Removed views:workbench.views.profiles.export.preview from userDataProfiles
2023-02-07 20:32:18.415 [info] Removed views:workbench.view.testing from workbench.view.extension.test
2023-02-07 20:32:18.930 [info] Removed views:workbench.panel.repl.view from workbench.panel.repl
2023-02-07 20:32:19.038 [info] Added views:workbench.panel.repl.view in workbench.panel.repl
2023-02-07 20:32:19.811 [info] Added views:workbench.view.testing in workbench.view.extension.test
2023-02-07 20:32:26.931 [info] Removed views:extensions.recommendedList,workbench.views.extensions.installed from workbench.view.extensions
2023-02-07 20:32:26.943 [info] Added views:workbench.views.extensions.marketplace in workbench.view.extensions
2023-02-07 20:32:43.257 [info] Removed views:workbench.view.testing from workbench.view.extension.test
2023-02-07 20:32:43.827 [info] Added views:workbench.panel.markers.view in workbench.panel.markers
2023-02-07 20:32:43.827 [info] Added views:workbench.panel.output in workbench.panel.output
2023-02-07 20:32:43.827 [info] Added views:terminal in terminal
2023-02-07 20:32:43.827 [info] Added views:outline in workbench.view.explorer
2023-02-07 20:32:43.827 [info] Added views:workbench.scm in workbench.view.scm
2023-02-07 20:32:43.827 [info] Added views:workbench.view.search in workbench.view.search
2023-02-07 20:32:43.827 [info] Added views:timeline in workbench.view.explorer
2023-02-07 20:32:43.827 [info] Added views:workbench.explorer.fileView in workbench.view.explorer
2023-02-07 20:32:43.982 [info] Added views:workbench.debug.welcome in workbench.view.debug
2023-02-07 20:32:44.152 [info] Added views:gitlens.views.home in workbench.view.extension.gitlens
2023-02-07 20:32:44.153 [info] Added views:gitlens.views.commits,gitlens.views.commitDetails,gitlens.views.fileHistory,gitlens.views.branches,gitlens.views.remotes,gitlens.views.stashes,gitlens.views.tags,gitlens.views.searchAndCompare in workbench.view.scm
2023-02-07 20:32:44.153 [info] Added views:dockerContainers,dockerImages,dockerRegistries,dockerNetworks,dockerVolumes,vscode-docker.views.dockerContexts,vscode-docker.views.help in workbench.view.extension.dockerView
2023-02-07 20:32:44.442 [info] Added views:workbench.panel.repl.view in workbench.panel.repl
2023-02-07 20:32:44.749 [info] Removed views:gitlens.views.searchAndCompare,gitlens.views.tags,gitlens.views.stashes,gitlens.views.remotes,gitlens.views.branches,gitlens.views.fileHistory,gitlens.views.commitDetails,gitlens.views.commits from workbench.view.scm
2023-02-07 20:32:45.051 [info] Added views:workbench.views.extensions.installed,extensions.recommendedList in workbench.view.extensions
2023-02-07 20:33:02.226 [info] Added views:cell-tag in workbench.view.extension.jupyter
2023-02-07 20:33:02.716 [info] Added views:workbench.view.testing in workbench.view.extension.test
2023-02-07 20:33:09.277 [info] Removed views:extensions.recommendedList,workbench.views.extensions.installed from workbench.view.extensions
2023-02-07 20:33:09.306 [info] Added views:workbench.views.extensions.marketplace in workbench.view.extensions
2023-02-07 20:34:22.226 [info] Added views:pythonEnvironments in workbench.view.extension.package-explorer
2023-02-07 20:36:07.807 [info] Removed views:workbench.view.testing from workbench.view.extension.test
2023-02-07 20:36:08.113 [info] Removed views:cell-tag from workbench.view.extension.jupyter
2023-02-07 20:36:08.116 [info] Added views:cell-tag in workbench.view.explorer
2023-02-07 20:36:08.131 [info] Removed views:pythonEnvironments from workbench.view.extension.package-explorer
2023-02-07 20:36:08.135 [info] Added views:pythonEnvironments in workbench.view.explorer
2023-02-07 20:36:08.152 [info] Removed views:cell-tag,pythonEnvironments from workbench.view.explorer
2023-02-07 20:36:08.632 [info] Removed views:workbench.panel.repl.view from workbench.panel.repl
2023-02-07 20:36:08.711 [info] Added views:workbench.panel.repl.view in workbench.panel.repl
2023-02-07 20:36:09.311 [info] Added views:workbench.view.testing in workbench.view.extension.test
2023-02-07 20:36:21.182 [info] Removed views:workbench.view.testing from workbench.view.extension.test
2023-02-07 20:36:21.719 [info] Removed views:workbench.panel.repl.view from workbench.panel.repl
2023-02-07 20:36:21.784 [info] Added views:workbench.panel.repl.view in workbench.panel.repl
2023-02-07 20:36:22.346 [info] Added views:workbench.view.testing in workbench.view.extension.test
2023-02-07 20:38:28.366 [info] Removed views:workbench.views.extensions.marketplace from workbench.view.extensions
2023-02-07 20:38:28.378 [info] Added views:workbench.views.extensions.installed,extensions.recommendedList in workbench.view.extensions
2023-02-07 20:38:58.455 [info] Removed views:extensions.recommendedList,workbench.views.extensions.installed from workbench.view.extensions
2023-02-07 20:38:58.472 [info] Added views:workbench.views.extensions.marketplace in workbench.view.extensions
2023-02-07 20:39:24.665 [info] Removed views:workbench.views.extensions.marketplace from workbench.view.extensions
2023-02-07 20:39:24.677 [info] Added views:workbench.views.extensions.installed,extensions.recommendedList in workbench.view.extensions
2023-02-07 20:39:31.047 [info] Removed views:extensions.recommendedList,workbench.views.extensions.installed from workbench.view.extensions
2023-02-07 20:39:31.065 [info] Added views:workbench.views.extensions.marketplace in workbench.view.extensions
2023-02-07 20:39:53.291 [info] Removed views:workbench.views.extensions.marketplace from workbench.view.extensions
2023-02-07 20:39:53.297 [info] Added views:workbench.views.extensions.installed,extensions.recommendedList in workbench.view.extensions
2023-02-07 20:40:02.312 [info] Removed views:extensions.recommendedList,workbench.views.extensions.installed from workbench.view.extensions
2023-02-07 20:40:02.350 [info] Added views:workbench.views.extensions.marketplace in workbench.view.extensions
2023-02-07 20:40:49.693 [info] Removed views:workbench.views.extensions.marketplace from workbench.view.extensions
2023-02-07 20:40:49.706 [info] Added views:workbench.views.extensions.installed,extensions.recommendedList in workbench.view.extensions
2023-02-07 20:40:49.902 [info] Added views:hdinsight.treeview in workbench.view.extension.azure
2023-02-07 20:42:45.930 [info] Removed views:workbench.view.testing from workbench.view.extension.test
