2023-02-07 19:40:04.767 [warning] Via 'product.json#extensionEnabledApiProposals' extension 'github.vscode-pull-request-github' wants API proposal 'commentsResolvedState' but that proposal DOES NOT EXIST. Likely, the proposal has been finalized (check 'vscode.d.ts') or was abandoned.
2023-02-07 19:40:06.591 [error] ENOENT: no such file or directory, open '/home/carlos/.config/Code/User/globalStorage/vscodevim.vim/.registers': Error: ENOENT: no such file or directory, open '/home/carlos/.config/Code/User/globalStorage/vscodevim.vim/.registers'
2023-02-07 19:40:07.758 [info] [perf] Render performance baseline is 26ms
2023-02-07 20:00:52.829 [warning] Via 'product.json#extensionEnabledApiProposals' extension 'github.vscode-pull-request-github' wants API proposal 'commentsResolvedState' but that proposal DOES NOT EXIST. Likely, the proposal has been finalized (check 'vscode.d.ts') or was abandoned.
2023-02-07 20:00:55.275 [error] ENOENT: no such file or directory, open '/home/carlos/.config/Code/User/globalStorage/vscodevim.vim/.registers': Error: ENOENT: no such file or directory, open '/home/carlos/.config/Code/User/globalStorage/vscodevim.vim/.registers'
2023-02-07 20:00:55.979 [info] [perf] Render performance baseline is 27ms
2023-02-07 20:01:27.958 [warning] [File Watcher (node.js)] Watcher shutdown because watched path got deleted
2023-02-07 20:01:39.400 [error] Git error
2023-02-07 20:04:17.070 [error] name must not be falsy: Error: name must not be falsy
    at Function.validate (/usr/share/code/resources/app/out/vs/workbench/api/node/extensionHostProcess.js:94:25923)
    at new t (/usr/share/code/resources/app/out/vs/workbench/api/node/extensionHostProcess.js:94:26218)
    at K (/usr/share/code/resources/app/extensions/json-language-features/client/dist/node/jsonClientMain.js:2:1374109)
    at p (/usr/share/code/resources/app/extensions/json-language-features/client/dist/node/jsonClientMain.js:2:1412109)
    at Object.t.map (/usr/share/code/resources/app/extensions/json-language-features/client/dist/node/jsonClientMain.js:2:1412195)
    at Object.asDocumentSymbols (/usr/share/code/resources/app/extensions/json-language-features/client/dist/node/jsonClientMain.js:2:1381927)
    at i (/usr/share/code/resources/app/extensions/json-language-features/client/dist/node/jsonClientMain.js:2:1320545)
    at i.provideDocumentSymbols (/usr/share/code/resources/app/out/vs/workbench/api/node/extensionHostProcess.js:98:32441)
2023-02-07 20:04:21.859 [error] name must not be falsy: Error: name must not be falsy
    at Function.validate (/usr/share/code/resources/app/out/vs/workbench/api/node/extensionHostProcess.js:94:25923)
    at new t (/usr/share/code/resources/app/out/vs/workbench/api/node/extensionHostProcess.js:94:26218)
    at K (/usr/share/code/resources/app/extensions/json-language-features/client/dist/node/jsonClientMain.js:2:1374109)
    at p (/usr/share/code/resources/app/extensions/json-language-features/client/dist/node/jsonClientMain.js:2:1412109)
    at Object.t.map (/usr/share/code/resources/app/extensions/json-language-features/client/dist/node/jsonClientMain.js:2:1412195)
    at Object.asDocumentSymbols (/usr/share/code/resources/app/extensions/json-language-features/client/dist/node/jsonClientMain.js:2:1381927)
    at i (/usr/share/code/resources/app/extensions/json-language-features/client/dist/node/jsonClientMain.js:2:1320545)
    at i.provideDocumentSymbols (/usr/share/code/resources/app/out/vs/workbench/api/node/extensionHostProcess.js:98:32441)
2023-02-07 20:07:26.482 [error] write after end: Error: write after end
    at new NodeError (node:internal/errors:371:5)
    at _write (node:internal/streams/writable:319:11)
    at Socket.Writable.write (node:internal/streams/writable:334:10)
    at /home/carlos/.vscode/extensions/ms-python.isort-2022.8.0/dist/extension.js:1:127515
    at new Promise (<anonymous>)
    at u.write (/home/carlos/.vscode/extensions/ms-python.isort-2022.8.0/dist/extension.js:1:127433)
    at m.doWrite (/home/carlos/.vscode/extensions/ms-python.isort-2022.8.0/dist/extension.js:1:117037)
    at /home/carlos/.vscode/extensions/ms-python.isort-2022.8.0/dist/extension.js:1:116932
    at runNextTicks (node:internal/process/task_queues:61:5)
    at processImmediate (node:internal/timers:437:9)
2023-02-07 20:08:53.828 [error] write after end: Error: write after end
    at new NodeError (node:internal/errors:371:5)
    at _write (node:internal/streams/writable:319:11)
    at Socket.Writable.write (node:internal/streams/writable:334:10)
    at /home/carlos/.vscode/extensions/ms-python.isort-2022.8.0/dist/extension.js:1:127515
    at new Promise (<anonymous>)
    at u.write (/home/carlos/.vscode/extensions/ms-python.isort-2022.8.0/dist/extension.js:1:127433)
    at m.doWrite (/home/carlos/.vscode/extensions/ms-python.isort-2022.8.0/dist/extension.js:1:117037)
    at /home/carlos/.vscode/extensions/ms-python.isort-2022.8.0/dist/extension.js:1:116932
    at runNextTicks (node:internal/process/task_queues:61:5)
    at processImmediate (node:internal/timers:437:9)
2023-02-07 20:10:15.137 [error] [Extension Host] Error: Unexpected SIGPIPE
    at process.<anonymous> (/usr/share/code/resources/app/out/bootstrap.js:1:419)
    at process.emit (node:events:526:28)
