2023-02-07 19:40:04.976 [info] Added views:workbench.panel.markers.view in workbench.panel.markers
2023-02-07 19:40:04.976 [info] Added views:workbench.panel.output in workbench.panel.output
2023-02-07 19:40:04.976 [info] Added views:terminal in terminal
2023-02-07 19:40:04.976 [info] Added views:outline in workbench.view.explorer
2023-02-07 19:40:04.976 [info] Added views:workbench.scm in workbench.view.scm
2023-02-07 19:40:04.976 [info] Added views:workbench.view.search in workbench.view.search
2023-02-07 19:40:04.976 [info] Added views:timeline in workbench.view.explorer
2023-02-07 19:40:04.976 [info] Added views:workbench.explorer.fileView in workbench.view.explorer
2023-02-07 19:40:05.426 [info] Added views:workbench.debug.welcome in workbench.view.debug
2023-02-07 19:40:05.458 [info] Added views:workbench.panel.repl.view in workbench.panel.repl
2023-02-07 19:40:08.357 [info] Added views:workbench.views.extensions.installed,workbench.views.extensions.popular,extensions.recommendedList in workbench.view.extensions
2023-02-07 19:40:08.357 [info] Removed views:workbench.views.extensions.popular from workbench.view.extensions
2023-02-07 19:50:35.703 [info] Removed views:extensions.recommendedList,workbench.views.extensions.installed from workbench.view.extensions
2023-02-07 19:50:35.720 [info] Added views:workbench.views.extensions.marketplace in workbench.view.extensions
2023-02-07 19:51:21.772 [info] Removed views:workbench.views.extensions.marketplace from workbench.view.extensions
2023-02-07 19:51:21.781 [info] Added views:workbench.views.extensions.installed,extensions.recommendedList in workbench.view.extensions
2023-02-07 19:51:23.071 [info] Removed views:extensions.recommendedList,workbench.views.extensions.installed from workbench.view.extensions
2023-02-07 19:51:23.082 [info] Added views:workbench.views.extensions.marketplace in workbench.view.extensions
2023-02-07 19:51:30.513 [info] Added views:dockerContainers,dockerImages,dockerRegistries,dockerNetworks,dockerVolumes,vscode-docker.views.dockerContexts,vscode-docker.views.help in workbench.view.extension.dockerView
2023-02-07 19:56:04.046 [info] Added views:cell-tag in workbench.view.extension.jupyter
2023-02-07 19:56:04.651 [info] Added views:workbench.view.testing in workbench.view.extension.test
2023-02-07 19:56:15.885 [info] Removed views:workbench.views.extensions.marketplace from workbench.view.extensions
2023-02-07 19:56:15.897 [info] Added views:workbench.views.extensions.installed,extensions.recommendedList in workbench.view.extensions
2023-02-07 19:56:26.371 [info] Removed views:cell-tag from workbench.view.extension.jupyter
2023-02-07 19:56:26.381 [info] Added views:cell-tag in workbench.view.explorer
2023-02-07 19:56:27.101 [info] Removed views:cell-tag from workbench.view.explorer
2023-02-07 19:57:18.240 [info] Added views:gitlens.views.home in workbench.view.extension.gitlens
2023-02-07 19:57:18.241 [info] Added views:gitlens.views.commits,gitlens.views.commitDetails,gitlens.views.fileHistory,gitlens.views.branches,gitlens.views.remotes,gitlens.views.stashes,gitlens.views.tags,gitlens.views.searchAndCompare in workbench.view.scm
2023-02-07 19:57:18.758 [info] Added views:gitlens.views.timeline in workbench.view.extension.gitlensPanel
2023-02-07 19:57:18.759 [info] Added views:gitlens.views.worktrees in workbench.view.scm
2023-02-07 19:57:18.906 [info] Removed views:gitlens.views.searchAndCompare,gitlens.views.worktrees,gitlens.views.tags,gitlens.views.stashes,gitlens.views.remotes,gitlens.views.branches,gitlens.views.fileHistory,gitlens.views.commitDetails,gitlens.views.commits from workbench.view.scm
2023-02-07 19:57:18.907 [info] Removed views:gitlens.views.timeline from workbench.view.extension.gitlensPanel
2023-02-07 19:59:43.885 [info] Added views:gitlens.views.timeline in workbench.view.extension.gitlensPanel
2023-02-07 19:59:43.886 [info] Added views:gitlens.views.commits,gitlens.views.commitDetails,gitlens.views.fileHistory,gitlens.views.branches,gitlens.views.remotes,gitlens.views.stashes,gitlens.views.tags,gitlens.views.worktrees,gitlens.views.searchAndCompare in workbench.view.scm
2023-02-07 20:00:52.440 [info] Removed views:workbench.view.testing from workbench.view.extension.test
2023-02-07 20:00:53.057 [info] Added views:workbench.panel.markers.view in workbench.panel.markers
2023-02-07 20:00:53.057 [info] Added views:workbench.panel.output in workbench.panel.output
2023-02-07 20:00:53.057 [info] Added views:terminal in terminal
2023-02-07 20:00:53.057 [info] Added views:outline in workbench.view.explorer
2023-02-07 20:00:53.057 [info] Added views:workbench.scm in workbench.view.scm
2023-02-07 20:00:53.057 [info] Added views:workbench.view.search in workbench.view.search
2023-02-07 20:00:53.057 [info] Added views:timeline in workbench.view.explorer
2023-02-07 20:00:53.057 [info] Added views:workbench.explorer.fileView in workbench.view.explorer
2023-02-07 20:00:53.192 [info] Added views:workbench.debug.welcome in workbench.view.debug
2023-02-07 20:00:53.450 [info] Added views:dockerContainers,dockerImages,dockerRegistries,dockerNetworks,dockerVolumes,vscode-docker.views.dockerContexts,vscode-docker.views.help in workbench.view.extension.dockerView
2023-02-07 20:00:53.783 [info] Added views:workbench.panel.repl.view in workbench.panel.repl
2023-02-07 20:00:54.240 [info] Added views:workbench.view.testing in workbench.view.extension.test
2023-02-07 20:00:54.777 [info] Added views:workbench.views.extensions.installed,extensions.recommendedList in workbench.view.extensions
2023-02-07 20:01:09.538 [info] Added views:gitlens.views.home in workbench.view.extension.gitlens
2023-02-07 20:01:09.550 [info] Added views:gitlens.views.commits,gitlens.views.commitDetails,gitlens.views.fileHistory,gitlens.views.branches,gitlens.views.remotes,gitlens.views.stashes,gitlens.views.tags,gitlens.views.searchAndCompare in workbench.view.scm
2023-02-07 20:01:09.877 [info] Added views:gitlens.views.timeline in workbench.view.extension.gitlensPanel
2023-02-07 20:01:09.879 [info] Added views:gitlens.views.worktrees in workbench.view.scm
2023-02-07 20:01:39.361 [info] Removed views:gitlens.views.searchAndCompare,gitlens.views.worktrees,gitlens.views.tags,gitlens.views.stashes,gitlens.views.remotes,gitlens.views.branches,gitlens.views.fileHistory,gitlens.views.commitDetails,gitlens.views.commits from workbench.view.scm
2023-02-07 20:01:39.361 [info] Removed views:gitlens.views.timeline from workbench.view.extension.gitlensPanel
2023-02-07 20:01:53.060 [info] Removed views:extensions.recommendedList,workbench.views.extensions.installed from workbench.view.extensions
2023-02-07 20:01:53.075 [info] Added views:workbench.views.extensions.marketplace in workbench.view.extensions
2023-02-07 20:01:56.972 [info] Removed views:workbench.views.extensions.marketplace from workbench.view.extensions
2023-02-07 20:01:56.981 [info] Added views:workbench.views.extensions.installed,extensions.recommendedList in workbench.view.extensions
2023-02-07 20:14:16.462 [info] Removed views:workbench.view.testing from workbench.view.extension.test
