2023-02-07 19:40:05.390 [info] Extension host with pid 28479 started
2023-02-07 19:40:05.390 [info] Skipping acquiring lock for /home/carlos/.config/Code/User/workspaceStorage/394455972da8576fd7e87f7b22d32c48.
2023-02-07 19:40:05.456 [info] ExtensionService#_doActivateExtension vscode.emmet, startup: false, activationEvent: 'onLanguage'
2023-02-07 19:40:05.467 [info] ExtensionService#_doActivateExtension vscode.git-base, startup: true, activationEvent: '*', root cause: vscode.git
2023-02-07 19:40:05.470 [info] ExtensionService#_doActivateExtension vscodevim.vim, startup: true, activationEvent: '*'
2023-02-07 19:40:05.594 [info] ExtensionService#_doActivateExtension vscode.git, startup: true, activationEvent: '*'
2023-02-07 19:40:05.622 [info] ExtensionService#_doActivateExtension vscode.github, startup: true, activationEvent: '*'
2023-02-07 19:40:05.688 [info] Eager extensions activated
2023-02-07 19:40:05.702 [info] ExtensionService#_doActivateExtension vscode.debug-auto-launch, startup: false, activationEvent: 'onStartupFinished'
2023-02-07 19:40:05.704 [info] ExtensionService#_doActivateExtension vscode.merge-conflict, startup: false, activationEvent: 'onStartupFinished'
2023-02-07 19:40:05.719 [info] ExtensionService#_doActivateExtension vscode-icons-team.vscode-icons, startup: false, activationEvent: 'onStartupFinished'
2023-02-07 19:40:06.066 [info] ExtensionService#_doActivateExtension vscode.github-authentication, startup: false, activationEvent: 'onAuthenticationRequest:github'
2023-02-07 19:40:06.124 [info] ExtensionService#_doActivateExtension vscode.microsoft-authentication, startup: false, activationEvent: 'onAuthenticationRequest:microsoft'
2023-02-07 19:40:06.589 [error] Error: ENOENT: no such file or directory, open '/home/carlos/.config/Code/User/globalStorage/vscodevim.vim/.registers'
2023-02-07 19:40:37.597 [info] ExtensionService#_doActivateExtension vscode.configuration-editing, startup: false, activationEvent: 'onLanguage:jsonc'
2023-02-07 19:40:37.603 [info] ExtensionService#_doActivateExtension vscode.json-language-features, startup: false, activationEvent: 'onLanguage:jsonc'
2023-02-07 19:40:37.638 [info] ExtensionService#_doActivateExtension vscode.typescript-language-features, startup: false, activationEvent: 'onLanguage:jsonc'
2023-02-07 19:51:33.231 [info] ExtensionService#_doActivateExtension ms-azuretools.vscode-docker, startup: false, activationEvent: 'onView:dockerContainers'
2023-02-07 19:56:04.190 [info] ExtensionService#_doActivateExtension ms-python.python, startup: false, activationEvent: 'workspaceContains:*.py', root cause: ms-python.isort
2023-02-07 19:56:04.688 [info] ExtensionService#_doActivateExtension ms-python.isort, startup: false, activationEvent: 'workspaceContains:*.py'
2023-02-07 19:57:18.513 [info] ExtensionService#_doActivateExtension eamodio.gitlens, startup: false, activationEvent: 'onStartupFinished'
2023-02-07 19:58:56.848 [info] ExtensionService#_doActivateExtension vscode.simple-browser, startup: false, activationEvent: 'onOpenExternalUri:https'
2023-02-07 20:00:37.135 [info] ExtensionService#_doActivateExtension ms-python.vscode-pylance, startup: false, activationEvent: 'onLanguage:python'
2023-02-07 20:00:52.405 [info] Extension host terminating: renderer closed the MessagePort
2023-02-07 20:00:52.438 [warning] {"name":"Canceled"}
2023-02-07 20:00:52.440 [error] Canceled: Canceled
    at new u (/usr/share/code/resources/app/out/vs/workbench/api/node/extensionHostProcess.js:96:88070)
    at l.O (/usr/share/code/resources/app/out/vs/workbench/api/node/extensionHostProcess.js:106:11276)
    at Proxy.V.<computed>.M.charCodeAt.V.<computed> (/usr/share/code/resources/app/out/vs/workbench/api/node/extensionHostProcess.js:106:8557)
    at s.g (/usr/share/code/resources/app/out/vs/workbench/api/node/extensionHostProcess.js:96:107430)
    at s.executeCommand (/usr/share/code/resources/app/out/vs/workbench/api/node/extensionHostProcess.js:96:106806)
    at w.registerCommand.description (/usr/share/code/resources/app/out/vs/workbench/api/node/extensionHostProcess.js:96:106099)
    at s.h (/usr/share/code/resources/app/out/vs/workbench/api/node/extensionHostProcess.js:96:108016)
    at s.g (/usr/share/code/resources/app/out/vs/workbench/api/node/extensionHostProcess.js:96:106906)
    at s.executeCommand (/usr/share/code/resources/app/out/vs/workbench/api/node/extensionHostProcess.js:96:106806)
    at Object.executeCommand (/usr/share/code/resources/app/out/vs/workbench/api/node/extensionHostProcess.js:117:30778)
    at D (/usr/share/code/resources/app/extensions/git/dist/main.js:2:2055373)
    at f.invoke (/usr/share/code/resources/app/out/vs/workbench/api/node/extensionHostProcess.js:63:145)
    at g.deliver (/usr/share/code/resources/app/out/vs/workbench/api/node/extensionHostProcess.js:63:2029)
    at d.fire (/usr/share/code/resources/app/out/vs/workbench/api/node/extensionHostProcess.js:63:1667)
    at Object.h [as dispose] (/usr/share/code/resources/app/extensions/git/dist/main.js:2:2070210)
    at /usr/share/code/resources/app/extensions/git/dist/main.js:2:2074183
    at Array.forEach (<anonymous>)
    at g.dispose (/usr/share/code/resources/app/extensions/git/dist/main.js:2:2074169)
    at C.<anonymous> (/usr/share/code/resources/app/out/vs/workbench/api/node/extensionHostProcess.js:94:12431)
    at C.dispose (/usr/share/code/resources/app/out/vs/workbench/api/node/extensionHostProcess.js:94:12566)
    at C.<anonymous> (/usr/share/code/resources/app/extensions/git/dist/main.js:2:2057503)
    at C.dispose (/usr/share/code/resources/app/out/vs/workbench/api/node/extensionHostProcess.js:94:12566)
    at T (/usr/share/code/resources/app/out/vs/workbench/api/node/extensionHostProcess.js:10:12072)
    at f.X (/usr/share/code/resources/app/out/vs/workbench/api/node/extensionHostProcess.js:108:11242)
    at /usr/share/code/resources/app/out/vs/workbench/api/node/extensionHostProcess.js:108:9037
    at Array.map (<anonymous>)
    at f.Q (/usr/share/code/resources/app/out/vs/workbench/api/node/extensionHostProcess.js:108:9024)
    at f.terminate (/usr/share/code/resources/app/out/vs/workbench/api/node/extensionHostProcess.js:108:9298)
    at h.terminate (/usr/share/code/resources/app/out/vs/workbench/api/node/extensionHostProcess.js:112:1397)
    at p (/usr/share/code/resources/app/out/vs/workbench/api/node/extensionHostProcess.js:122:17851)
    at MessagePortMain.<anonymous> (/usr/share/code/resources/app/out/vs/workbench/api/node/extensionHostProcess.js:122:13990)
    at MessagePortMain.emit (node:events:526:28)
    at Object.MessagePortMain._internalPort.emit (node:electron/js2c/utility_init:5:364) setContext undefined
2023-02-07 20:00:52.441 [error] Canceled: Canceled
    at new u (/usr/share/code/resources/app/out/vs/workbench/api/node/extensionHostProcess.js:96:88070)
    at l.O (/usr/share/code/resources/app/out/vs/workbench/api/node/extensionHostProcess.js:106:11276)
    at Proxy.V.<computed>.M.charCodeAt.V.<computed> (/usr/share/code/resources/app/out/vs/workbench/api/node/extensionHostProcess.js:106:8557)
    at s.g (/usr/share/code/resources/app/out/vs/workbench/api/node/extensionHostProcess.js:96:107430)
    at s.executeCommand (/usr/share/code/resources/app/out/vs/workbench/api/node/extensionHostProcess.js:96:106806)
    at w.registerCommand.description (/usr/share/code/resources/app/out/vs/workbench/api/node/extensionHostProcess.js:96:106099)
    at s.h (/usr/share/code/resources/app/out/vs/workbench/api/node/extensionHostProcess.js:96:108016)
    at s.g (/usr/share/code/resources/app/out/vs/workbench/api/node/extensionHostProcess.js:96:106906)
    at s.executeCommand (/usr/share/code/resources/app/out/vs/workbench/api/node/extensionHostProcess.js:96:106806)
    at Object.executeCommand (/usr/share/code/resources/app/out/vs/workbench/api/node/extensionHostProcess.js:117:30778)
    at setContext (/home/carlos/.vscode/extensions/eamodio.gitlens-13.2.0/dist/gitlens.js:205:24554)
    at Ie.setEnabledContext (/home/carlos/.vscode/extensions/eamodio.gitlens-13.2.0/dist/gitlens.js:14:16757)
    at Ie.Q.<computed> (/home/carlos/.vscode/extensions/eamodio.gitlens-13.2.0/dist/gitlens.js:218:20049)
    at Ie.updateContext (/home/carlos/.vscode/extensions/eamodio.gitlens-13.2.0/dist/gitlens.js:14:17049)
    at /home/carlos/.vscode/extensions/eamodio.gitlens-13.2.0/dist/gitlens.js:14:10703
    at f.invoke (/usr/share/code/resources/app/out/vs/workbench/api/node/extensionHostProcess.js:63:145)
    at g.deliver (/usr/share/code/resources/app/out/vs/workbench/api/node/extensionHostProcess.js:63:2029)
    at d.fire (/usr/share/code/resources/app/out/vs/workbench/api/node/extensionHostProcess.js:63:1667)
    at Je.onRepositoryChanged (/home/carlos/.vscode/extensions/eamodio.gitlens-13.2.0/dist/gitlens.js:16:10610)
    at Object.fireChange (/home/carlos/.vscode/extensions/eamodio.gitlens-13.2.0/dist/gitlens.js:205:297748)
    at Object.Q.<computed> (/home/carlos/.vscode/extensions/eamodio.gitlens-13.2.0/dist/gitlens.js:218:20049)
    at Object.set closed [as closed] (/home/carlos/.vscode/extensions/eamodio.gitlens-13.2.0/dist/gitlens.js:205:288182)
    at /home/carlos/.vscode/extensions/eamodio.gitlens-13.2.0/dist/gitlens.js:14:10957
    at f.invoke (/usr/share/code/resources/app/out/vs/workbench/api/node/extensionHostProcess.js:63:145)
    at g.deliver (/usr/share/code/resources/app/out/vs/workbench/api/node/extensionHostProcess.js:63:2029)
    at d.fire (/usr/share/code/resources/app/out/vs/workbench/api/node/extensionHostProcess.js:63:1667)
    at /home/carlos/.vscode/extensions/eamodio.gitlens-13.2.0/dist/gitlens.js:16:11031
    at /usr/share/code/resources/app/extensions/git/dist/main.js:2:2141117
    at f.invoke (/usr/share/code/resources/app/out/vs/workbench/api/node/extensionHostProcess.js:63:145)
    at g.deliver (/usr/share/code/resources/app/out/vs/workbench/api/node/extensionHostProcess.js:63:2029)
    at d.fire (/usr/share/code/resources/app/out/vs/workbench/api/node/extensionHostProcess.js:63:1667)
    at Object.h [as dispose] (/usr/share/code/resources/app/extensions/git/dist/main.js:2:2070210)
    at /usr/share/code/resources/app/extensions/git/dist/main.js:2:2074183
    at Array.forEach (<anonymous>)
    at g.dispose (/usr/share/code/resources/app/extensions/git/dist/main.js:2:2074169)
    at C.<anonymous> (/usr/share/code/resources/app/out/vs/workbench/api/node/extensionHostProcess.js:94:12431)
    at C.dispose (/usr/share/code/resources/app/out/vs/workbench/api/node/extensionHostProcess.js:94:12566)
    at C.<anonymous> (/usr/share/code/resources/app/extensions/git/dist/main.js:2:2057503)
    at C.dispose (/usr/share/code/resources/app/out/vs/workbench/api/node/extensionHostProcess.js:94:12566)
    at T (/usr/share/code/resources/app/out/vs/workbench/api/node/extensionHostProcess.js:10:12072)
    at f.X (/usr/share/code/resources/app/out/vs/workbench/api/node/extensionHostProcess.js:108:11242)
    at /usr/share/code/resources/app/out/vs/workbench/api/node/extensionHostProcess.js:108:9037
    at Array.map (<anonymous>)
    at f.Q (/usr/share/code/resources/app/out/vs/workbench/api/node/extensionHostProcess.js:108:9024)
    at f.terminate (/usr/share/code/resources/app/out/vs/workbench/api/node/extensionHostProcess.js:108:9298)
    at h.terminate (/usr/share/code/resources/app/out/vs/workbench/api/node/extensionHostProcess.js:112:1397)
    at p (/usr/share/code/resources/app/out/vs/workbench/api/node/extensionHostProcess.js:122:17851)
    at MessagePortMain.<anonymous> (/usr/share/code/resources/app/out/vs/workbench/api/node/extensionHostProcess.js:122:13990)
    at MessagePortMain.emit (node:events:526:28)
    at Object.MessagePortMain._internalPort.emit (node:electron/js2c/utility_init:5:364) setContext undefined
2023-02-07 20:00:52.442 [error] Canceled: Canceled
    at new u (/usr/share/code/resources/app/out/vs/workbench/api/node/extensionHostProcess.js:96:88070)
    at l.O (/usr/share/code/resources/app/out/vs/workbench/api/node/extensionHostProcess.js:106:11276)
    at Proxy.V.<computed>.M.charCodeAt.V.<computed> (/usr/share/code/resources/app/out/vs/workbench/api/node/extensionHostProcess.js:106:8557)
    at s.g (/usr/share/code/resources/app/out/vs/workbench/api/node/extensionHostProcess.js:96:107430)
    at s.executeCommand (/usr/share/code/resources/app/out/vs/workbench/api/node/extensionHostProcess.js:96:106806)
    at w.registerCommand.description (/usr/share/code/resources/app/out/vs/workbench/api/node/extensionHostProcess.js:96:106099)
    at s.h (/usr/share/code/resources/app/out/vs/workbench/api/node/extensionHostProcess.js:96:108016)
    at s.g (/usr/share/code/resources/app/out/vs/workbench/api/node/extensionHostProcess.js:96:106906)
    at s.executeCommand (/usr/share/code/resources/app/out/vs/workbench/api/node/extensionHostProcess.js:96:106806)
    at Object.executeCommand (/usr/share/code/resources/app/out/vs/workbench/api/node/extensionHostProcess.js:117:30778)
    at setContext (/home/carlos/.vscode/extensions/eamodio.gitlens-13.2.0/dist/gitlens.js:205:24554)
    at Ie.setEnabledContext (/home/carlos/.vscode/extensions/eamodio.gitlens-13.2.0/dist/gitlens.js:14:16845)
    at Ie.Q.<computed> (/home/carlos/.vscode/extensions/eamodio.gitlens-13.2.0/dist/gitlens.js:218:20049)
    at Ie.updateContext (/home/carlos/.vscode/extensions/eamodio.gitlens-13.2.0/dist/gitlens.js:14:17049)
    at /home/carlos/.vscode/extensions/eamodio.gitlens-13.2.0/dist/gitlens.js:14:10703
    at f.invoke (/usr/share/code/resources/app/out/vs/workbench/api/node/extensionHostProcess.js:63:145)
    at g.deliver (/usr/share/code/resources/app/out/vs/workbench/api/node/extensionHostProcess.js:63:2029)
    at d.fire (/usr/share/code/resources/app/out/vs/workbench/api/node/extensionHostProcess.js:63:1667)
    at Je.onRepositoryChanged (/home/carlos/.vscode/extensions/eamodio.gitlens-13.2.0/dist/gitlens.js:16:10610)
    at Object.fireChange (/home/carlos/.vscode/extensions/eamodio.gitlens-13.2.0/dist/gitlens.js:205:297748)
    at Object.Q.<computed> (/home/carlos/.vscode/extensions/eamodio.gitlens-13.2.0/dist/gitlens.js:218:20049)
    at Object.set closed [as closed] (/home/carlos/.vscode/extensions/eamodio.gitlens-13.2.0/dist/gitlens.js:205:288182)
    at /home/carlos/.vscode/extensions/eamodio.gitlens-13.2.0/dist/gitlens.js:14:10957
    at f.invoke (/usr/share/code/resources/app/out/vs/workbench/api/node/extensionHostProcess.js:63:145)
    at g.deliver (/usr/share/code/resources/app/out/vs/workbench/api/node/extensionHostProcess.js:63:2029)
    at d.fire (/usr/share/code/resources/app/out/vs/workbench/api/node/extensionHostProcess.js:63:1667)
    at /home/carlos/.vscode/extensions/eamodio.gitlens-13.2.0/dist/gitlens.js:16:11031
    at /usr/share/code/resources/app/extensions/git/dist/main.js:2:2141117
    at f.invoke (/usr/share/code/resources/app/out/vs/workbench/api/node/extensionHostProcess.js:63:145)
    at g.deliver (/usr/share/code/resources/app/out/vs/workbench/api/node/extensionHostProcess.js:63:2029)
    at d.fire (/usr/share/code/resources/app/out/vs/workbench/api/node/extensionHostProcess.js:63:1667)
    at Object.h [as dispose] (/usr/share/code/resources/app/extensions/git/dist/main.js:2:2070210)
    at /usr/share/code/resources/app/extensions/git/dist/main.js:2:2074183
    at Array.forEach (<anonymous>)
    at g.dispose (/usr/share/code/resources/app/extensions/git/dist/main.js:2:2074169)
    at C.<anonymous> (/usr/share/code/resources/app/out/vs/workbench/api/node/extensionHostProcess.js:94:12431)
    at C.dispose (/usr/share/code/resources/app/out/vs/workbench/api/node/extensionHostProcess.js:94:12566)
    at C.<anonymous> (/usr/share/code/resources/app/extensions/git/dist/main.js:2:2057503)
    at C.dispose (/usr/share/code/resources/app/out/vs/workbench/api/node/extensionHostProcess.js:94:12566)
    at T (/usr/share/code/resources/app/out/vs/workbench/api/node/extensionHostProcess.js:10:12072)
    at f.X (/usr/share/code/resources/app/out/vs/workbench/api/node/extensionHostProcess.js:108:11242)
    at /usr/share/code/resources/app/out/vs/workbench/api/node/extensionHostProcess.js:108:9037
    at Array.map (<anonymous>)
    at f.Q (/usr/share/code/resources/app/out/vs/workbench/api/node/extensionHostProcess.js:108:9024)
    at f.terminate (/usr/share/code/resources/app/out/vs/workbench/api/node/extensionHostProcess.js:108:9298)
    at h.terminate (/usr/share/code/resources/app/out/vs/workbench/api/node/extensionHostProcess.js:112:1397)
    at p (/usr/share/code/resources/app/out/vs/workbench/api/node/extensionHostProcess.js:122:17851)
    at MessagePortMain.<anonymous> (/usr/share/code/resources/app/out/vs/workbench/api/node/extensionHostProcess.js:122:13990)
    at MessagePortMain.emit (node:events:526:28)
    at Object.MessagePortMain._internalPort.emit (node:electron/js2c/utility_init:5:364) setContext undefined
2023-02-07 20:00:52.443 [error] Canceled: Canceled
    at new u (/usr/share/code/resources/app/out/vs/workbench/api/node/extensionHostProcess.js:96:88070)
    at l.O (/usr/share/code/resources/app/out/vs/workbench/api/node/extensionHostProcess.js:106:11276)
    at Proxy.V.<computed>.M.charCodeAt.V.<computed> (/usr/share/code/resources/app/out/vs/workbench/api/node/extensionHostProcess.js:106:8557)
    at s.g (/usr/share/code/resources/app/out/vs/workbench/api/node/extensionHostProcess.js:96:107430)
    at s.executeCommand (/usr/share/code/resources/app/out/vs/workbench/api/node/extensionHostProcess.js:96:106806)
    at w.registerCommand.description (/usr/share/code/resources/app/out/vs/workbench/api/node/extensionHostProcess.js:96:106099)
    at s.h (/usr/share/code/resources/app/out/vs/workbench/api/node/extensionHostProcess.js:96:108016)
    at s.g (/usr/share/code/resources/app/out/vs/workbench/api/node/extensionHostProcess.js:96:106906)
    at s.executeCommand (/usr/share/code/resources/app/out/vs/workbench/api/node/extensionHostProcess.js:96:106806)
    at Object.executeCommand (/usr/share/code/resources/app/out/vs/workbench/api/node/extensionHostProcess.js:117:30778)
    at setContext (/home/carlos/.vscode/extensions/eamodio.gitlens-13.2.0/dist/gitlens.js:205:24554)
    at y._updateContextKeys (/home/carlos/.vscode/extensions/eamodio.gitlens-13.2.0/dist/gitlens.js:6:6166)
    at onChanged (/home/carlos/.vscode/extensions/eamodio.gitlens-13.2.0/dist/gitlens.js:6:4600)
    at x.unregister (/home/carlos/.vscode/extensions/eamodio.gitlens-13.2.0/dist/gitlens.js:6:4737)
    at x.dispose (/home/carlos/.vscode/extensions/eamodio.gitlens-13.2.0/dist/gitlens.js:6:3462)
    at y.dispose (/home/carlos/.vscode/extensions/eamodio.gitlens-13.2.0/dist/gitlens.js:6:4287)
    at T (/usr/share/code/resources/app/out/vs/workbench/api/node/extensionHostProcess.js:10:12072)
    at f.X (/usr/share/code/resources/app/out/vs/workbench/api/node/extensionHostProcess.js:108:11242)
    at /usr/share/code/resources/app/out/vs/workbench/api/node/extensionHostProcess.js:108:9037
    at Array.map (<anonymous>)
    at f.Q (/usr/share/code/resources/app/out/vs/workbench/api/node/extensionHostProcess.js:108:9024)
    at f.terminate (/usr/share/code/resources/app/out/vs/workbench/api/node/extensionHostProcess.js:108:9298)
    at h.terminate (/usr/share/code/resources/app/out/vs/workbench/api/node/extensionHostProcess.js:112:1397)
    at p (/usr/share/code/resources/app/out/vs/workbench/api/node/extensionHostProcess.js:122:17851)
    at MessagePortMain.<anonymous> (/usr/share/code/resources/app/out/vs/workbench/api/node/extensionHostProcess.js:122:13990)
    at MessagePortMain.emit (node:events:526:28)
    at Object.MessagePortMain._internalPort.emit (node:electron/js2c/utility_init:5:364) setContext undefined
2023-02-07 20:00:52.443 [error] Canceled: Canceled
    at new u (/usr/share/code/resources/app/out/vs/workbench/api/node/extensionHostProcess.js:96:88070)
    at l.O (/usr/share/code/resources/app/out/vs/workbench/api/node/extensionHostProcess.js:106:11276)
    at Proxy.V.<computed>.M.charCodeAt.V.<computed> (/usr/share/code/resources/app/out/vs/workbench/api/node/extensionHostProcess.js:106:8557)
    at s.g (/usr/share/code/resources/app/out/vs/workbench/api/node/extensionHostProcess.js:96:107430)
    at s.executeCommand (/usr/share/code/resources/app/out/vs/workbench/api/node/extensionHostProcess.js:96:106806)
    at w.registerCommand.description (/usr/share/code/resources/app/out/vs/workbench/api/node/extensionHostProcess.js:96:106099)
    at s.h (/usr/share/code/resources/app/out/vs/workbench/api/node/extensionHostProcess.js:96:108016)
    at s.g (/usr/share/code/resources/app/out/vs/workbench/api/node/extensionHostProcess.js:96:106906)
    at s.executeCommand (/usr/share/code/resources/app/out/vs/workbench/api/node/extensionHostProcess.js:96:106806)
    at Object.executeCommand (/usr/share/code/resources/app/out/vs/workbench/api/node/extensionHostProcess.js:117:30778)
    at setContext (/home/carlos/.vscode/extensions/eamodio.gitlens-13.2.0/dist/gitlens.js:205:24554)
    at y._updateContextKeys (/home/carlos/.vscode/extensions/eamodio.gitlens-13.2.0/dist/gitlens.js:6:6166)
    at onChanged (/home/carlos/.vscode/extensions/eamodio.gitlens-13.2.0/dist/gitlens.js:6:4600)
    at x.unregister (/home/carlos/.vscode/extensions/eamodio.gitlens-13.2.0/dist/gitlens.js:6:4737)
    at x.dispose (/home/carlos/.vscode/extensions/eamodio.gitlens-13.2.0/dist/gitlens.js:6:3462)
    at y.dispose (/home/carlos/.vscode/extensions/eamodio.gitlens-13.2.0/dist/gitlens.js:6:4287)
    at T (/usr/share/code/resources/app/out/vs/workbench/api/node/extensionHostProcess.js:10:12072)
    at f.X (/usr/share/code/resources/app/out/vs/workbench/api/node/extensionHostProcess.js:108:11242)
    at /usr/share/code/resources/app/out/vs/workbench/api/node/extensionHostProcess.js:108:9037
    at Array.map (<anonymous>)
    at f.Q (/usr/share/code/resources/app/out/vs/workbench/api/node/extensionHostProcess.js:108:9024)
    at f.terminate (/usr/share/code/resources/app/out/vs/workbench/api/node/extensionHostProcess.js:108:9298)
    at h.terminate (/usr/share/code/resources/app/out/vs/workbench/api/node/extensionHostProcess.js:112:1397)
    at p (/usr/share/code/resources/app/out/vs/workbench/api/node/extensionHostProcess.js:122:17851)
    at MessagePortMain.<anonymous> (/usr/share/code/resources/app/out/vs/workbench/api/node/extensionHostProcess.js:122:13990)
    at MessagePortMain.emit (node:events:526:28)
    at Object.MessagePortMain._internalPort.emit (node:electron/js2c/utility_init:5:364) setContext undefined
2023-02-07 20:00:52.444 [error] Canceled: Canceled
    at new u (/usr/share/code/resources/app/out/vs/workbench/api/node/extensionHostProcess.js:96:88070)
    at l.O (/usr/share/code/resources/app/out/vs/workbench/api/node/extensionHostProcess.js:106:11276)
    at Proxy.V.<computed>.M.charCodeAt.V.<computed> (/usr/share/code/resources/app/out/vs/workbench/api/node/extensionHostProcess.js:106:8557)
    at s.g (/usr/share/code/resources/app/out/vs/workbench/api/node/extensionHostProcess.js:96:107430)
    at s.executeCommand (/usr/share/code/resources/app/out/vs/workbench/api/node/extensionHostProcess.js:96:106806)
    at w.registerCommand.description (/usr/share/code/resources/app/out/vs/workbench/api/node/extensionHostProcess.js:96:106099)
    at s.h (/usr/share/code/resources/app/out/vs/workbench/api/node/extensionHostProcess.js:96:108016)
    at s.g (/usr/share/code/resources/app/out/vs/workbench/api/node/extensionHostProcess.js:96:106906)
    at s.executeCommand (/usr/share/code/resources/app/out/vs/workbench/api/node/extensionHostProcess.js:96:106806)
    at Object.executeCommand (/usr/share/code/resources/app/out/vs/workbench/api/node/extensionHostProcess.js:117:30778)
    at setContext (/home/carlos/.vscode/extensions/eamodio.gitlens-13.2.0/dist/gitlens.js:205:24554)
    at y._updateContextKeys (/home/carlos/.vscode/extensions/eamodio.gitlens-13.2.0/dist/gitlens.js:6:6166)
    at onChanged (/home/carlos/.vscode/extensions/eamodio.gitlens-13.2.0/dist/gitlens.js:6:4600)
    at x.unregister (/home/carlos/.vscode/extensions/eamodio.gitlens-13.2.0/dist/gitlens.js:6:4737)
    at x.dispose (/home/carlos/.vscode/extensions/eamodio.gitlens-13.2.0/dist/gitlens.js:6:3462)
    at y.dispose (/home/carlos/.vscode/extensions/eamodio.gitlens-13.2.0/dist/gitlens.js:6:4287)
    at T (/usr/share/code/resources/app/out/vs/workbench/api/node/extensionHostProcess.js:10:12072)
    at f.X (/usr/share/code/resources/app/out/vs/workbench/api/node/extensionHostProcess.js:108:11242)
    at /usr/share/code/resources/app/out/vs/workbench/api/node/extensionHostProcess.js:108:9037
    at Array.map (<anonymous>)
    at f.Q (/usr/share/code/resources/app/out/vs/workbench/api/node/extensionHostProcess.js:108:9024)
    at f.terminate (/usr/share/code/resources/app/out/vs/workbench/api/node/extensionHostProcess.js:108:9298)
    at h.terminate (/usr/share/code/resources/app/out/vs/workbench/api/node/extensionHostProcess.js:112:1397)
    at p (/usr/share/code/resources/app/out/vs/workbench/api/node/extensionHostProcess.js:122:17851)
    at MessagePortMain.<anonymous> (/usr/share/code/resources/app/out/vs/workbench/api/node/extensionHostProcess.js:122:13990)
    at MessagePortMain.emit (node:events:526:28)
    at Object.MessagePortMain._internalPort.emit (node:electron/js2c/utility_init:5:364) setContext undefined
2023-02-07 20:00:52.444 [error] Canceled: Canceled
    at new u (/usr/share/code/resources/app/out/vs/workbench/api/node/extensionHostProcess.js:96:88070)
    at l.O (/usr/share/code/resources/app/out/vs/workbench/api/node/extensionHostProcess.js:106:11276)
    at Proxy.V.<computed>.M.charCodeAt.V.<computed> (/usr/share/code/resources/app/out/vs/workbench/api/node/extensionHostProcess.js:106:8557)
    at s.g (/usr/share/code/resources/app/out/vs/workbench/api/node/extensionHostProcess.js:96:107430)
    at s.executeCommand (/usr/share/code/resources/app/out/vs/workbench/api/node/extensionHostProcess.js:96:106806)
    at w.registerCommand.description (/usr/share/code/resources/app/out/vs/workbench/api/node/extensionHostProcess.js:96:106099)
    at s.h (/usr/share/code/resources/app/out/vs/workbench/api/node/extensionHostProcess.js:96:108016)
    at s.g (/usr/share/code/resources/app/out/vs/workbench/api/node/extensionHostProcess.js:96:106906)
    at s.executeCommand (/usr/share/code/resources/app/out/vs/workbench/api/node/extensionHostProcess.js:96:106806)
    at Object.executeCommand (/usr/share/code/resources/app/out/vs/workbench/api/node/extensionHostProcess.js:117:30778)
    at setContext (/home/carlos/.vscode/extensions/eamodio.gitlens-13.2.0/dist/gitlens.js:205:24554)
    at y._updateContextKeys (/home/carlos/.vscode/extensions/eamodio.gitlens-13.2.0/dist/gitlens.js:6:6166)
    at onChanged (/home/carlos/.vscode/extensions/eamodio.gitlens-13.2.0/dist/gitlens.js:6:4600)
    at x.unregister (/home/carlos/.vscode/extensions/eamodio.gitlens-13.2.0/dist/gitlens.js:6:4737)
    at x.dispose (/home/carlos/.vscode/extensions/eamodio.gitlens-13.2.0/dist/gitlens.js:6:3462)
    at Object.dispose (/home/carlos/.vscode/extensions/eamodio.gitlens-13.2.0/dist/gitlens.js:6:4836)
    at T (/usr/share/code/resources/app/out/vs/workbench/api/node/extensionHostProcess.js:10:12072)
    at f.X (/usr/share/code/resources/app/out/vs/workbench/api/node/extensionHostProcess.js:108:11242)
    at /usr/share/code/resources/app/out/vs/workbench/api/node/extensionHostProcess.js:108:9037
    at Array.map (<anonymous>)
    at f.Q (/usr/share/code/resources/app/out/vs/workbench/api/node/extensionHostProcess.js:108:9024)
    at f.terminate (/usr/share/code/resources/app/out/vs/workbench/api/node/extensionHostProcess.js:108:9298)
    at h.terminate (/usr/share/code/resources/app/out/vs/workbench/api/node/extensionHostProcess.js:112:1397)
    at p (/usr/share/code/resources/app/out/vs/workbench/api/node/extensionHostProcess.js:122:17851)
    at MessagePortMain.<anonymous> (/usr/share/code/resources/app/out/vs/workbench/api/node/extensionHostProcess.js:122:13990)
    at MessagePortMain.emit (node:events:526:28)
    at Object.MessagePortMain._internalPort.emit (node:electron/js2c/utility_init:5:364) setContext undefined
2023-02-07 20:00:52.445 [error] Canceled: Canceled
    at new u (/usr/share/code/resources/app/out/vs/workbench/api/node/extensionHostProcess.js:96:88070)
    at l.O (/usr/share/code/resources/app/out/vs/workbench/api/node/extensionHostProcess.js:106:11276)
    at Proxy.V.<computed>.M.charCodeAt.V.<computed> (/usr/share/code/resources/app/out/vs/workbench/api/node/extensionHostProcess.js:106:8557)
    at s.g (/usr/share/code/resources/app/out/vs/workbench/api/node/extensionHostProcess.js:96:107430)
    at s.executeCommand (/usr/share/code/resources/app/out/vs/workbench/api/node/extensionHostProcess.js:96:106806)
    at w.registerCommand.description (/usr/share/code/resources/app/out/vs/workbench/api/node/extensionHostProcess.js:96:106099)
    at s.h (/usr/share/code/resources/app/out/vs/workbench/api/node/extensionHostProcess.js:96:108016)
    at s.g (/usr/share/code/resources/app/out/vs/workbench/api/node/extensionHostProcess.js:96:106906)
    at s.executeCommand (/usr/share/code/resources/app/out/vs/workbench/api/node/extensionHostProcess.js:96:106806)
    at Object.executeCommand (/usr/share/code/resources/app/out/vs/workbench/api/node/extensionHostProcess.js:117:30778)
    at setContext (/home/carlos/.vscode/extensions/eamodio.gitlens-13.2.0/dist/gitlens.js:205:24554)
    at y._updateContextKeys (/home/carlos/.vscode/extensions/eamodio.gitlens-13.2.0/dist/gitlens.js:6:6166)
    at onChanged (/home/carlos/.vscode/extensions/eamodio.gitlens-13.2.0/dist/gitlens.js:6:4600)
    at x.unregister (/home/carlos/.vscode/extensions/eamodio.gitlens-13.2.0/dist/gitlens.js:6:4737)
    at x.dispose (/home/carlos/.vscode/extensions/eamodio.gitlens-13.2.0/dist/gitlens.js:6:3462)
    at Object.dispose (/home/carlos/.vscode/extensions/eamodio.gitlens-13.2.0/dist/gitlens.js:6:4836)
    at T (/usr/share/code/resources/app/out/vs/workbench/api/node/extensionHostProcess.js:10:12072)
    at f.X (/usr/share/code/resources/app/out/vs/workbench/api/node/extensionHostProcess.js:108:11242)
    at /usr/share/code/resources/app/out/vs/workbench/api/node/extensionHostProcess.js:108:9037
    at Array.map (<anonymous>)
    at f.Q (/usr/share/code/resources/app/out/vs/workbench/api/node/extensionHostProcess.js:108:9024)
    at f.terminate (/usr/share/code/resources/app/out/vs/workbench/api/node/extensionHostProcess.js:108:9298)
    at h.terminate (/usr/share/code/resources/app/out/vs/workbench/api/node/extensionHostProcess.js:112:1397)
    at p (/usr/share/code/resources/app/out/vs/workbench/api/node/extensionHostProcess.js:122:17851)
    at MessagePortMain.<anonymous> (/usr/share/code/resources/app/out/vs/workbench/api/node/extensionHostProcess.js:122:13990)
    at MessagePortMain.emit (node:events:526:28)
    at Object.MessagePortMain._internalPort.emit (node:electron/js2c/utility_init:5:364) setContext undefined
2023-02-07 20:00:52.445 [error] Canceled: Canceled
    at new u (/usr/share/code/resources/app/out/vs/workbench/api/node/extensionHostProcess.js:96:88070)
    at l.O (/usr/share/code/resources/app/out/vs/workbench/api/node/extensionHostProcess.js:106:11276)
    at Proxy.V.<computed>.M.charCodeAt.V.<computed> (/usr/share/code/resources/app/out/vs/workbench/api/node/extensionHostProcess.js:106:8557)
    at s.g (/usr/share/code/resources/app/out/vs/workbench/api/node/extensionHostProcess.js:96:107430)
    at s.executeCommand (/usr/share/code/resources/app/out/vs/workbench/api/node/extensionHostProcess.js:96:106806)
    at w.registerCommand.description (/usr/share/code/resources/app/out/vs/workbench/api/node/extensionHostProcess.js:96:106099)
    at s.h (/usr/share/code/resources/app/out/vs/workbench/api/node/extensionHostProcess.js:96:108016)
    at s.g (/usr/share/code/resources/app/out/vs/workbench/api/node/extensionHostProcess.js:96:106906)
    at s.executeCommand (/usr/share/code/resources/app/out/vs/workbench/api/node/extensionHostProcess.js:96:106806)
    at Object.executeCommand (/usr/share/code/resources/app/out/vs/workbench/api/node/extensionHostProcess.js:117:30778)
    at setContext (/home/carlos/.vscode/extensions/eamodio.gitlens-13.2.0/dist/gitlens.js:205:24554)
    at y._updateContextKeys (/home/carlos/.vscode/extensions/eamodio.gitlens-13.2.0/dist/gitlens.js:6:6166)
    at onChanged (/home/carlos/.vscode/extensions/eamodio.gitlens-13.2.0/dist/gitlens.js:6:4600)
    at x.unregister (/home/carlos/.vscode/extensions/eamodio.gitlens-13.2.0/dist/gitlens.js:6:4737)
    at x.dispose (/home/carlos/.vscode/extensions/eamodio.gitlens-13.2.0/dist/gitlens.js:6:3462)
    at Object.dispose (/home/carlos/.vscode/extensions/eamodio.gitlens-13.2.0/dist/gitlens.js:6:4836)
    at T (/usr/share/code/resources/app/out/vs/workbench/api/node/extensionHostProcess.js:10:12072)
    at f.X (/usr/share/code/resources/app/out/vs/workbench/api/node/extensionHostProcess.js:108:11242)
    at /usr/share/code/resources/app/out/vs/workbench/api/node/extensionHostProcess.js:108:9037
    at Array.map (<anonymous>)
    at f.Q (/usr/share/code/resources/app/out/vs/workbench/api/node/extensionHostProcess.js:108:9024)
    at f.terminate (/usr/share/code/resources/app/out/vs/workbench/api/node/extensionHostProcess.js:108:9298)
    at h.terminate (/usr/share/code/resources/app/out/vs/workbench/api/node/extensionHostProcess.js:112:1397)
    at p (/usr/share/code/resources/app/out/vs/workbench/api/node/extensionHostProcess.js:122:17851)
    at MessagePortMain.<anonymous> (/usr/share/code/resources/app/out/vs/workbench/api/node/extensionHostProcess.js:122:13990)
    at MessagePortMain.emit (node:events:526:28)
    at Object.MessagePortMain._internalPort.emit (node:electron/js2c/utility_init:5:364) setContext undefined
2023-02-07 20:00:52.456 [error] Error: ENOENT: no such file or directory, open '/home/carlos/.config/Code/User/globalStorage/vscodevim.vim/.registers'
2023-02-07 20:00:52.462 [info] Extension host with pid 28479 exiting with code 0
2023-02-07 20:00:53.540 [info] Extension host with pid 34759 started
2023-02-07 20:00:53.540 [info] Skipping acquiring lock for /home/carlos/.config/Code/User/workspaceStorage/394455972da8576fd7e87f7b22d32c48.
2023-02-07 20:00:53.770 [info] ExtensionService#_doActivateExtension vscode.emmet, startup: false, activationEvent: 'onLanguage'
2023-02-07 20:00:53.787 [info] ExtensionService#_doActivateExtension ms-python.python, startup: false, activationEvent: 'onLanguage:python', root cause: ms-python.isort
2023-02-07 20:00:53.970 [info] ExtensionService#_doActivateExtension vscode.git-base, startup: true, activationEvent: '*', root cause: vscode.git
2023-02-07 20:00:53.972 [info] ExtensionService#_doActivateExtension vscodevim.vim, startup: true, activationEvent: '*'
2023-02-07 20:00:54.123 [info] ExtensionService#_doActivateExtension vscode.git, startup: true, activationEvent: '*'
2023-02-07 20:00:54.152 [info] ExtensionService#_doActivateExtension vscode.github, startup: true, activationEvent: '*'
2023-02-07 20:00:54.260 [info] ExtensionService#_doActivateExtension ms-python.isort, startup: false, activationEvent: 'onLanguage:python'
2023-02-07 20:00:54.271 [info] ExtensionService#_doActivateExtension ms-python.vscode-pylance, startup: false, activationEvent: 'onLanguage:python'
2023-02-07 20:00:54.365 [info] Eager extensions activated
2023-02-07 20:00:54.446 [info] ExtensionService#_doActivateExtension vscode.debug-auto-launch, startup: false, activationEvent: 'onStartupFinished'
2023-02-07 20:00:54.448 [info] ExtensionService#_doActivateExtension vscode.merge-conflict, startup: false, activationEvent: 'onStartupFinished'
2023-02-07 20:00:54.461 [info] ExtensionService#_doActivateExtension vscode-icons-team.vscode-icons, startup: false, activationEvent: 'onStartupFinished'
2023-02-07 20:00:54.889 [info] ExtensionService#_doActivateExtension vscode.github-authentication, startup: false, activationEvent: 'onAuthenticationRequest:github'
2023-02-07 20:00:55.097 [error] Error: ENOENT: no such file or directory, open '/home/carlos/.config/Code/User/globalStorage/vscodevim.vim/.registers'
2023-02-07 20:00:55.404 [info] ExtensionService#_doActivateExtension vscode.microsoft-authentication, startup: false, activationEvent: 'onAuthenticationRequest:microsoft'
2023-02-07 20:01:09.684 [info] ExtensionService#_doActivateExtension eamodio.gitlens, startup: false, activationEvent: 'onStartupFinished'
2023-02-07 20:01:37.068 [warning] TextEditor is closed/disposed
2023-02-07 20:01:38.372 [error] {"message":"Git error","stdout":"","stderr":"fatal: not a git repository (or any of the parent directories): .git\n","exitCode":128}
2023-02-07 20:01:39.112 [info] ExtensionService#_doActivateExtension vscode.configuration-editing, startup: false, activationEvent: 'onLanguage:jsonc'
2023-02-07 20:01:39.116 [info] ExtensionService#_doActivateExtension vscode.json-language-features, startup: false, activationEvent: 'onLanguage:jsonc'
2023-02-07 20:01:39.148 [info] ExtensionService#_doActivateExtension vscode.typescript-language-features, startup: false, activationEvent: 'onLanguage:jsonc'
2023-02-07 20:01:39.374 [error] {"message":"Git error","stdout":"","stderr":"fatal: not a git repository (or any of the parent directories): .git\n","exitCode":128}
2023-02-07 20:04:17.067 [error] [vscode.json-language-features] provider FAILED
2023-02-07 20:04:17.067 [error] Error: name must not be falsy
    at Function.validate (/usr/share/code/resources/app/out/vs/workbench/api/node/extensionHostProcess.js:94:25923)
    at new t (/usr/share/code/resources/app/out/vs/workbench/api/node/extensionHostProcess.js:94:26218)
    at K (/usr/share/code/resources/app/extensions/json-language-features/client/dist/node/jsonClientMain.js:2:1374109)
    at p (/usr/share/code/resources/app/extensions/json-language-features/client/dist/node/jsonClientMain.js:2:1412109)
    at Object.t.map (/usr/share/code/resources/app/extensions/json-language-features/client/dist/node/jsonClientMain.js:2:1412195)
    at Object.asDocumentSymbols (/usr/share/code/resources/app/extensions/json-language-features/client/dist/node/jsonClientMain.js:2:1381927)
    at i (/usr/share/code/resources/app/extensions/json-language-features/client/dist/node/jsonClientMain.js:2:1320545)
    at i.provideDocumentSymbols (/usr/share/code/resources/app/out/vs/workbench/api/node/extensionHostProcess.js:98:32441)
2023-02-07 20:04:21.847 [error] [vscode.json-language-features] provider FAILED
2023-02-07 20:04:21.847 [error] Error: name must not be falsy
    at Function.validate (/usr/share/code/resources/app/out/vs/workbench/api/node/extensionHostProcess.js:94:25923)
    at new t (/usr/share/code/resources/app/out/vs/workbench/api/node/extensionHostProcess.js:94:26218)
    at K (/usr/share/code/resources/app/extensions/json-language-features/client/dist/node/jsonClientMain.js:2:1374109)
    at p (/usr/share/code/resources/app/extensions/json-language-features/client/dist/node/jsonClientMain.js:2:1412109)
    at Object.t.map (/usr/share/code/resources/app/extensions/json-language-features/client/dist/node/jsonClientMain.js:2:1412195)
    at Object.asDocumentSymbols (/usr/share/code/resources/app/extensions/json-language-features/client/dist/node/jsonClientMain.js:2:1381927)
    at i (/usr/share/code/resources/app/extensions/json-language-features/client/dist/node/jsonClientMain.js:2:1320545)
    at i.provideDocumentSymbols (/usr/share/code/resources/app/out/vs/workbench/api/node/extensionHostProcess.js:98:32441)
2023-02-07 20:07:26.481 [error] Error: write after end
    at new NodeError (node:internal/errors:371:5)
    at _write (node:internal/streams/writable:319:11)
    at Socket.Writable.write (node:internal/streams/writable:334:10)
    at /home/carlos/.vscode/extensions/ms-python.isort-2022.8.0/dist/extension.js:1:127515
    at new Promise (<anonymous>)
    at u.write (/home/carlos/.vscode/extensions/ms-python.isort-2022.8.0/dist/extension.js:1:127433)
    at m.doWrite (/home/carlos/.vscode/extensions/ms-python.isort-2022.8.0/dist/extension.js:1:117037)
    at /home/carlos/.vscode/extensions/ms-python.isort-2022.8.0/dist/extension.js:1:116932
    at runNextTicks (node:internal/process/task_queues:61:5)
    at processImmediate (node:internal/timers:437:9)
2023-02-07 20:08:53.824 [error] Error: write after end
    at new NodeError (node:internal/errors:371:5)
    at _write (node:internal/streams/writable:319:11)
    at Socket.Writable.write (node:internal/streams/writable:334:10)
    at /home/carlos/.vscode/extensions/ms-python.isort-2022.8.0/dist/extension.js:1:127515
    at new Promise (<anonymous>)
    at u.write (/home/carlos/.vscode/extensions/ms-python.isort-2022.8.0/dist/extension.js:1:127433)
    at m.doWrite (/home/carlos/.vscode/extensions/ms-python.isort-2022.8.0/dist/extension.js:1:117037)
    at /home/carlos/.vscode/extensions/ms-python.isort-2022.8.0/dist/extension.js:1:116932
    at runNextTicks (node:internal/process/task_queues:61:5)
    at processImmediate (node:internal/timers:437:9)
2023-02-07 20:14:16.459 [info] Extension host terminating: renderer closed the MessagePort
2023-02-07 20:14:16.487 [error] Canceled: Canceled
    at new u (/usr/share/code/resources/app/out/vs/workbench/api/node/extensionHostProcess.js:96:88070)
    at l.O (/usr/share/code/resources/app/out/vs/workbench/api/node/extensionHostProcess.js:106:11276)
    at Proxy.V.<computed>.M.charCodeAt.V.<computed> (/usr/share/code/resources/app/out/vs/workbench/api/node/extensionHostProcess.js:106:8557)
    at s.g (/usr/share/code/resources/app/out/vs/workbench/api/node/extensionHostProcess.js:96:107430)
    at s.executeCommand (/usr/share/code/resources/app/out/vs/workbench/api/node/extensionHostProcess.js:96:106806)
    at w.registerCommand.description (/usr/share/code/resources/app/out/vs/workbench/api/node/extensionHostProcess.js:96:106099)
    at s.h (/usr/share/code/resources/app/out/vs/workbench/api/node/extensionHostProcess.js:96:108016)
    at s.g (/usr/share/code/resources/app/out/vs/workbench/api/node/extensionHostProcess.js:96:106906)
    at s.executeCommand (/usr/share/code/resources/app/out/vs/workbench/api/node/extensionHostProcess.js:96:106806)
    at Object.executeCommand (/usr/share/code/resources/app/out/vs/workbench/api/node/extensionHostProcess.js:117:30778)
    at setContext (/home/carlos/.vscode/extensions/eamodio.gitlens-13.2.0/dist/gitlens.js:205:24554)
    at y._updateContextKeys (/home/carlos/.vscode/extensions/eamodio.gitlens-13.2.0/dist/gitlens.js:6:6166)
    at onChanged (/home/carlos/.vscode/extensions/eamodio.gitlens-13.2.0/dist/gitlens.js:6:4600)
    at x.unregister (/home/carlos/.vscode/extensions/eamodio.gitlens-13.2.0/dist/gitlens.js:6:4737)
    at x.dispose (/home/carlos/.vscode/extensions/eamodio.gitlens-13.2.0/dist/gitlens.js:6:3462)
    at y.dispose (/home/carlos/.vscode/extensions/eamodio.gitlens-13.2.0/dist/gitlens.js:6:4287)
    at T (/usr/share/code/resources/app/out/vs/workbench/api/node/extensionHostProcess.js:10:12072)
    at f.X (/usr/share/code/resources/app/out/vs/workbench/api/node/extensionHostProcess.js:108:11242)
    at /usr/share/code/resources/app/out/vs/workbench/api/node/extensionHostProcess.js:108:9037
    at Array.map (<anonymous>)
    at f.Q (/usr/share/code/resources/app/out/vs/workbench/api/node/extensionHostProcess.js:108:9024)
    at f.terminate (/usr/share/code/resources/app/out/vs/workbench/api/node/extensionHostProcess.js:108:9298)
    at h.terminate (/usr/share/code/resources/app/out/vs/workbench/api/node/extensionHostProcess.js:112:1397)
    at p (/usr/share/code/resources/app/out/vs/workbench/api/node/extensionHostProcess.js:122:17851)
    at MessagePortMain.<anonymous> (/usr/share/code/resources/app/out/vs/workbench/api/node/extensionHostProcess.js:122:13990)
    at MessagePortMain.emit (node:events:526:28)
    at Object.MessagePortMain._internalPort.emit (node:electron/js2c/utility_init:5:364) setContext undefined
2023-02-07 20:14:16.490 [error] Canceled: Canceled
    at new u (/usr/share/code/resources/app/out/vs/workbench/api/node/extensionHostProcess.js:96:88070)
    at l.O (/usr/share/code/resources/app/out/vs/workbench/api/node/extensionHostProcess.js:106:11276)
    at Proxy.V.<computed>.M.charCodeAt.V.<computed> (/usr/share/code/resources/app/out/vs/workbench/api/node/extensionHostProcess.js:106:8557)
    at s.g (/usr/share/code/resources/app/out/vs/workbench/api/node/extensionHostProcess.js:96:107430)
    at s.executeCommand (/usr/share/code/resources/app/out/vs/workbench/api/node/extensionHostProcess.js:96:106806)
    at w.registerCommand.description (/usr/share/code/resources/app/out/vs/workbench/api/node/extensionHostProcess.js:96:106099)
    at s.h (/usr/share/code/resources/app/out/vs/workbench/api/node/extensionHostProcess.js:96:108016)
    at s.g (/usr/share/code/resources/app/out/vs/workbench/api/node/extensionHostProcess.js:96:106906)
    at s.executeCommand (/usr/share/code/resources/app/out/vs/workbench/api/node/extensionHostProcess.js:96:106806)
    at Object.executeCommand (/usr/share/code/resources/app/out/vs/workbench/api/node/extensionHostProcess.js:117:30778)
    at setContext (/home/carlos/.vscode/extensions/eamodio.gitlens-13.2.0/dist/gitlens.js:205:24554)
    at y._updateContextKeys (/home/carlos/.vscode/extensions/eamodio.gitlens-13.2.0/dist/gitlens.js:6:6166)
    at onChanged (/home/carlos/.vscode/extensions/eamodio.gitlens-13.2.0/dist/gitlens.js:6:4600)
    at x.unregister (/home/carlos/.vscode/extensions/eamodio.gitlens-13.2.0/dist/gitlens.js:6:4737)
    at x.dispose (/home/carlos/.vscode/extensions/eamodio.gitlens-13.2.0/dist/gitlens.js:6:3462)
    at y.dispose (/home/carlos/.vscode/extensions/eamodio.gitlens-13.2.0/dist/gitlens.js:6:4287)
    at T (/usr/share/code/resources/app/out/vs/workbench/api/node/extensionHostProcess.js:10:12072)
    at f.X (/usr/share/code/resources/app/out/vs/workbench/api/node/extensionHostProcess.js:108:11242)
    at /usr/share/code/resources/app/out/vs/workbench/api/node/extensionHostProcess.js:108:9037
    at Array.map (<anonymous>)
    at f.Q (/usr/share/code/resources/app/out/vs/workbench/api/node/extensionHostProcess.js:108:9024)
    at f.terminate (/usr/share/code/resources/app/out/vs/workbench/api/node/extensionHostProcess.js:108:9298)
    at h.terminate (/usr/share/code/resources/app/out/vs/workbench/api/node/extensionHostProcess.js:112:1397)
    at p (/usr/share/code/resources/app/out/vs/workbench/api/node/extensionHostProcess.js:122:17851)
    at MessagePortMain.<anonymous> (/usr/share/code/resources/app/out/vs/workbench/api/node/extensionHostProcess.js:122:13990)
    at MessagePortMain.emit (node:events:526:28)
    at Object.MessagePortMain._internalPort.emit (node:electron/js2c/utility_init:5:364) setContext undefined
2023-02-07 20:14:16.492 [error] Canceled: Canceled
    at new u (/usr/share/code/resources/app/out/vs/workbench/api/node/extensionHostProcess.js:96:88070)
    at l.O (/usr/share/code/resources/app/out/vs/workbench/api/node/extensionHostProcess.js:106:11276)
    at Proxy.V.<computed>.M.charCodeAt.V.<computed> (/usr/share/code/resources/app/out/vs/workbench/api/node/extensionHostProcess.js:106:8557)
    at s.g (/usr/share/code/resources/app/out/vs/workbench/api/node/extensionHostProcess.js:96:107430)
    at s.executeCommand (/usr/share/code/resources/app/out/vs/workbench/api/node/extensionHostProcess.js:96:106806)
    at w.registerCommand.description (/usr/share/code/resources/app/out/vs/workbench/api/node/extensionHostProcess.js:96:106099)
    at s.h (/usr/share/code/resources/app/out/vs/workbench/api/node/extensionHostProcess.js:96:108016)
    at s.g (/usr/share/code/resources/app/out/vs/workbench/api/node/extensionHostProcess.js:96:106906)
    at s.executeCommand (/usr/share/code/resources/app/out/vs/workbench/api/node/extensionHostProcess.js:96:106806)
    at Object.executeCommand (/usr/share/code/resources/app/out/vs/workbench/api/node/extensionHostProcess.js:117:30778)
    at setContext (/home/carlos/.vscode/extensions/eamodio.gitlens-13.2.0/dist/gitlens.js:205:24554)
    at y._updateContextKeys (/home/carlos/.vscode/extensions/eamodio.gitlens-13.2.0/dist/gitlens.js:6:6166)
    at onChanged (/home/carlos/.vscode/extensions/eamodio.gitlens-13.2.0/dist/gitlens.js:6:4600)
    at x.unregister (/home/carlos/.vscode/extensions/eamodio.gitlens-13.2.0/dist/gitlens.js:6:4737)
    at x.dispose (/home/carlos/.vscode/extensions/eamodio.gitlens-13.2.0/dist/gitlens.js:6:3462)
    at y.dispose (/home/carlos/.vscode/extensions/eamodio.gitlens-13.2.0/dist/gitlens.js:6:4287)
    at T (/usr/share/code/resources/app/out/vs/workbench/api/node/extensionHostProcess.js:10:12072)
    at f.X (/usr/share/code/resources/app/out/vs/workbench/api/node/extensionHostProcess.js:108:11242)
    at /usr/share/code/resources/app/out/vs/workbench/api/node/extensionHostProcess.js:108:9037
    at Array.map (<anonymous>)
    at f.Q (/usr/share/code/resources/app/out/vs/workbench/api/node/extensionHostProcess.js:108:9024)
    at f.terminate (/usr/share/code/resources/app/out/vs/workbench/api/node/extensionHostProcess.js:108:9298)
    at h.terminate (/usr/share/code/resources/app/out/vs/workbench/api/node/extensionHostProcess.js:112:1397)
    at p (/usr/share/code/resources/app/out/vs/workbench/api/node/extensionHostProcess.js:122:17851)
    at MessagePortMain.<anonymous> (/usr/share/code/resources/app/out/vs/workbench/api/node/extensionHostProcess.js:122:13990)
    at MessagePortMain.emit (node:events:526:28)
    at Object.MessagePortMain._internalPort.emit (node:electron/js2c/utility_init:5:364) setContext undefined
2023-02-07 20:14:16.493 [error] Canceled: Canceled
    at new u (/usr/share/code/resources/app/out/vs/workbench/api/node/extensionHostProcess.js:96:88070)
    at l.O (/usr/share/code/resources/app/out/vs/workbench/api/node/extensionHostProcess.js:106:11276)
    at Proxy.V.<computed>.M.charCodeAt.V.<computed> (/usr/share/code/resources/app/out/vs/workbench/api/node/extensionHostProcess.js:106:8557)
    at s.g (/usr/share/code/resources/app/out/vs/workbench/api/node/extensionHostProcess.js:96:107430)
    at s.executeCommand (/usr/share/code/resources/app/out/vs/workbench/api/node/extensionHostProcess.js:96:106806)
    at w.registerCommand.description (/usr/share/code/resources/app/out/vs/workbench/api/node/extensionHostProcess.js:96:106099)
    at s.h (/usr/share/code/resources/app/out/vs/workbench/api/node/extensionHostProcess.js:96:108016)
    at s.g (/usr/share/code/resources/app/out/vs/workbench/api/node/extensionHostProcess.js:96:106906)
    at s.executeCommand (/usr/share/code/resources/app/out/vs/workbench/api/node/extensionHostProcess.js:96:106806)
    at Object.executeCommand (/usr/share/code/resources/app/out/vs/workbench/api/node/extensionHostProcess.js:117:30778)
    at setContext (/home/carlos/.vscode/extensions/eamodio.gitlens-13.2.0/dist/gitlens.js:205:24554)
    at y._updateContextKeys (/home/carlos/.vscode/extensions/eamodio.gitlens-13.2.0/dist/gitlens.js:6:6166)
    at onChanged (/home/carlos/.vscode/extensions/eamodio.gitlens-13.2.0/dist/gitlens.js:6:4600)
    at x.unregister (/home/carlos/.vscode/extensions/eamodio.gitlens-13.2.0/dist/gitlens.js:6:4737)
    at x.dispose (/home/carlos/.vscode/extensions/eamodio.gitlens-13.2.0/dist/gitlens.js:6:3462)
    at Object.dispose (/home/carlos/.vscode/extensions/eamodio.gitlens-13.2.0/dist/gitlens.js:6:4836)
    at T (/usr/share/code/resources/app/out/vs/workbench/api/node/extensionHostProcess.js:10:12072)
    at f.X (/usr/share/code/resources/app/out/vs/workbench/api/node/extensionHostProcess.js:108:11242)
    at /usr/share/code/resources/app/out/vs/workbench/api/node/extensionHostProcess.js:108:9037
    at Array.map (<anonymous>)
    at f.Q (/usr/share/code/resources/app/out/vs/workbench/api/node/extensionHostProcess.js:108:9024)
    at f.terminate (/usr/share/code/resources/app/out/vs/workbench/api/node/extensionHostProcess.js:108:9298)
    at h.terminate (/usr/share/code/resources/app/out/vs/workbench/api/node/extensionHostProcess.js:112:1397)
    at p (/usr/share/code/resources/app/out/vs/workbench/api/node/extensionHostProcess.js:122:17851)
    at MessagePortMain.<anonymous> (/usr/share/code/resources/app/out/vs/workbench/api/node/extensionHostProcess.js:122:13990)
    at MessagePortMain.emit (node:events:526:28)
    at Object.MessagePortMain._internalPort.emit (node:electron/js2c/utility_init:5:364) setContext undefined
2023-02-07 20:14:16.494 [error] Canceled: Canceled
    at new u (/usr/share/code/resources/app/out/vs/workbench/api/node/extensionHostProcess.js:96:88070)
    at l.O (/usr/share/code/resources/app/out/vs/workbench/api/node/extensionHostProcess.js:106:11276)
    at Proxy.V.<computed>.M.charCodeAt.V.<computed> (/usr/share/code/resources/app/out/vs/workbench/api/node/extensionHostProcess.js:106:8557)
    at s.g (/usr/share/code/resources/app/out/vs/workbench/api/node/extensionHostProcess.js:96:107430)
    at s.executeCommand (/usr/share/code/resources/app/out/vs/workbench/api/node/extensionHostProcess.js:96:106806)
    at w.registerCommand.description (/usr/share/code/resources/app/out/vs/workbench/api/node/extensionHostProcess.js:96:106099)
    at s.h (/usr/share/code/resources/app/out/vs/workbench/api/node/extensionHostProcess.js:96:108016)
    at s.g (/usr/share/code/resources/app/out/vs/workbench/api/node/extensionHostProcess.js:96:106906)
    at s.executeCommand (/usr/share/code/resources/app/out/vs/workbench/api/node/extensionHostProcess.js:96:106806)
    at Object.executeCommand (/usr/share/code/resources/app/out/vs/workbench/api/node/extensionHostProcess.js:117:30778)
    at setContext (/home/carlos/.vscode/extensions/eamodio.gitlens-13.2.0/dist/gitlens.js:205:24554)
    at y._updateContextKeys (/home/carlos/.vscode/extensions/eamodio.gitlens-13.2.0/dist/gitlens.js:6:6166)
    at onChanged (/home/carlos/.vscode/extensions/eamodio.gitlens-13.2.0/dist/gitlens.js:6:4600)
    at x.unregister (/home/carlos/.vscode/extensions/eamodio.gitlens-13.2.0/dist/gitlens.js:6:4737)
    at x.dispose (/home/carlos/.vscode/extensions/eamodio.gitlens-13.2.0/dist/gitlens.js:6:3462)
    at Object.dispose (/home/carlos/.vscode/extensions/eamodio.gitlens-13.2.0/dist/gitlens.js:6:4836)
    at T (/usr/share/code/resources/app/out/vs/workbench/api/node/extensionHostProcess.js:10:12072)
    at f.X (/usr/share/code/resources/app/out/vs/workbench/api/node/extensionHostProcess.js:108:11242)
    at /usr/share/code/resources/app/out/vs/workbench/api/node/extensionHostProcess.js:108:9037
    at Array.map (<anonymous>)
    at f.Q (/usr/share/code/resources/app/out/vs/workbench/api/node/extensionHostProcess.js:108:9024)
    at f.terminate (/usr/share/code/resources/app/out/vs/workbench/api/node/extensionHostProcess.js:108:9298)
    at h.terminate (/usr/share/code/resources/app/out/vs/workbench/api/node/extensionHostProcess.js:112:1397)
    at p (/usr/share/code/resources/app/out/vs/workbench/api/node/extensionHostProcess.js:122:17851)
    at MessagePortMain.<anonymous> (/usr/share/code/resources/app/out/vs/workbench/api/node/extensionHostProcess.js:122:13990)
    at MessagePortMain.emit (node:events:526:28)
    at Object.MessagePortMain._internalPort.emit (node:electron/js2c/utility_init:5:364) setContext undefined
2023-02-07 20:14:16.495 [error] Canceled: Canceled
    at new u (/usr/share/code/resources/app/out/vs/workbench/api/node/extensionHostProcess.js:96:88070)
    at l.O (/usr/share/code/resources/app/out/vs/workbench/api/node/extensionHostProcess.js:106:11276)
    at Proxy.V.<computed>.M.charCodeAt.V.<computed> (/usr/share/code/resources/app/out/vs/workbench/api/node/extensionHostProcess.js:106:8557)
    at s.g (/usr/share/code/resources/app/out/vs/workbench/api/node/extensionHostProcess.js:96:107430)
    at s.executeCommand (/usr/share/code/resources/app/out/vs/workbench/api/node/extensionHostProcess.js:96:106806)
    at w.registerCommand.description (/usr/share/code/resources/app/out/vs/workbench/api/node/extensionHostProcess.js:96:106099)
    at s.h (/usr/share/code/resources/app/out/vs/workbench/api/node/extensionHostProcess.js:96:108016)
    at s.g (/usr/share/code/resources/app/out/vs/workbench/api/node/extensionHostProcess.js:96:106906)
    at s.executeCommand (/usr/share/code/resources/app/out/vs/workbench/api/node/extensionHostProcess.js:96:106806)
    at Object.executeCommand (/usr/share/code/resources/app/out/vs/workbench/api/node/extensionHostProcess.js:117:30778)
    at setContext (/home/carlos/.vscode/extensions/eamodio.gitlens-13.2.0/dist/gitlens.js:205:24554)
    at y._updateContextKeys (/home/carlos/.vscode/extensions/eamodio.gitlens-13.2.0/dist/gitlens.js:6:6166)
    at onChanged (/home/carlos/.vscode/extensions/eamodio.gitlens-13.2.0/dist/gitlens.js:6:4600)
    at x.unregister (/home/carlos/.vscode/extensions/eamodio.gitlens-13.2.0/dist/gitlens.js:6:4737)
    at x.dispose (/home/carlos/.vscode/extensions/eamodio.gitlens-13.2.0/dist/gitlens.js:6:3462)
    at Object.dispose (/home/carlos/.vscode/extensions/eamodio.gitlens-13.2.0/dist/gitlens.js:6:4836)
    at T (/usr/share/code/resources/app/out/vs/workbench/api/node/extensionHostProcess.js:10:12072)
    at f.X (/usr/share/code/resources/app/out/vs/workbench/api/node/extensionHostProcess.js:108:11242)
    at /usr/share/code/resources/app/out/vs/workbench/api/node/extensionHostProcess.js:108:9037
    at Array.map (<anonymous>)
    at f.Q (/usr/share/code/resources/app/out/vs/workbench/api/node/extensionHostProcess.js:108:9024)
    at f.terminate (/usr/share/code/resources/app/out/vs/workbench/api/node/extensionHostProcess.js:108:9298)
    at h.terminate (/usr/share/code/resources/app/out/vs/workbench/api/node/extensionHostProcess.js:112:1397)
    at p (/usr/share/code/resources/app/out/vs/workbench/api/node/extensionHostProcess.js:122:17851)
    at MessagePortMain.<anonymous> (/usr/share/code/resources/app/out/vs/workbench/api/node/extensionHostProcess.js:122:13990)
    at MessagePortMain.emit (node:events:526:28)
    at Object.MessagePortMain._internalPort.emit (node:electron/js2c/utility_init:5:364) setContext undefined
2023-02-07 20:14:16.508 [error] Error: ENOENT: no such file or directory, open '/home/carlos/.config/Code/User/globalStorage/vscodevim.vim/.registers'
2023-02-07 20:14:16.518 [info] Extension host with pid 34759 exiting with code 0
