2023-02-07 19:38:01.399 [info] Extension host with pid 24469 started
2023-02-07 19:38:01.399 [info] Skipping acquiring lock for /home/carlos/.config/Code/User/workspaceStorage/394455972da8576fd7e87f7b22d32c48.
2023-02-07 19:38:01.550 [info] ExtensionService#_doActivateExtension vscode.emmet, startup: false, activationEvent: 'onLanguage'
2023-02-07 19:38:01.560 [info] ExtensionService#_doActivateExtension vscode.configuration-editing, startup: false, activationEvent: 'onLanguage:jsonc'
2023-02-07 19:38:01.565 [info] ExtensionService#_doActivateExtension vscode.json-language-features, startup: false, activationEvent: 'onLanguage:jsonc'
2023-02-07 19:38:01.589 [info] ExtensionService#_doActivateExtension vscode.typescript-language-features, startup: false, activationEvent: 'onLanguage:jsonc'
2023-02-07 19:38:01.607 [info] ExtensionService#_doActivateExtension vscode.git-base, startup: true, activationEvent: '*', root cause: vscode.git
2023-02-07 19:38:01.609 [info] ExtensionService#_doActivateExtension vscodevim.vim, startup: true, activationEvent: '*'
2023-02-07 19:38:01.746 [info] ExtensionService#_doActivateExtension vscode.git, startup: true, activationEvent: '*'
2023-02-07 19:38:01.780 [info] ExtensionService#_doActivateExtension vscode.github, startup: true, activationEvent: '*'
2023-02-07 19:38:01.936 [info] Eager extensions activated
2023-02-07 19:38:01.979 [info] ExtensionService#_doActivateExtension vscode.debug-auto-launch, startup: false, activationEvent: 'onStartupFinished'
2023-02-07 19:38:01.983 [info] ExtensionService#_doActivateExtension vscode.merge-conflict, startup: false, activationEvent: 'onStartupFinished'
2023-02-07 19:38:01.996 [info] ExtensionService#_doActivateExtension vscode-icons-team.vscode-icons, startup: false, activationEvent: 'onStartupFinished'
2023-02-07 19:38:02.361 [info] ExtensionService#_doActivateExtension vscode.github-authentication, startup: false, activationEvent: 'onAuthenticationRequest:github'
2023-02-07 19:38:02.404 [info] ExtensionService#_doActivateExtension vscode.microsoft-authentication, startup: false, activationEvent: 'onAuthenticationRequest:microsoft'
2023-02-07 19:38:02.734 [error] Error: ENOENT: no such file or directory, open '/home/carlos/.config/Code/User/globalStorage/vscodevim.vim/.registers'
2023-02-07 19:40:02.342 [info] Extension host terminating: renderer closed the MessagePort
2023-02-07 19:40:02.719 [error] TypeError: Converting circular structure to JSON
    --> starting at object with constructor 't'
    |     property '_readableState' -> object with constructor 'M'
    |     property 'pipes' -> object with constructor 'Array'
    |     index 0 -> object with constructor 't.ConsoleForElectron'
    --- property 'parent' closes the circle
    at JSON.stringify (<anonymous>)
    at /home/carlos/.vscode/extensions/vscodevim.vim-1.24.3/src/register/register.ts:333:16
    at process.async (node:internal/process/task_queues:96:5)
    at Object.e.deactivate (/home/carlos/.vscode/extensions/vscodevim.vim-1.24.3/extension.ts:64:8)
    at async Promise.all (index 12)
    at f.Q (/usr/share/code/resources/app/out/vs/workbench/api/node/extensionHostProcess.js:108:9051)
2023-02-07 19:40:02.727 [info] Extension host with pid 24469 exiting with code 0
