2023-02-07 20:14:22.019 [info] Reading sessions from secret storage...
2023-02-07 20:14:22.019 [info] Got 0 stored sessions
2023-02-07 20:14:22.020 [info] Getting sessions for the following scopes: email offline_access openid profile
2023-02-07 20:14:22.020 [info] Got 0 sessions for scopes: email offline_access openid profile
2023-02-07 20:16:10.748 [info] Getting sessions for all scopes...
2023-02-07 20:16:10.748 [info] Got 0 sessions for all scopes...
2023-02-07 20:32:19.747 [info] Reading sessions from secret storage...
2023-02-07 20:32:19.755 [info] Got 0 stored sessions
2023-02-07 20:32:19.927 [info] Getting sessions for the following scopes: email offline_access openid profile
2023-02-07 20:32:19.927 [info] Got 0 sessions for scopes: email offline_access openid profile
2023-02-07 20:32:45.169 [info] Reading sessions from secret storage...
2023-02-07 20:32:45.169 [info] Got 0 stored sessions
2023-02-07 20:32:45.172 [info] Getting sessions for the following scopes: email offline_access openid profile
2023-02-07 20:32:45.172 [info] Got 0 sessions for scopes: email offline_access openid profile
2023-02-07 20:36:09.012 [info] Reading sessions from secret storage...
2023-02-07 20:36:09.013 [info] Got 0 stored sessions
2023-02-07 20:36:09.206 [info] Getting sessions for the following scopes: email offline_access openid profile
2023-02-07 20:36:09.206 [info] Got 0 sessions for scopes: email offline_access openid profile
2023-02-07 20:36:22.061 [info] Reading sessions from secret storage...
2023-02-07 20:36:22.061 [info] Got 0 stored sessions
2023-02-07 20:36:22.247 [info] Getting sessions for the following scopes: email offline_access openid profile
2023-02-07 20:36:22.247 [info] Got 0 sessions for scopes: email offline_access openid profile
