2023-02-07 20:14:21.955 [info] Reading sessions from keychain...
2023-02-07 20:14:21.956 [info] Getting sessions for user:email...
2023-02-07 20:14:21.956 [info] Got stored sessions!
2023-02-07 20:14:21.956 [info] Got 2 verified sessions.
2023-02-07 20:14:21.956 [info] Got 1 sessions for user:email...
2023-02-07 20:14:21.956 [info] Getting sessions for all scopes...
2023-02-07 20:14:21.956 [info] Got 2 sessions for ...
2023-02-07 20:14:22.014 [info] Getting sessions for all scopes...
2023-02-07 20:14:22.014 [info] Got 2 sessions for ...
2023-02-07 20:14:22.048 [info] Getting sessions for all scopes...
2023-02-07 20:14:22.048 [info] Got 2 sessions for ...
2023-02-07 20:14:23.562 [info] Getting user info...
2023-02-07 20:14:23.952 [info] Got account info!
2023-02-07 20:16:10.748 [info] Getting sessions for all scopes...
2023-02-07 20:16:10.748 [info] Got 2 sessions for ...
2023-02-07 20:32:19.825 [info] Reading sessions from keychain...
2023-02-07 20:32:19.825 [info] Getting sessions for user:email...
2023-02-07 20:32:19.825 [info] Getting sessions for all scopes...
2023-02-07 20:32:19.825 [info] Got stored sessions!
2023-02-07 20:32:19.825 [info] Got 2 verified sessions.
2023-02-07 20:32:19.825 [info] Got 1 sessions for user:email...
2023-02-07 20:32:19.825 [info] Got 2 sessions for ...
2023-02-07 20:32:19.825 [info] Getting sessions for all scopes...
2023-02-07 20:32:19.825 [info] Got 2 sessions for ...
2023-02-07 20:32:19.825 [info] Getting sessions for user:email...
2023-02-07 20:32:19.825 [info] Got 1 sessions for user:email...
2023-02-07 20:32:19.825 [info] Getting sessions for all scopes...
2023-02-07 20:32:19.825 [info] Got 2 sessions for ...
2023-02-07 20:32:21.304 [info] Getting user info...
2023-02-07 20:32:21.571 [info] Got account info!
2023-02-07 20:32:45.164 [info] Reading sessions from keychain...
2023-02-07 20:32:45.164 [info] Getting sessions for user:email...
2023-02-07 20:32:45.164 [info] Getting sessions for all scopes...
2023-02-07 20:32:45.164 [info] Got stored sessions!
2023-02-07 20:32:45.164 [info] Got 2 verified sessions.
2023-02-07 20:32:45.165 [info] Got 1 sessions for user:email...
2023-02-07 20:32:45.165 [info] Got 2 sessions for ...
2023-02-07 20:32:45.401 [info] Getting sessions for all scopes...
2023-02-07 20:32:45.401 [info] Got 2 sessions for ...
2023-02-07 20:32:46.774 [info] Getting user info...
2023-02-07 20:32:47.062 [info] Got account info!
2023-02-07 20:36:09.034 [info] Reading sessions from keychain...
2023-02-07 20:36:09.034 [info] Getting sessions for user:email...
2023-02-07 20:36:09.034 [info] Getting sessions for all scopes...
2023-02-07 20:36:09.034 [info] Got stored sessions!
2023-02-07 20:36:09.034 [info] Got 2 verified sessions.
2023-02-07 20:36:09.034 [info] Got 1 sessions for user:email...
2023-02-07 20:36:09.034 [info] Got 2 sessions for ...
2023-02-07 20:36:09.034 [info] Getting sessions for user:email...
2023-02-07 20:36:09.034 [info] Got 1 sessions for user:email...
2023-02-07 20:36:09.034 [info] Getting sessions for all scopes...
2023-02-07 20:36:09.034 [info] Got 2 sessions for ...
2023-02-07 20:36:09.617 [info] Getting sessions for all scopes...
2023-02-07 20:36:09.617 [info] Got 2 sessions for ...
2023-02-07 20:36:10.581 [info] Getting user info...
2023-02-07 20:36:10.886 [info] Got account info!
2023-02-07 20:36:22.082 [info] Reading sessions from keychain...
2023-02-07 20:36:22.082 [info] Getting sessions for user:email...
2023-02-07 20:36:22.082 [info] Getting sessions for all scopes...
2023-02-07 20:36:22.082 [info] Got stored sessions!
2023-02-07 20:36:22.082 [info] Got 2 verified sessions.
2023-02-07 20:36:22.082 [info] Got 1 sessions for user:email...
2023-02-07 20:36:22.082 [info] Got 2 sessions for ...
2023-02-07 20:36:22.082 [info] Getting sessions for user:email...
2023-02-07 20:36:22.082 [info] Got 1 sessions for user:email...
2023-02-07 20:36:22.082 [info] Getting sessions for all scopes...
2023-02-07 20:36:22.082 [info] Got 2 sessions for ...
2023-02-07 20:36:22.598 [info] Getting sessions for all scopes...
2023-02-07 20:36:22.598 [info] Got 2 sessions for ...
2023-02-07 20:36:23.675 [info] Getting user info...
2023-02-07 20:36:23.955 [info] Got account info!
