2023-02-07 20:56:40.664 [info] Extension host with pid 53087 started
2023-02-07 20:56:40.664 [info] Skipping acquiring lock for /home/carlos/.config/Code/User/workspaceStorage/394455972da8576fd7e87f7b22d32c48.
2023-02-07 20:56:40.739 [info] ExtensionService#_doActivateExtension vscode.emmet, startup: false, activationEvent: 'onLanguage'
2023-02-07 20:56:40.753 [info] ExtensionService#_doActivateExtension vscode.git-base, startup: true, activationEvent: '*', root cause: vscode.git
2023-02-07 20:56:40.756 [info] ExtensionService#_doActivateExtension vscodevim.vim, startup: true, activationEvent: '*'
2023-02-07 20:56:40.873 [info] ExtensionService#_doActivateExtension vscode.git, startup: true, activationEvent: '*'
2023-02-07 20:56:40.912 [info] ExtensionService#_doActivateExtension vscode.github, startup: true, activationEvent: '*'
2023-02-07 20:56:40.955 [info] ExtensionService#_doActivateExtension ms-python.python, startup: true, activationEvent: 'workspaceContains:*.py', root cause: ms-python.isort
2023-02-07 20:56:41.310 [info] ExtensionService#_doActivateExtension ms-vscode.azure-account, startup: false, activationEvent: 'onView:hdinsight.treeview', root cause: mshdinsight.azure-hdinsight
2023-02-07 20:56:41.513 [info] ExtensionService#_doActivateExtension ms-python.isort, startup: true, activationEvent: 'workspaceContains:*.py'
2023-02-07 20:56:41.553 [info] ExtensionService#_doActivateExtension vscode.github-authentication, startup: false, activationEvent: 'onAuthenticationRequest:github'
2023-02-07 20:56:41.580 [info] Eager extensions activated
2023-02-07 20:56:41.671 [info] ExtensionService#_doActivateExtension mshdinsight.azure-hdinsight, startup: false, activationEvent: 'onView:hdinsight.treeview'
2023-02-07 20:56:42.247 [error] Error: ENOENT: no such file or directory, open '/home/carlos/.config/Code/User/globalStorage/vscodevim.vim/.registers'
2023-02-07 20:56:42.252 [info] ExtensionService#_doActivateExtension vscode.debug-auto-launch, startup: false, activationEvent: 'onStartupFinished'
2023-02-07 20:56:42.254 [info] ExtensionService#_doActivateExtension vscode.merge-conflict, startup: false, activationEvent: 'onStartupFinished'
2023-02-07 20:56:42.262 [info] ExtensionService#_doActivateExtension eamodio.gitlens, startup: false, activationEvent: 'onStartupFinished'
2023-02-07 20:56:42.296 [info] ExtensionService#_doActivateExtension vscode-icons-team.vscode-icons, startup: false, activationEvent: 'onStartupFinished'
2023-02-07 20:56:42.679 [info] ExtensionService#_doActivateExtension vscode.microsoft-authentication, startup: false, activationEvent: 'onAuthenticationRequest:microsoft'
2023-02-07 21:01:53.500 [info] ExtensionService#_doActivateExtension ms-azuretools.vscode-docker, startup: false, activationEvent: 'onView:dockerContainers'
2023-02-07 21:02:35.176 [info] Extension host terminating: renderer closed the MessagePort
2023-02-07 21:02:35.232 [error] Canceled: Canceled
    at new u (/usr/share/code/resources/app/out/vs/workbench/api/node/extensionHostProcess.js:96:88070)
    at l.O (/usr/share/code/resources/app/out/vs/workbench/api/node/extensionHostProcess.js:106:11276)
    at Proxy.V.<computed>.M.charCodeAt.V.<computed> (/usr/share/code/resources/app/out/vs/workbench/api/node/extensionHostProcess.js:106:8557)
    at s.g (/usr/share/code/resources/app/out/vs/workbench/api/node/extensionHostProcess.js:96:107430)
    at s.executeCommand (/usr/share/code/resources/app/out/vs/workbench/api/node/extensionHostProcess.js:96:106806)
    at w.registerCommand.description (/usr/share/code/resources/app/out/vs/workbench/api/node/extensionHostProcess.js:96:106099)
    at s.h (/usr/share/code/resources/app/out/vs/workbench/api/node/extensionHostProcess.js:96:108016)
    at s.g (/usr/share/code/resources/app/out/vs/workbench/api/node/extensionHostProcess.js:96:106906)
    at s.executeCommand (/usr/share/code/resources/app/out/vs/workbench/api/node/extensionHostProcess.js:96:106806)
    at Object.executeCommand (/usr/share/code/resources/app/out/vs/workbench/api/node/extensionHostProcess.js:117:30778)
    at setContext (/home/carlos/.vscode/extensions/eamodio.gitlens-13.2.0/dist/gitlens.js:205:24554)
    at y._updateContextKeys (/home/carlos/.vscode/extensions/eamodio.gitlens-13.2.0/dist/gitlens.js:6:6166)
    at onChanged (/home/carlos/.vscode/extensions/eamodio.gitlens-13.2.0/dist/gitlens.js:6:4600)
    at x.unregister (/home/carlos/.vscode/extensions/eamodio.gitlens-13.2.0/dist/gitlens.js:6:4737)
    at x.dispose (/home/carlos/.vscode/extensions/eamodio.gitlens-13.2.0/dist/gitlens.js:6:3462)
    at y.dispose (/home/carlos/.vscode/extensions/eamodio.gitlens-13.2.0/dist/gitlens.js:6:4287)
    at T (/usr/share/code/resources/app/out/vs/workbench/api/node/extensionHostProcess.js:10:12072)
    at f.X (/usr/share/code/resources/app/out/vs/workbench/api/node/extensionHostProcess.js:108:11242)
    at /usr/share/code/resources/app/out/vs/workbench/api/node/extensionHostProcess.js:108:9037
    at Array.map (<anonymous>)
    at f.Q (/usr/share/code/resources/app/out/vs/workbench/api/node/extensionHostProcess.js:108:9024)
    at f.terminate (/usr/share/code/resources/app/out/vs/workbench/api/node/extensionHostProcess.js:108:9298)
    at h.terminate (/usr/share/code/resources/app/out/vs/workbench/api/node/extensionHostProcess.js:112:1397)
    at p (/usr/share/code/resources/app/out/vs/workbench/api/node/extensionHostProcess.js:122:17851)
    at MessagePortMain.<anonymous> (/usr/share/code/resources/app/out/vs/workbench/api/node/extensionHostProcess.js:122:13990)
    at MessagePortMain.emit (node:events:526:28)
    at Object.MessagePortMain._internalPort.emit (node:electron/js2c/utility_init:5:364) setContext undefined
2023-02-07 21:02:35.233 [error] Canceled: Canceled
    at new u (/usr/share/code/resources/app/out/vs/workbench/api/node/extensionHostProcess.js:96:88070)
    at l.O (/usr/share/code/resources/app/out/vs/workbench/api/node/extensionHostProcess.js:106:11276)
    at Proxy.V.<computed>.M.charCodeAt.V.<computed> (/usr/share/code/resources/app/out/vs/workbench/api/node/extensionHostProcess.js:106:8557)
    at s.g (/usr/share/code/resources/app/out/vs/workbench/api/node/extensionHostProcess.js:96:107430)
    at s.executeCommand (/usr/share/code/resources/app/out/vs/workbench/api/node/extensionHostProcess.js:96:106806)
    at w.registerCommand.description (/usr/share/code/resources/app/out/vs/workbench/api/node/extensionHostProcess.js:96:106099)
    at s.h (/usr/share/code/resources/app/out/vs/workbench/api/node/extensionHostProcess.js:96:108016)
    at s.g (/usr/share/code/resources/app/out/vs/workbench/api/node/extensionHostProcess.js:96:106906)
    at s.executeCommand (/usr/share/code/resources/app/out/vs/workbench/api/node/extensionHostProcess.js:96:106806)
    at Object.executeCommand (/usr/share/code/resources/app/out/vs/workbench/api/node/extensionHostProcess.js:117:30778)
    at setContext (/home/carlos/.vscode/extensions/eamodio.gitlens-13.2.0/dist/gitlens.js:205:24554)
    at y._updateContextKeys (/home/carlos/.vscode/extensions/eamodio.gitlens-13.2.0/dist/gitlens.js:6:6166)
    at onChanged (/home/carlos/.vscode/extensions/eamodio.gitlens-13.2.0/dist/gitlens.js:6:4600)
    at x.unregister (/home/carlos/.vscode/extensions/eamodio.gitlens-13.2.0/dist/gitlens.js:6:4737)
    at x.dispose (/home/carlos/.vscode/extensions/eamodio.gitlens-13.2.0/dist/gitlens.js:6:3462)
    at y.dispose (/home/carlos/.vscode/extensions/eamodio.gitlens-13.2.0/dist/gitlens.js:6:4287)
    at T (/usr/share/code/resources/app/out/vs/workbench/api/node/extensionHostProcess.js:10:12072)
    at f.X (/usr/share/code/resources/app/out/vs/workbench/api/node/extensionHostProcess.js:108:11242)
    at /usr/share/code/resources/app/out/vs/workbench/api/node/extensionHostProcess.js:108:9037
    at Array.map (<anonymous>)
    at f.Q (/usr/share/code/resources/app/out/vs/workbench/api/node/extensionHostProcess.js:108:9024)
    at f.terminate (/usr/share/code/resources/app/out/vs/workbench/api/node/extensionHostProcess.js:108:9298)
    at h.terminate (/usr/share/code/resources/app/out/vs/workbench/api/node/extensionHostProcess.js:112:1397)
    at p (/usr/share/code/resources/app/out/vs/workbench/api/node/extensionHostProcess.js:122:17851)
    at MessagePortMain.<anonymous> (/usr/share/code/resources/app/out/vs/workbench/api/node/extensionHostProcess.js:122:13990)
    at MessagePortMain.emit (node:events:526:28)
    at Object.MessagePortMain._internalPort.emit (node:electron/js2c/utility_init:5:364) setContext undefined
2023-02-07 21:02:35.233 [error] Canceled: Canceled
    at new u (/usr/share/code/resources/app/out/vs/workbench/api/node/extensionHostProcess.js:96:88070)
    at l.O (/usr/share/code/resources/app/out/vs/workbench/api/node/extensionHostProcess.js:106:11276)
    at Proxy.V.<computed>.M.charCodeAt.V.<computed> (/usr/share/code/resources/app/out/vs/workbench/api/node/extensionHostProcess.js:106:8557)
    at s.g (/usr/share/code/resources/app/out/vs/workbench/api/node/extensionHostProcess.js:96:107430)
    at s.executeCommand (/usr/share/code/resources/app/out/vs/workbench/api/node/extensionHostProcess.js:96:106806)
    at w.registerCommand.description (/usr/share/code/resources/app/out/vs/workbench/api/node/extensionHostProcess.js:96:106099)
    at s.h (/usr/share/code/resources/app/out/vs/workbench/api/node/extensionHostProcess.js:96:108016)
    at s.g (/usr/share/code/resources/app/out/vs/workbench/api/node/extensionHostProcess.js:96:106906)
    at s.executeCommand (/usr/share/code/resources/app/out/vs/workbench/api/node/extensionHostProcess.js:96:106806)
    at Object.executeCommand (/usr/share/code/resources/app/out/vs/workbench/api/node/extensionHostProcess.js:117:30778)
    at setContext (/home/carlos/.vscode/extensions/eamodio.gitlens-13.2.0/dist/gitlens.js:205:24554)
    at y._updateContextKeys (/home/carlos/.vscode/extensions/eamodio.gitlens-13.2.0/dist/gitlens.js:6:6166)
    at onChanged (/home/carlos/.vscode/extensions/eamodio.gitlens-13.2.0/dist/gitlens.js:6:4600)
    at x.unregister (/home/carlos/.vscode/extensions/eamodio.gitlens-13.2.0/dist/gitlens.js:6:4737)
    at x.dispose (/home/carlos/.vscode/extensions/eamodio.gitlens-13.2.0/dist/gitlens.js:6:3462)
    at y.dispose (/home/carlos/.vscode/extensions/eamodio.gitlens-13.2.0/dist/gitlens.js:6:4287)
    at T (/usr/share/code/resources/app/out/vs/workbench/api/node/extensionHostProcess.js:10:12072)
    at f.X (/usr/share/code/resources/app/out/vs/workbench/api/node/extensionHostProcess.js:108:11242)
    at /usr/share/code/resources/app/out/vs/workbench/api/node/extensionHostProcess.js:108:9037
    at Array.map (<anonymous>)
    at f.Q (/usr/share/code/resources/app/out/vs/workbench/api/node/extensionHostProcess.js:108:9024)
    at f.terminate (/usr/share/code/resources/app/out/vs/workbench/api/node/extensionHostProcess.js:108:9298)
    at h.terminate (/usr/share/code/resources/app/out/vs/workbench/api/node/extensionHostProcess.js:112:1397)
    at p (/usr/share/code/resources/app/out/vs/workbench/api/node/extensionHostProcess.js:122:17851)
    at MessagePortMain.<anonymous> (/usr/share/code/resources/app/out/vs/workbench/api/node/extensionHostProcess.js:122:13990)
    at MessagePortMain.emit (node:events:526:28)
    at Object.MessagePortMain._internalPort.emit (node:electron/js2c/utility_init:5:364) setContext undefined
2023-02-07 21:02:35.234 [error] Canceled: Canceled
    at new u (/usr/share/code/resources/app/out/vs/workbench/api/node/extensionHostProcess.js:96:88070)
    at l.O (/usr/share/code/resources/app/out/vs/workbench/api/node/extensionHostProcess.js:106:11276)
    at Proxy.V.<computed>.M.charCodeAt.V.<computed> (/usr/share/code/resources/app/out/vs/workbench/api/node/extensionHostProcess.js:106:8557)
    at s.g (/usr/share/code/resources/app/out/vs/workbench/api/node/extensionHostProcess.js:96:107430)
    at s.executeCommand (/usr/share/code/resources/app/out/vs/workbench/api/node/extensionHostProcess.js:96:106806)
    at w.registerCommand.description (/usr/share/code/resources/app/out/vs/workbench/api/node/extensionHostProcess.js:96:106099)
    at s.h (/usr/share/code/resources/app/out/vs/workbench/api/node/extensionHostProcess.js:96:108016)
    at s.g (/usr/share/code/resources/app/out/vs/workbench/api/node/extensionHostProcess.js:96:106906)
    at s.executeCommand (/usr/share/code/resources/app/out/vs/workbench/api/node/extensionHostProcess.js:96:106806)
    at Object.executeCommand (/usr/share/code/resources/app/out/vs/workbench/api/node/extensionHostProcess.js:117:30778)
    at setContext (/home/carlos/.vscode/extensions/eamodio.gitlens-13.2.0/dist/gitlens.js:205:24554)
    at y._updateContextKeys (/home/carlos/.vscode/extensions/eamodio.gitlens-13.2.0/dist/gitlens.js:6:6166)
    at onChanged (/home/carlos/.vscode/extensions/eamodio.gitlens-13.2.0/dist/gitlens.js:6:4600)
    at x.unregister (/home/carlos/.vscode/extensions/eamodio.gitlens-13.2.0/dist/gitlens.js:6:4737)
    at x.dispose (/home/carlos/.vscode/extensions/eamodio.gitlens-13.2.0/dist/gitlens.js:6:3462)
    at Object.dispose (/home/carlos/.vscode/extensions/eamodio.gitlens-13.2.0/dist/gitlens.js:6:4836)
    at T (/usr/share/code/resources/app/out/vs/workbench/api/node/extensionHostProcess.js:10:12072)
    at f.X (/usr/share/code/resources/app/out/vs/workbench/api/node/extensionHostProcess.js:108:11242)
    at /usr/share/code/resources/app/out/vs/workbench/api/node/extensionHostProcess.js:108:9037
    at Array.map (<anonymous>)
    at f.Q (/usr/share/code/resources/app/out/vs/workbench/api/node/extensionHostProcess.js:108:9024)
    at f.terminate (/usr/share/code/resources/app/out/vs/workbench/api/node/extensionHostProcess.js:108:9298)
    at h.terminate (/usr/share/code/resources/app/out/vs/workbench/api/node/extensionHostProcess.js:112:1397)
    at p (/usr/share/code/resources/app/out/vs/workbench/api/node/extensionHostProcess.js:122:17851)
    at MessagePortMain.<anonymous> (/usr/share/code/resources/app/out/vs/workbench/api/node/extensionHostProcess.js:122:13990)
    at MessagePortMain.emit (node:events:526:28)
    at Object.MessagePortMain._internalPort.emit (node:electron/js2c/utility_init:5:364) setContext undefined
2023-02-07 21:02:35.234 [error] Canceled: Canceled
    at new u (/usr/share/code/resources/app/out/vs/workbench/api/node/extensionHostProcess.js:96:88070)
    at l.O (/usr/share/code/resources/app/out/vs/workbench/api/node/extensionHostProcess.js:106:11276)
    at Proxy.V.<computed>.M.charCodeAt.V.<computed> (/usr/share/code/resources/app/out/vs/workbench/api/node/extensionHostProcess.js:106:8557)
    at s.g (/usr/share/code/resources/app/out/vs/workbench/api/node/extensionHostProcess.js:96:107430)
    at s.executeCommand (/usr/share/code/resources/app/out/vs/workbench/api/node/extensionHostProcess.js:96:106806)
    at w.registerCommand.description (/usr/share/code/resources/app/out/vs/workbench/api/node/extensionHostProcess.js:96:106099)
    at s.h (/usr/share/code/resources/app/out/vs/workbench/api/node/extensionHostProcess.js:96:108016)
    at s.g (/usr/share/code/resources/app/out/vs/workbench/api/node/extensionHostProcess.js:96:106906)
    at s.executeCommand (/usr/share/code/resources/app/out/vs/workbench/api/node/extensionHostProcess.js:96:106806)
    at Object.executeCommand (/usr/share/code/resources/app/out/vs/workbench/api/node/extensionHostProcess.js:117:30778)
    at setContext (/home/carlos/.vscode/extensions/eamodio.gitlens-13.2.0/dist/gitlens.js:205:24554)
    at y._updateContextKeys (/home/carlos/.vscode/extensions/eamodio.gitlens-13.2.0/dist/gitlens.js:6:6166)
    at onChanged (/home/carlos/.vscode/extensions/eamodio.gitlens-13.2.0/dist/gitlens.js:6:4600)
    at x.unregister (/home/carlos/.vscode/extensions/eamodio.gitlens-13.2.0/dist/gitlens.js:6:4737)
    at x.dispose (/home/carlos/.vscode/extensions/eamodio.gitlens-13.2.0/dist/gitlens.js:6:3462)
    at Object.dispose (/home/carlos/.vscode/extensions/eamodio.gitlens-13.2.0/dist/gitlens.js:6:4836)
    at T (/usr/share/code/resources/app/out/vs/workbench/api/node/extensionHostProcess.js:10:12072)
    at f.X (/usr/share/code/resources/app/out/vs/workbench/api/node/extensionHostProcess.js:108:11242)
    at /usr/share/code/resources/app/out/vs/workbench/api/node/extensionHostProcess.js:108:9037
    at Array.map (<anonymous>)
    at f.Q (/usr/share/code/resources/app/out/vs/workbench/api/node/extensionHostProcess.js:108:9024)
    at f.terminate (/usr/share/code/resources/app/out/vs/workbench/api/node/extensionHostProcess.js:108:9298)
    at h.terminate (/usr/share/code/resources/app/out/vs/workbench/api/node/extensionHostProcess.js:112:1397)
    at p (/usr/share/code/resources/app/out/vs/workbench/api/node/extensionHostProcess.js:122:17851)
    at MessagePortMain.<anonymous> (/usr/share/code/resources/app/out/vs/workbench/api/node/extensionHostProcess.js:122:13990)
    at MessagePortMain.emit (node:events:526:28)
    at Object.MessagePortMain._internalPort.emit (node:electron/js2c/utility_init:5:364) setContext undefined
2023-02-07 21:02:35.235 [error] Canceled: Canceled
    at new u (/usr/share/code/resources/app/out/vs/workbench/api/node/extensionHostProcess.js:96:88070)
    at l.O (/usr/share/code/resources/app/out/vs/workbench/api/node/extensionHostProcess.js:106:11276)
    at Proxy.V.<computed>.M.charCodeAt.V.<computed> (/usr/share/code/resources/app/out/vs/workbench/api/node/extensionHostProcess.js:106:8557)
    at s.g (/usr/share/code/resources/app/out/vs/workbench/api/node/extensionHostProcess.js:96:107430)
    at s.executeCommand (/usr/share/code/resources/app/out/vs/workbench/api/node/extensionHostProcess.js:96:106806)
    at w.registerCommand.description (/usr/share/code/resources/app/out/vs/workbench/api/node/extensionHostProcess.js:96:106099)
    at s.h (/usr/share/code/resources/app/out/vs/workbench/api/node/extensionHostProcess.js:96:108016)
    at s.g (/usr/share/code/resources/app/out/vs/workbench/api/node/extensionHostProcess.js:96:106906)
    at s.executeCommand (/usr/share/code/resources/app/out/vs/workbench/api/node/extensionHostProcess.js:96:106806)
    at Object.executeCommand (/usr/share/code/resources/app/out/vs/workbench/api/node/extensionHostProcess.js:117:30778)
    at setContext (/home/carlos/.vscode/extensions/eamodio.gitlens-13.2.0/dist/gitlens.js:205:24554)
    at y._updateContextKeys (/home/carlos/.vscode/extensions/eamodio.gitlens-13.2.0/dist/gitlens.js:6:6166)
    at onChanged (/home/carlos/.vscode/extensions/eamodio.gitlens-13.2.0/dist/gitlens.js:6:4600)
    at x.unregister (/home/carlos/.vscode/extensions/eamodio.gitlens-13.2.0/dist/gitlens.js:6:4737)
    at x.dispose (/home/carlos/.vscode/extensions/eamodio.gitlens-13.2.0/dist/gitlens.js:6:3462)
    at Object.dispose (/home/carlos/.vscode/extensions/eamodio.gitlens-13.2.0/dist/gitlens.js:6:4836)
    at T (/usr/share/code/resources/app/out/vs/workbench/api/node/extensionHostProcess.js:10:12072)
    at f.X (/usr/share/code/resources/app/out/vs/workbench/api/node/extensionHostProcess.js:108:11242)
    at /usr/share/code/resources/app/out/vs/workbench/api/node/extensionHostProcess.js:108:9037
    at Array.map (<anonymous>)
    at f.Q (/usr/share/code/resources/app/out/vs/workbench/api/node/extensionHostProcess.js:108:9024)
    at f.terminate (/usr/share/code/resources/app/out/vs/workbench/api/node/extensionHostProcess.js:108:9298)
    at h.terminate (/usr/share/code/resources/app/out/vs/workbench/api/node/extensionHostProcess.js:112:1397)
    at p (/usr/share/code/resources/app/out/vs/workbench/api/node/extensionHostProcess.js:122:17851)
    at MessagePortMain.<anonymous> (/usr/share/code/resources/app/out/vs/workbench/api/node/extensionHostProcess.js:122:13990)
    at MessagePortMain.emit (node:events:526:28)
    at Object.MessagePortMain._internalPort.emit (node:electron/js2c/utility_init:5:364) setContext undefined
2023-02-07 21:02:35.244 [error] Error: ENOENT: no such file or directory, open '/home/carlos/.config/Code/User/globalStorage/vscodevim.vim/.registers'
2023-02-07 21:02:35.247 [info] Extension host with pid 53087 exiting with code 0
2023-02-07 21:02:36.206 [info] Extension host with pid 55780 started
2023-02-07 21:02:36.207 [info] Skipping acquiring lock for /home/carlos/.config/Code/User/workspaceStorage/394455972da8576fd7e87f7b22d32c48.
2023-02-07 21:02:36.354 [info] ExtensionService#_doActivateExtension vscode.emmet, startup: false, activationEvent: 'onLanguage'
2023-02-07 21:02:36.368 [info] ExtensionService#_doActivateExtension vscode.git-base, startup: true, activationEvent: '*', root cause: vscode.git
2023-02-07 21:02:36.369 [info] ExtensionService#_doActivateExtension vscodevim.vim, startup: true, activationEvent: '*'
2023-02-07 21:02:36.470 [info] ExtensionService#_doActivateExtension vscode.git, startup: true, activationEvent: '*'
2023-02-07 21:02:36.496 [info] ExtensionService#_doActivateExtension vscode.github, startup: true, activationEvent: '*'
2023-02-07 21:02:36.574 [info] ExtensionService#_doActivateExtension ms-python.python, startup: true, activationEvent: 'workspaceContains:*.py', root cause: ms-python.isort
2023-02-07 21:02:36.934 [info] ExtensionService#_doActivateExtension ms-python.isort, startup: true, activationEvent: 'workspaceContains:*.py'
2023-02-07 21:02:36.970 [info] Eager extensions activated
2023-02-07 21:02:36.996 [info] ExtensionService#_doActivateExtension vscode.debug-auto-launch, startup: false, activationEvent: 'onStartupFinished'
2023-02-07 21:02:36.998 [info] ExtensionService#_doActivateExtension vscode.merge-conflict, startup: false, activationEvent: 'onStartupFinished'
2023-02-07 21:02:37.011 [info] ExtensionService#_doActivateExtension eamodio.gitlens, startup: false, activationEvent: 'onStartupFinished'
2023-02-07 21:02:37.056 [info] ExtensionService#_doActivateExtension vscode-icons-team.vscode-icons, startup: false, activationEvent: 'onStartupFinished'
2023-02-07 21:02:37.281 [info] ExtensionService#_doActivateExtension vscode.github-authentication, startup: false, activationEvent: 'onAuthenticationRequest:github'
2023-02-07 21:02:37.552 [info] ExtensionService#_doActivateExtension vscode.microsoft-authentication, startup: false, activationEvent: 'onAuthenticationRequest:microsoft'
2023-02-07 21:02:37.580 [error] Error: ENOENT: no such file or directory, open '/home/carlos/.config/Code/User/globalStorage/vscodevim.vim/.registers'
2023-02-07 21:02:57.426 [info] Extension host terminating: renderer closed the MessagePort
2023-02-07 21:02:57.447 [error] Canceled: Canceled
    at new u (/usr/share/code/resources/app/out/vs/workbench/api/node/extensionHostProcess.js:96:88070)
    at l.O (/usr/share/code/resources/app/out/vs/workbench/api/node/extensionHostProcess.js:106:11276)
    at Proxy.V.<computed>.M.charCodeAt.V.<computed> (/usr/share/code/resources/app/out/vs/workbench/api/node/extensionHostProcess.js:106:8557)
    at s.g (/usr/share/code/resources/app/out/vs/workbench/api/node/extensionHostProcess.js:96:107430)
    at s.executeCommand (/usr/share/code/resources/app/out/vs/workbench/api/node/extensionHostProcess.js:96:106806)
    at w.registerCommand.description (/usr/share/code/resources/app/out/vs/workbench/api/node/extensionHostProcess.js:96:106099)
    at s.h (/usr/share/code/resources/app/out/vs/workbench/api/node/extensionHostProcess.js:96:108016)
    at s.g (/usr/share/code/resources/app/out/vs/workbench/api/node/extensionHostProcess.js:96:106906)
    at s.executeCommand (/usr/share/code/resources/app/out/vs/workbench/api/node/extensionHostProcess.js:96:106806)
    at Object.executeCommand (/usr/share/code/resources/app/out/vs/workbench/api/node/extensionHostProcess.js:117:30778)
    at setContext (/home/carlos/.vscode/extensions/eamodio.gitlens-13.2.0/dist/gitlens.js:205:24554)
    at y._updateContextKeys (/home/carlos/.vscode/extensions/eamodio.gitlens-13.2.0/dist/gitlens.js:6:6166)
    at onChanged (/home/carlos/.vscode/extensions/eamodio.gitlens-13.2.0/dist/gitlens.js:6:4600)
    at x.unregister (/home/carlos/.vscode/extensions/eamodio.gitlens-13.2.0/dist/gitlens.js:6:4737)
    at x.dispose (/home/carlos/.vscode/extensions/eamodio.gitlens-13.2.0/dist/gitlens.js:6:3462)
    at y.dispose (/home/carlos/.vscode/extensions/eamodio.gitlens-13.2.0/dist/gitlens.js:6:4287)
    at T (/usr/share/code/resources/app/out/vs/workbench/api/node/extensionHostProcess.js:10:12072)
    at f.X (/usr/share/code/resources/app/out/vs/workbench/api/node/extensionHostProcess.js:108:11242)
    at /usr/share/code/resources/app/out/vs/workbench/api/node/extensionHostProcess.js:108:9037
    at Array.map (<anonymous>)
    at f.Q (/usr/share/code/resources/app/out/vs/workbench/api/node/extensionHostProcess.js:108:9024)
    at f.terminate (/usr/share/code/resources/app/out/vs/workbench/api/node/extensionHostProcess.js:108:9298)
    at h.terminate (/usr/share/code/resources/app/out/vs/workbench/api/node/extensionHostProcess.js:112:1397)
    at p (/usr/share/code/resources/app/out/vs/workbench/api/node/extensionHostProcess.js:122:17851)
    at MessagePortMain.<anonymous> (/usr/share/code/resources/app/out/vs/workbench/api/node/extensionHostProcess.js:122:13990)
    at MessagePortMain.emit (node:events:526:28)
    at Object.MessagePortMain._internalPort.emit (node:electron/js2c/utility_init:5:364) setContext undefined
2023-02-07 21:02:57.447 [error] Canceled: Canceled
    at new u (/usr/share/code/resources/app/out/vs/workbench/api/node/extensionHostProcess.js:96:88070)
    at l.O (/usr/share/code/resources/app/out/vs/workbench/api/node/extensionHostProcess.js:106:11276)
    at Proxy.V.<computed>.M.charCodeAt.V.<computed> (/usr/share/code/resources/app/out/vs/workbench/api/node/extensionHostProcess.js:106:8557)
    at s.g (/usr/share/code/resources/app/out/vs/workbench/api/node/extensionHostProcess.js:96:107430)
    at s.executeCommand (/usr/share/code/resources/app/out/vs/workbench/api/node/extensionHostProcess.js:96:106806)
    at w.registerCommand.description (/usr/share/code/resources/app/out/vs/workbench/api/node/extensionHostProcess.js:96:106099)
    at s.h (/usr/share/code/resources/app/out/vs/workbench/api/node/extensionHostProcess.js:96:108016)
    at s.g (/usr/share/code/resources/app/out/vs/workbench/api/node/extensionHostProcess.js:96:106906)
    at s.executeCommand (/usr/share/code/resources/app/out/vs/workbench/api/node/extensionHostProcess.js:96:106806)
    at Object.executeCommand (/usr/share/code/resources/app/out/vs/workbench/api/node/extensionHostProcess.js:117:30778)
    at setContext (/home/carlos/.vscode/extensions/eamodio.gitlens-13.2.0/dist/gitlens.js:205:24554)
    at y._updateContextKeys (/home/carlos/.vscode/extensions/eamodio.gitlens-13.2.0/dist/gitlens.js:6:6166)
    at onChanged (/home/carlos/.vscode/extensions/eamodio.gitlens-13.2.0/dist/gitlens.js:6:4600)
    at x.unregister (/home/carlos/.vscode/extensions/eamodio.gitlens-13.2.0/dist/gitlens.js:6:4737)
    at x.dispose (/home/carlos/.vscode/extensions/eamodio.gitlens-13.2.0/dist/gitlens.js:6:3462)
    at y.dispose (/home/carlos/.vscode/extensions/eamodio.gitlens-13.2.0/dist/gitlens.js:6:4287)
    at T (/usr/share/code/resources/app/out/vs/workbench/api/node/extensionHostProcess.js:10:12072)
    at f.X (/usr/share/code/resources/app/out/vs/workbench/api/node/extensionHostProcess.js:108:11242)
    at /usr/share/code/resources/app/out/vs/workbench/api/node/extensionHostProcess.js:108:9037
    at Array.map (<anonymous>)
    at f.Q (/usr/share/code/resources/app/out/vs/workbench/api/node/extensionHostProcess.js:108:9024)
    at f.terminate (/usr/share/code/resources/app/out/vs/workbench/api/node/extensionHostProcess.js:108:9298)
    at h.terminate (/usr/share/code/resources/app/out/vs/workbench/api/node/extensionHostProcess.js:112:1397)
    at p (/usr/share/code/resources/app/out/vs/workbench/api/node/extensionHostProcess.js:122:17851)
    at MessagePortMain.<anonymous> (/usr/share/code/resources/app/out/vs/workbench/api/node/extensionHostProcess.js:122:13990)
    at MessagePortMain.emit (node:events:526:28)
    at Object.MessagePortMain._internalPort.emit (node:electron/js2c/utility_init:5:364) setContext undefined
2023-02-07 21:02:57.448 [error] Canceled: Canceled
    at new u (/usr/share/code/resources/app/out/vs/workbench/api/node/extensionHostProcess.js:96:88070)
    at l.O (/usr/share/code/resources/app/out/vs/workbench/api/node/extensionHostProcess.js:106:11276)
    at Proxy.V.<computed>.M.charCodeAt.V.<computed> (/usr/share/code/resources/app/out/vs/workbench/api/node/extensionHostProcess.js:106:8557)
    at s.g (/usr/share/code/resources/app/out/vs/workbench/api/node/extensionHostProcess.js:96:107430)
    at s.executeCommand (/usr/share/code/resources/app/out/vs/workbench/api/node/extensionHostProcess.js:96:106806)
    at w.registerCommand.description (/usr/share/code/resources/app/out/vs/workbench/api/node/extensionHostProcess.js:96:106099)
    at s.h (/usr/share/code/resources/app/out/vs/workbench/api/node/extensionHostProcess.js:96:108016)
    at s.g (/usr/share/code/resources/app/out/vs/workbench/api/node/extensionHostProcess.js:96:106906)
    at s.executeCommand (/usr/share/code/resources/app/out/vs/workbench/api/node/extensionHostProcess.js:96:106806)
    at Object.executeCommand (/usr/share/code/resources/app/out/vs/workbench/api/node/extensionHostProcess.js:117:30778)
    at setContext (/home/carlos/.vscode/extensions/eamodio.gitlens-13.2.0/dist/gitlens.js:205:24554)
    at y._updateContextKeys (/home/carlos/.vscode/extensions/eamodio.gitlens-13.2.0/dist/gitlens.js:6:6166)
    at onChanged (/home/carlos/.vscode/extensions/eamodio.gitlens-13.2.0/dist/gitlens.js:6:4600)
    at x.unregister (/home/carlos/.vscode/extensions/eamodio.gitlens-13.2.0/dist/gitlens.js:6:4737)
    at x.dispose (/home/carlos/.vscode/extensions/eamodio.gitlens-13.2.0/dist/gitlens.js:6:3462)
    at y.dispose (/home/carlos/.vscode/extensions/eamodio.gitlens-13.2.0/dist/gitlens.js:6:4287)
    at T (/usr/share/code/resources/app/out/vs/workbench/api/node/extensionHostProcess.js:10:12072)
    at f.X (/usr/share/code/resources/app/out/vs/workbench/api/node/extensionHostProcess.js:108:11242)
    at /usr/share/code/resources/app/out/vs/workbench/api/node/extensionHostProcess.js:108:9037
    at Array.map (<anonymous>)
    at f.Q (/usr/share/code/resources/app/out/vs/workbench/api/node/extensionHostProcess.js:108:9024)
    at f.terminate (/usr/share/code/resources/app/out/vs/workbench/api/node/extensionHostProcess.js:108:9298)
    at h.terminate (/usr/share/code/resources/app/out/vs/workbench/api/node/extensionHostProcess.js:112:1397)
    at p (/usr/share/code/resources/app/out/vs/workbench/api/node/extensionHostProcess.js:122:17851)
    at MessagePortMain.<anonymous> (/usr/share/code/resources/app/out/vs/workbench/api/node/extensionHostProcess.js:122:13990)
    at MessagePortMain.emit (node:events:526:28)
    at Object.MessagePortMain._internalPort.emit (node:electron/js2c/utility_init:5:364) setContext undefined
2023-02-07 21:02:57.448 [error] Canceled: Canceled
    at new u (/usr/share/code/resources/app/out/vs/workbench/api/node/extensionHostProcess.js:96:88070)
    at l.O (/usr/share/code/resources/app/out/vs/workbench/api/node/extensionHostProcess.js:106:11276)
    at Proxy.V.<computed>.M.charCodeAt.V.<computed> (/usr/share/code/resources/app/out/vs/workbench/api/node/extensionHostProcess.js:106:8557)
    at s.g (/usr/share/code/resources/app/out/vs/workbench/api/node/extensionHostProcess.js:96:107430)
    at s.executeCommand (/usr/share/code/resources/app/out/vs/workbench/api/node/extensionHostProcess.js:96:106806)
    at w.registerCommand.description (/usr/share/code/resources/app/out/vs/workbench/api/node/extensionHostProcess.js:96:106099)
    at s.h (/usr/share/code/resources/app/out/vs/workbench/api/node/extensionHostProcess.js:96:108016)
    at s.g (/usr/share/code/resources/app/out/vs/workbench/api/node/extensionHostProcess.js:96:106906)
    at s.executeCommand (/usr/share/code/resources/app/out/vs/workbench/api/node/extensionHostProcess.js:96:106806)
    at Object.executeCommand (/usr/share/code/resources/app/out/vs/workbench/api/node/extensionHostProcess.js:117:30778)
    at setContext (/home/carlos/.vscode/extensions/eamodio.gitlens-13.2.0/dist/gitlens.js:205:24554)
    at y._updateContextKeys (/home/carlos/.vscode/extensions/eamodio.gitlens-13.2.0/dist/gitlens.js:6:6166)
    at onChanged (/home/carlos/.vscode/extensions/eamodio.gitlens-13.2.0/dist/gitlens.js:6:4600)
    at x.unregister (/home/carlos/.vscode/extensions/eamodio.gitlens-13.2.0/dist/gitlens.js:6:4737)
    at x.dispose (/home/carlos/.vscode/extensions/eamodio.gitlens-13.2.0/dist/gitlens.js:6:3462)
    at Object.dispose (/home/carlos/.vscode/extensions/eamodio.gitlens-13.2.0/dist/gitlens.js:6:4836)
    at T (/usr/share/code/resources/app/out/vs/workbench/api/node/extensionHostProcess.js:10:12072)
    at f.X (/usr/share/code/resources/app/out/vs/workbench/api/node/extensionHostProcess.js:108:11242)
    at /usr/share/code/resources/app/out/vs/workbench/api/node/extensionHostProcess.js:108:9037
    at Array.map (<anonymous>)
    at f.Q (/usr/share/code/resources/app/out/vs/workbench/api/node/extensionHostProcess.js:108:9024)
    at f.terminate (/usr/share/code/resources/app/out/vs/workbench/api/node/extensionHostProcess.js:108:9298)
    at h.terminate (/usr/share/code/resources/app/out/vs/workbench/api/node/extensionHostProcess.js:112:1397)
    at p (/usr/share/code/resources/app/out/vs/workbench/api/node/extensionHostProcess.js:122:17851)
    at MessagePortMain.<anonymous> (/usr/share/code/resources/app/out/vs/workbench/api/node/extensionHostProcess.js:122:13990)
    at MessagePortMain.emit (node:events:526:28)
    at Object.MessagePortMain._internalPort.emit (node:electron/js2c/utility_init:5:364) setContext undefined
2023-02-07 21:02:57.448 [error] Canceled: Canceled
    at new u (/usr/share/code/resources/app/out/vs/workbench/api/node/extensionHostProcess.js:96:88070)
    at l.O (/usr/share/code/resources/app/out/vs/workbench/api/node/extensionHostProcess.js:106:11276)
    at Proxy.V.<computed>.M.charCodeAt.V.<computed> (/usr/share/code/resources/app/out/vs/workbench/api/node/extensionHostProcess.js:106:8557)
    at s.g (/usr/share/code/resources/app/out/vs/workbench/api/node/extensionHostProcess.js:96:107430)
    at s.executeCommand (/usr/share/code/resources/app/out/vs/workbench/api/node/extensionHostProcess.js:96:106806)
    at w.registerCommand.description (/usr/share/code/resources/app/out/vs/workbench/api/node/extensionHostProcess.js:96:106099)
    at s.h (/usr/share/code/resources/app/out/vs/workbench/api/node/extensionHostProcess.js:96:108016)
    at s.g (/usr/share/code/resources/app/out/vs/workbench/api/node/extensionHostProcess.js:96:106906)
    at s.executeCommand (/usr/share/code/resources/app/out/vs/workbench/api/node/extensionHostProcess.js:96:106806)
    at Object.executeCommand (/usr/share/code/resources/app/out/vs/workbench/api/node/extensionHostProcess.js:117:30778)
    at setContext (/home/carlos/.vscode/extensions/eamodio.gitlens-13.2.0/dist/gitlens.js:205:24554)
    at y._updateContextKeys (/home/carlos/.vscode/extensions/eamodio.gitlens-13.2.0/dist/gitlens.js:6:6166)
    at onChanged (/home/carlos/.vscode/extensions/eamodio.gitlens-13.2.0/dist/gitlens.js:6:4600)
    at x.unregister (/home/carlos/.vscode/extensions/eamodio.gitlens-13.2.0/dist/gitlens.js:6:4737)
    at x.dispose (/home/carlos/.vscode/extensions/eamodio.gitlens-13.2.0/dist/gitlens.js:6:3462)
    at Object.dispose (/home/carlos/.vscode/extensions/eamodio.gitlens-13.2.0/dist/gitlens.js:6:4836)
    at T (/usr/share/code/resources/app/out/vs/workbench/api/node/extensionHostProcess.js:10:12072)
    at f.X (/usr/share/code/resources/app/out/vs/workbench/api/node/extensionHostProcess.js:108:11242)
    at /usr/share/code/resources/app/out/vs/workbench/api/node/extensionHostProcess.js:108:9037
    at Array.map (<anonymous>)
    at f.Q (/usr/share/code/resources/app/out/vs/workbench/api/node/extensionHostProcess.js:108:9024)
    at f.terminate (/usr/share/code/resources/app/out/vs/workbench/api/node/extensionHostProcess.js:108:9298)
    at h.terminate (/usr/share/code/resources/app/out/vs/workbench/api/node/extensionHostProcess.js:112:1397)
    at p (/usr/share/code/resources/app/out/vs/workbench/api/node/extensionHostProcess.js:122:17851)
    at MessagePortMain.<anonymous> (/usr/share/code/resources/app/out/vs/workbench/api/node/extensionHostProcess.js:122:13990)
    at MessagePortMain.emit (node:events:526:28)
    at Object.MessagePortMain._internalPort.emit (node:electron/js2c/utility_init:5:364) setContext undefined
2023-02-07 21:02:57.449 [error] Canceled: Canceled
    at new u (/usr/share/code/resources/app/out/vs/workbench/api/node/extensionHostProcess.js:96:88070)
    at l.O (/usr/share/code/resources/app/out/vs/workbench/api/node/extensionHostProcess.js:106:11276)
    at Proxy.V.<computed>.M.charCodeAt.V.<computed> (/usr/share/code/resources/app/out/vs/workbench/api/node/extensionHostProcess.js:106:8557)
    at s.g (/usr/share/code/resources/app/out/vs/workbench/api/node/extensionHostProcess.js:96:107430)
    at s.executeCommand (/usr/share/code/resources/app/out/vs/workbench/api/node/extensionHostProcess.js:96:106806)
    at w.registerCommand.description (/usr/share/code/resources/app/out/vs/workbench/api/node/extensionHostProcess.js:96:106099)
    at s.h (/usr/share/code/resources/app/out/vs/workbench/api/node/extensionHostProcess.js:96:108016)
    at s.g (/usr/share/code/resources/app/out/vs/workbench/api/node/extensionHostProcess.js:96:106906)
    at s.executeCommand (/usr/share/code/resources/app/out/vs/workbench/api/node/extensionHostProcess.js:96:106806)
    at Object.executeCommand (/usr/share/code/resources/app/out/vs/workbench/api/node/extensionHostProcess.js:117:30778)
    at setContext (/home/carlos/.vscode/extensions/eamodio.gitlens-13.2.0/dist/gitlens.js:205:24554)
    at y._updateContextKeys (/home/carlos/.vscode/extensions/eamodio.gitlens-13.2.0/dist/gitlens.js:6:6166)
    at onChanged (/home/carlos/.vscode/extensions/eamodio.gitlens-13.2.0/dist/gitlens.js:6:4600)
    at x.unregister (/home/carlos/.vscode/extensions/eamodio.gitlens-13.2.0/dist/gitlens.js:6:4737)
    at x.dispose (/home/carlos/.vscode/extensions/eamodio.gitlens-13.2.0/dist/gitlens.js:6:3462)
    at Object.dispose (/home/carlos/.vscode/extensions/eamodio.gitlens-13.2.0/dist/gitlens.js:6:4836)
    at T (/usr/share/code/resources/app/out/vs/workbench/api/node/extensionHostProcess.js:10:12072)
    at f.X (/usr/share/code/resources/app/out/vs/workbench/api/node/extensionHostProcess.js:108:11242)
    at /usr/share/code/resources/app/out/vs/workbench/api/node/extensionHostProcess.js:108:9037
    at Array.map (<anonymous>)
    at f.Q (/usr/share/code/resources/app/out/vs/workbench/api/node/extensionHostProcess.js:108:9024)
    at f.terminate (/usr/share/code/resources/app/out/vs/workbench/api/node/extensionHostProcess.js:108:9298)
    at h.terminate (/usr/share/code/resources/app/out/vs/workbench/api/node/extensionHostProcess.js:112:1397)
    at p (/usr/share/code/resources/app/out/vs/workbench/api/node/extensionHostProcess.js:122:17851)
    at MessagePortMain.<anonymous> (/usr/share/code/resources/app/out/vs/workbench/api/node/extensionHostProcess.js:122:13990)
    at MessagePortMain.emit (node:events:526:28)
    at Object.MessagePortMain._internalPort.emit (node:electron/js2c/utility_init:5:364) setContext undefined
2023-02-07 21:02:57.456 [error] Error: ENOENT: no such file or directory, open '/home/carlos/.config/Code/User/globalStorage/vscodevim.vim/.registers'
2023-02-07 21:02:57.460 [info] Extension host with pid 55780 exiting with code 0
2023-02-07 21:02:58.076 [info] Extension host with pid 55928 started
2023-02-07 21:02:58.076 [info] Skipping acquiring lock for /home/carlos/.config/Code/User/workspaceStorage/394455972da8576fd7e87f7b22d32c48.
2023-02-07 21:02:58.115 [info] ExtensionService#_doActivateExtension vscode.git-base, startup: true, activationEvent: '*', root cause: vscode.git
2023-02-07 21:02:58.119 [info] ExtensionService#_doActivateExtension vscodevim.vim, startup: true, activationEvent: '*'
2023-02-07 21:02:58.174 [info] ExtensionService#_doActivateExtension vscode.emmet, startup: false, activationEvent: 'onLanguage'
2023-02-07 21:02:58.179 [info] ExtensionService#_doActivateExtension vscode.github-authentication, startup: false, activationEvent: 'onAuthenticationRequest:github'
2023-02-07 21:02:58.207 [info] ExtensionService#_doActivateExtension vscode.microsoft-authentication, startup: false, activationEvent: 'onAuthenticationRequest:microsoft'
2023-02-07 21:02:58.314 [info] ExtensionService#_doActivateExtension vscode.git, startup: true, activationEvent: '*'
2023-02-07 21:02:58.338 [info] ExtensionService#_doActivateExtension vscode.github, startup: true, activationEvent: '*'
2023-02-07 21:02:58.452 [info] ExtensionService#_doActivateExtension ms-python.python, startup: true, activationEvent: 'workspaceContains:*.py', root cause: ms-python.isort
2023-02-07 21:02:58.714 [info] ExtensionService#_doActivateExtension ms-python.isort, startup: true, activationEvent: 'workspaceContains:*.py'
2023-02-07 21:02:58.749 [info] Eager extensions activated
2023-02-07 21:02:58.783 [info] ExtensionService#_doActivateExtension vscode.debug-auto-launch, startup: false, activationEvent: 'onStartupFinished'
2023-02-07 21:02:58.788 [info] ExtensionService#_doActivateExtension vscode.merge-conflict, startup: false, activationEvent: 'onStartupFinished'
2023-02-07 21:02:58.799 [info] ExtensionService#_doActivateExtension eamodio.gitlens, startup: false, activationEvent: 'onStartupFinished'
2023-02-07 21:02:58.844 [info] ExtensionService#_doActivateExtension vscode-icons-team.vscode-icons, startup: false, activationEvent: 'onStartupFinished'
2023-02-07 21:02:59.289 [error] Error: ENOENT: no such file or directory, open '/home/carlos/.config/Code/User/globalStorage/vscodevim.vim/.registers'
2023-02-07 21:03:06.406 [info] Extension host terminating: renderer closed the MessagePort
2023-02-07 21:03:06.443 [error] Canceled: Canceled
    at new u (/usr/share/code/resources/app/out/vs/workbench/api/node/extensionHostProcess.js:96:88070)
    at l.O (/usr/share/code/resources/app/out/vs/workbench/api/node/extensionHostProcess.js:106:11276)
    at Proxy.V.<computed>.M.charCodeAt.V.<computed> (/usr/share/code/resources/app/out/vs/workbench/api/node/extensionHostProcess.js:106:8557)
    at s.g (/usr/share/code/resources/app/out/vs/workbench/api/node/extensionHostProcess.js:96:107430)
    at s.executeCommand (/usr/share/code/resources/app/out/vs/workbench/api/node/extensionHostProcess.js:96:106806)
    at w.registerCommand.description (/usr/share/code/resources/app/out/vs/workbench/api/node/extensionHostProcess.js:96:106099)
    at s.h (/usr/share/code/resources/app/out/vs/workbench/api/node/extensionHostProcess.js:96:108016)
    at s.g (/usr/share/code/resources/app/out/vs/workbench/api/node/extensionHostProcess.js:96:106906)
    at s.executeCommand (/usr/share/code/resources/app/out/vs/workbench/api/node/extensionHostProcess.js:96:106806)
    at Object.executeCommand (/usr/share/code/resources/app/out/vs/workbench/api/node/extensionHostProcess.js:117:30778)
    at setContext (/home/carlos/.vscode/extensions/eamodio.gitlens-13.2.0/dist/gitlens.js:205:24554)
    at y._updateContextKeys (/home/carlos/.vscode/extensions/eamodio.gitlens-13.2.0/dist/gitlens.js:6:6166)
    at onChanged (/home/carlos/.vscode/extensions/eamodio.gitlens-13.2.0/dist/gitlens.js:6:4600)
    at x.unregister (/home/carlos/.vscode/extensions/eamodio.gitlens-13.2.0/dist/gitlens.js:6:4737)
    at x.dispose (/home/carlos/.vscode/extensions/eamodio.gitlens-13.2.0/dist/gitlens.js:6:3462)
    at y.dispose (/home/carlos/.vscode/extensions/eamodio.gitlens-13.2.0/dist/gitlens.js:6:4287)
    at T (/usr/share/code/resources/app/out/vs/workbench/api/node/extensionHostProcess.js:10:12072)
    at f.X (/usr/share/code/resources/app/out/vs/workbench/api/node/extensionHostProcess.js:108:11242)
    at /usr/share/code/resources/app/out/vs/workbench/api/node/extensionHostProcess.js:108:9037
    at Array.map (<anonymous>)
    at f.Q (/usr/share/code/resources/app/out/vs/workbench/api/node/extensionHostProcess.js:108:9024)
    at f.terminate (/usr/share/code/resources/app/out/vs/workbench/api/node/extensionHostProcess.js:108:9298)
    at h.terminate (/usr/share/code/resources/app/out/vs/workbench/api/node/extensionHostProcess.js:112:1397)
    at p (/usr/share/code/resources/app/out/vs/workbench/api/node/extensionHostProcess.js:122:17851)
    at MessagePortMain.<anonymous> (/usr/share/code/resources/app/out/vs/workbench/api/node/extensionHostProcess.js:122:13990)
    at MessagePortMain.emit (node:events:526:28)
    at Object.MessagePortMain._internalPort.emit (node:electron/js2c/utility_init:5:364) setContext undefined
2023-02-07 21:03:06.444 [error] Canceled: Canceled
    at new u (/usr/share/code/resources/app/out/vs/workbench/api/node/extensionHostProcess.js:96:88070)
    at l.O (/usr/share/code/resources/app/out/vs/workbench/api/node/extensionHostProcess.js:106:11276)
    at Proxy.V.<computed>.M.charCodeAt.V.<computed> (/usr/share/code/resources/app/out/vs/workbench/api/node/extensionHostProcess.js:106:8557)
    at s.g (/usr/share/code/resources/app/out/vs/workbench/api/node/extensionHostProcess.js:96:107430)
    at s.executeCommand (/usr/share/code/resources/app/out/vs/workbench/api/node/extensionHostProcess.js:96:106806)
    at w.registerCommand.description (/usr/share/code/resources/app/out/vs/workbench/api/node/extensionHostProcess.js:96:106099)
    at s.h (/usr/share/code/resources/app/out/vs/workbench/api/node/extensionHostProcess.js:96:108016)
    at s.g (/usr/share/code/resources/app/out/vs/workbench/api/node/extensionHostProcess.js:96:106906)
    at s.executeCommand (/usr/share/code/resources/app/out/vs/workbench/api/node/extensionHostProcess.js:96:106806)
    at Object.executeCommand (/usr/share/code/resources/app/out/vs/workbench/api/node/extensionHostProcess.js:117:30778)
    at setContext (/home/carlos/.vscode/extensions/eamodio.gitlens-13.2.0/dist/gitlens.js:205:24554)
    at y._updateContextKeys (/home/carlos/.vscode/extensions/eamodio.gitlens-13.2.0/dist/gitlens.js:6:6166)
    at onChanged (/home/carlos/.vscode/extensions/eamodio.gitlens-13.2.0/dist/gitlens.js:6:4600)
    at x.unregister (/home/carlos/.vscode/extensions/eamodio.gitlens-13.2.0/dist/gitlens.js:6:4737)
    at x.dispose (/home/carlos/.vscode/extensions/eamodio.gitlens-13.2.0/dist/gitlens.js:6:3462)
    at y.dispose (/home/carlos/.vscode/extensions/eamodio.gitlens-13.2.0/dist/gitlens.js:6:4287)
    at T (/usr/share/code/resources/app/out/vs/workbench/api/node/extensionHostProcess.js:10:12072)
    at f.X (/usr/share/code/resources/app/out/vs/workbench/api/node/extensionHostProcess.js:108:11242)
    at /usr/share/code/resources/app/out/vs/workbench/api/node/extensionHostProcess.js:108:9037
    at Array.map (<anonymous>)
    at f.Q (/usr/share/code/resources/app/out/vs/workbench/api/node/extensionHostProcess.js:108:9024)
    at f.terminate (/usr/share/code/resources/app/out/vs/workbench/api/node/extensionHostProcess.js:108:9298)
    at h.terminate (/usr/share/code/resources/app/out/vs/workbench/api/node/extensionHostProcess.js:112:1397)
    at p (/usr/share/code/resources/app/out/vs/workbench/api/node/extensionHostProcess.js:122:17851)
    at MessagePortMain.<anonymous> (/usr/share/code/resources/app/out/vs/workbench/api/node/extensionHostProcess.js:122:13990)
    at MessagePortMain.emit (node:events:526:28)
    at Object.MessagePortMain._internalPort.emit (node:electron/js2c/utility_init:5:364) setContext undefined
2023-02-07 21:03:06.444 [error] Canceled: Canceled
    at new u (/usr/share/code/resources/app/out/vs/workbench/api/node/extensionHostProcess.js:96:88070)
    at l.O (/usr/share/code/resources/app/out/vs/workbench/api/node/extensionHostProcess.js:106:11276)
    at Proxy.V.<computed>.M.charCodeAt.V.<computed> (/usr/share/code/resources/app/out/vs/workbench/api/node/extensionHostProcess.js:106:8557)
    at s.g (/usr/share/code/resources/app/out/vs/workbench/api/node/extensionHostProcess.js:96:107430)
    at s.executeCommand (/usr/share/code/resources/app/out/vs/workbench/api/node/extensionHostProcess.js:96:106806)
    at w.registerCommand.description (/usr/share/code/resources/app/out/vs/workbench/api/node/extensionHostProcess.js:96:106099)
    at s.h (/usr/share/code/resources/app/out/vs/workbench/api/node/extensionHostProcess.js:96:108016)
    at s.g (/usr/share/code/resources/app/out/vs/workbench/api/node/extensionHostProcess.js:96:106906)
    at s.executeCommand (/usr/share/code/resources/app/out/vs/workbench/api/node/extensionHostProcess.js:96:106806)
    at Object.executeCommand (/usr/share/code/resources/app/out/vs/workbench/api/node/extensionHostProcess.js:117:30778)
    at setContext (/home/carlos/.vscode/extensions/eamodio.gitlens-13.2.0/dist/gitlens.js:205:24554)
    at y._updateContextKeys (/home/carlos/.vscode/extensions/eamodio.gitlens-13.2.0/dist/gitlens.js:6:6166)
    at onChanged (/home/carlos/.vscode/extensions/eamodio.gitlens-13.2.0/dist/gitlens.js:6:4600)
    at x.unregister (/home/carlos/.vscode/extensions/eamodio.gitlens-13.2.0/dist/gitlens.js:6:4737)
    at x.dispose (/home/carlos/.vscode/extensions/eamodio.gitlens-13.2.0/dist/gitlens.js:6:3462)
    at y.dispose (/home/carlos/.vscode/extensions/eamodio.gitlens-13.2.0/dist/gitlens.js:6:4287)
    at T (/usr/share/code/resources/app/out/vs/workbench/api/node/extensionHostProcess.js:10:12072)
    at f.X (/usr/share/code/resources/app/out/vs/workbench/api/node/extensionHostProcess.js:108:11242)
    at /usr/share/code/resources/app/out/vs/workbench/api/node/extensionHostProcess.js:108:9037
    at Array.map (<anonymous>)
    at f.Q (/usr/share/code/resources/app/out/vs/workbench/api/node/extensionHostProcess.js:108:9024)
    at f.terminate (/usr/share/code/resources/app/out/vs/workbench/api/node/extensionHostProcess.js:108:9298)
    at h.terminate (/usr/share/code/resources/app/out/vs/workbench/api/node/extensionHostProcess.js:112:1397)
    at p (/usr/share/code/resources/app/out/vs/workbench/api/node/extensionHostProcess.js:122:17851)
    at MessagePortMain.<anonymous> (/usr/share/code/resources/app/out/vs/workbench/api/node/extensionHostProcess.js:122:13990)
    at MessagePortMain.emit (node:events:526:28)
    at Object.MessagePortMain._internalPort.emit (node:electron/js2c/utility_init:5:364) setContext undefined
2023-02-07 21:03:06.444 [error] Canceled: Canceled
    at new u (/usr/share/code/resources/app/out/vs/workbench/api/node/extensionHostProcess.js:96:88070)
    at l.O (/usr/share/code/resources/app/out/vs/workbench/api/node/extensionHostProcess.js:106:11276)
    at Proxy.V.<computed>.M.charCodeAt.V.<computed> (/usr/share/code/resources/app/out/vs/workbench/api/node/extensionHostProcess.js:106:8557)
    at s.g (/usr/share/code/resources/app/out/vs/workbench/api/node/extensionHostProcess.js:96:107430)
    at s.executeCommand (/usr/share/code/resources/app/out/vs/workbench/api/node/extensionHostProcess.js:96:106806)
    at w.registerCommand.description (/usr/share/code/resources/app/out/vs/workbench/api/node/extensionHostProcess.js:96:106099)
    at s.h (/usr/share/code/resources/app/out/vs/workbench/api/node/extensionHostProcess.js:96:108016)
    at s.g (/usr/share/code/resources/app/out/vs/workbench/api/node/extensionHostProcess.js:96:106906)
    at s.executeCommand (/usr/share/code/resources/app/out/vs/workbench/api/node/extensionHostProcess.js:96:106806)
    at Object.executeCommand (/usr/share/code/resources/app/out/vs/workbench/api/node/extensionHostProcess.js:117:30778)
    at setContext (/home/carlos/.vscode/extensions/eamodio.gitlens-13.2.0/dist/gitlens.js:205:24554)
    at y._updateContextKeys (/home/carlos/.vscode/extensions/eamodio.gitlens-13.2.0/dist/gitlens.js:6:6166)
    at onChanged (/home/carlos/.vscode/extensions/eamodio.gitlens-13.2.0/dist/gitlens.js:6:4600)
    at x.unregister (/home/carlos/.vscode/extensions/eamodio.gitlens-13.2.0/dist/gitlens.js:6:4737)
    at x.dispose (/home/carlos/.vscode/extensions/eamodio.gitlens-13.2.0/dist/gitlens.js:6:3462)
    at Object.dispose (/home/carlos/.vscode/extensions/eamodio.gitlens-13.2.0/dist/gitlens.js:6:4836)
    at T (/usr/share/code/resources/app/out/vs/workbench/api/node/extensionHostProcess.js:10:12072)
    at f.X (/usr/share/code/resources/app/out/vs/workbench/api/node/extensionHostProcess.js:108:11242)
    at /usr/share/code/resources/app/out/vs/workbench/api/node/extensionHostProcess.js:108:9037
    at Array.map (<anonymous>)
    at f.Q (/usr/share/code/resources/app/out/vs/workbench/api/node/extensionHostProcess.js:108:9024)
    at f.terminate (/usr/share/code/resources/app/out/vs/workbench/api/node/extensionHostProcess.js:108:9298)
    at h.terminate (/usr/share/code/resources/app/out/vs/workbench/api/node/extensionHostProcess.js:112:1397)
    at p (/usr/share/code/resources/app/out/vs/workbench/api/node/extensionHostProcess.js:122:17851)
    at MessagePortMain.<anonymous> (/usr/share/code/resources/app/out/vs/workbench/api/node/extensionHostProcess.js:122:13990)
    at MessagePortMain.emit (node:events:526:28)
    at Object.MessagePortMain._internalPort.emit (node:electron/js2c/utility_init:5:364) setContext undefined
2023-02-07 21:03:06.445 [error] Canceled: Canceled
    at new u (/usr/share/code/resources/app/out/vs/workbench/api/node/extensionHostProcess.js:96:88070)
    at l.O (/usr/share/code/resources/app/out/vs/workbench/api/node/extensionHostProcess.js:106:11276)
    at Proxy.V.<computed>.M.charCodeAt.V.<computed> (/usr/share/code/resources/app/out/vs/workbench/api/node/extensionHostProcess.js:106:8557)
    at s.g (/usr/share/code/resources/app/out/vs/workbench/api/node/extensionHostProcess.js:96:107430)
    at s.executeCommand (/usr/share/code/resources/app/out/vs/workbench/api/node/extensionHostProcess.js:96:106806)
    at w.registerCommand.description (/usr/share/code/resources/app/out/vs/workbench/api/node/extensionHostProcess.js:96:106099)
    at s.h (/usr/share/code/resources/app/out/vs/workbench/api/node/extensionHostProcess.js:96:108016)
    at s.g (/usr/share/code/resources/app/out/vs/workbench/api/node/extensionHostProcess.js:96:106906)
    at s.executeCommand (/usr/share/code/resources/app/out/vs/workbench/api/node/extensionHostProcess.js:96:106806)
    at Object.executeCommand (/usr/share/code/resources/app/out/vs/workbench/api/node/extensionHostProcess.js:117:30778)
    at setContext (/home/carlos/.vscode/extensions/eamodio.gitlens-13.2.0/dist/gitlens.js:205:24554)
    at y._updateContextKeys (/home/carlos/.vscode/extensions/eamodio.gitlens-13.2.0/dist/gitlens.js:6:6166)
    at onChanged (/home/carlos/.vscode/extensions/eamodio.gitlens-13.2.0/dist/gitlens.js:6:4600)
    at x.unregister (/home/carlos/.vscode/extensions/eamodio.gitlens-13.2.0/dist/gitlens.js:6:4737)
    at x.dispose (/home/carlos/.vscode/extensions/eamodio.gitlens-13.2.0/dist/gitlens.js:6:3462)
    at Object.dispose (/home/carlos/.vscode/extensions/eamodio.gitlens-13.2.0/dist/gitlens.js:6:4836)
    at T (/usr/share/code/resources/app/out/vs/workbench/api/node/extensionHostProcess.js:10:12072)
    at f.X (/usr/share/code/resources/app/out/vs/workbench/api/node/extensionHostProcess.js:108:11242)
    at /usr/share/code/resources/app/out/vs/workbench/api/node/extensionHostProcess.js:108:9037
    at Array.map (<anonymous>)
    at f.Q (/usr/share/code/resources/app/out/vs/workbench/api/node/extensionHostProcess.js:108:9024)
    at f.terminate (/usr/share/code/resources/app/out/vs/workbench/api/node/extensionHostProcess.js:108:9298)
    at h.terminate (/usr/share/code/resources/app/out/vs/workbench/api/node/extensionHostProcess.js:112:1397)
    at p (/usr/share/code/resources/app/out/vs/workbench/api/node/extensionHostProcess.js:122:17851)
    at MessagePortMain.<anonymous> (/usr/share/code/resources/app/out/vs/workbench/api/node/extensionHostProcess.js:122:13990)
    at MessagePortMain.emit (node:events:526:28)
    at Object.MessagePortMain._internalPort.emit (node:electron/js2c/utility_init:5:364) setContext undefined
2023-02-07 21:03:06.445 [error] Canceled: Canceled
    at new u (/usr/share/code/resources/app/out/vs/workbench/api/node/extensionHostProcess.js:96:88070)
    at l.O (/usr/share/code/resources/app/out/vs/workbench/api/node/extensionHostProcess.js:106:11276)
    at Proxy.V.<computed>.M.charCodeAt.V.<computed> (/usr/share/code/resources/app/out/vs/workbench/api/node/extensionHostProcess.js:106:8557)
    at s.g (/usr/share/code/resources/app/out/vs/workbench/api/node/extensionHostProcess.js:96:107430)
    at s.executeCommand (/usr/share/code/resources/app/out/vs/workbench/api/node/extensionHostProcess.js:96:106806)
    at w.registerCommand.description (/usr/share/code/resources/app/out/vs/workbench/api/node/extensionHostProcess.js:96:106099)
    at s.h (/usr/share/code/resources/app/out/vs/workbench/api/node/extensionHostProcess.js:96:108016)
    at s.g (/usr/share/code/resources/app/out/vs/workbench/api/node/extensionHostProcess.js:96:106906)
    at s.executeCommand (/usr/share/code/resources/app/out/vs/workbench/api/node/extensionHostProcess.js:96:106806)
    at Object.executeCommand (/usr/share/code/resources/app/out/vs/workbench/api/node/extensionHostProcess.js:117:30778)
    at setContext (/home/carlos/.vscode/extensions/eamodio.gitlens-13.2.0/dist/gitlens.js:205:24554)
    at y._updateContextKeys (/home/carlos/.vscode/extensions/eamodio.gitlens-13.2.0/dist/gitlens.js:6:6166)
    at onChanged (/home/carlos/.vscode/extensions/eamodio.gitlens-13.2.0/dist/gitlens.js:6:4600)
    at x.unregister (/home/carlos/.vscode/extensions/eamodio.gitlens-13.2.0/dist/gitlens.js:6:4737)
    at x.dispose (/home/carlos/.vscode/extensions/eamodio.gitlens-13.2.0/dist/gitlens.js:6:3462)
    at Object.dispose (/home/carlos/.vscode/extensions/eamodio.gitlens-13.2.0/dist/gitlens.js:6:4836)
    at T (/usr/share/code/resources/app/out/vs/workbench/api/node/extensionHostProcess.js:10:12072)
    at f.X (/usr/share/code/resources/app/out/vs/workbench/api/node/extensionHostProcess.js:108:11242)
    at /usr/share/code/resources/app/out/vs/workbench/api/node/extensionHostProcess.js:108:9037
    at Array.map (<anonymous>)
    at f.Q (/usr/share/code/resources/app/out/vs/workbench/api/node/extensionHostProcess.js:108:9024)
    at f.terminate (/usr/share/code/resources/app/out/vs/workbench/api/node/extensionHostProcess.js:108:9298)
    at h.terminate (/usr/share/code/resources/app/out/vs/workbench/api/node/extensionHostProcess.js:112:1397)
    at p (/usr/share/code/resources/app/out/vs/workbench/api/node/extensionHostProcess.js:122:17851)
    at MessagePortMain.<anonymous> (/usr/share/code/resources/app/out/vs/workbench/api/node/extensionHostProcess.js:122:13990)
    at MessagePortMain.emit (node:events:526:28)
    at Object.MessagePortMain._internalPort.emit (node:electron/js2c/utility_init:5:364) setContext undefined
2023-02-07 21:03:06.446 [error] ProxyResolver#resolveProxy DIRECT Canceled: Canceled
    at new u (/usr/share/code/resources/app/out/vs/workbench/api/node/extensionHostProcess.js:96:88070)
    at l.O (/usr/share/code/resources/app/out/vs/workbench/api/node/extensionHostProcess.js:106:11276)
    at Proxy.V.<computed>.M.charCodeAt.V.<computed> (/usr/share/code/resources/app/out/vs/workbench/api/node/extensionHostProcess.js:106:8557)
    at F.resolveProxy (/usr/share/code/resources/app/out/vs/workbench/api/node/extensionHostProcess.js:107:20103)
    at Object.resolveProxy (/usr/share/code/resources/app/out/vs/workbench/api/node/extensionHostProcess.js:117:59836)
    at useProxySettings (/usr/share/code/resources/app/node_modules.asar/vscode-proxy-agent/out/index.js:159:16)
    at /usr/share/code/resources/app/node_modules.asar/vscode-proxy-agent/out/index.js:107:13
    at /usr/share/code/resources/app/node_modules.asar/vscode-proxy-agent/out/index.js:336:13
    at processTicksAndRejections (node:internal/process/task_queues:96:5) 
2023-02-07 21:03:06.461 [error] Error: ENOENT: no such file or directory, open '/home/carlos/.config/Code/User/globalStorage/vscodevim.vim/.registers'
2023-02-07 21:03:06.463 [info] Extension host with pid 55928 exiting with code 0
