2023-02-07 19:40:05.743 [info] Starting worker process with pid 28542 (type: fileWatcher, window: 1).
2023-02-07 19:51:26.984 [info] Getting Manifest... ms-azuretools.vscode-docker
2023-02-07 19:51:26.991 [info] Installing extension: ms-azuretools.vscode-docker
2023-02-07 19:51:30.158 [info] Extension signature verification: ms-azuretools.vscode-docker. Verification status: Verified.
2023-02-07 19:51:30.253 [info] Extracted extension to /home/carlos/.vscode/extensions/.dc675a58-75b5-4372-a797-9f250979bb2c: ms-azuretools.vscode-docker
2023-02-07 19:51:30.269 [info] Renamed to /home/carlos/.vscode/extensions/ms-azuretools.vscode-docker-1.23.3
2023-02-07 19:51:30.274 [info] Extracting completed. ms-azuretools.vscode-docker
2023-02-07 19:51:30.292 [info] Extension installed successfully: ms-azuretools.vscode-docker
2023-02-07 19:55:47.276 [info] Getting Manifest... ms-python.vscode-pylance
2023-02-07 19:55:47.283 [info] Installing extension: ms-python.vscode-pylance
2023-02-07 19:55:47.979 [info] Getting Manifest... ms-python.python
2023-02-07 19:55:49.233 [info] Getting Manifest... ms-toolsai.jupyter
2023-02-07 19:55:49.591 [info] Getting Manifest... ms-toolsai.jupyter-keymap
2023-02-07 19:55:50.245 [info] Getting Manifest... ms-toolsai.jupyter-renderers
2023-02-07 19:55:50.856 [info] Getting Manifest... ms-toolsai.vscode-jupyter-cell-tags
2023-02-07 19:55:51.470 [info] Getting Manifest... ms-toolsai.vscode-jupyter-slideshow
2023-02-07 19:55:51.628 [info] Getting Manifest... ms-python.isort
2023-02-07 19:55:52.353 [info] Installing extension: ms-python.python ms-python.vscode-pylance
2023-02-07 19:55:52.353 [info] Installing extension: ms-toolsai.jupyter ms-python.vscode-pylance
2023-02-07 19:55:52.353 [info] Installing extension: ms-toolsai.jupyter-keymap ms-python.vscode-pylance
2023-02-07 19:55:52.354 [info] Installing extension: ms-toolsai.jupyter-renderers ms-python.vscode-pylance
2023-02-07 19:55:52.354 [info] Installing extension: ms-toolsai.vscode-jupyter-cell-tags ms-python.vscode-pylance
2023-02-07 19:55:52.354 [info] Installing extension: ms-toolsai.vscode-jupyter-slideshow ms-python.vscode-pylance
2023-02-07 19:55:52.354 [info] Installing extension: ms-python.isort ms-python.vscode-pylance
2023-02-07 19:55:53.501 [info] Extracted extension to /home/carlos/.vscode/extensions/.4e57fc04-2e89-42c7-8e1c-bae23ff7bab4: ms-toolsai.vscode-jupyter-cell-tags
2023-02-07 19:55:53.509 [info] Renamed to /home/carlos/.vscode/extensions/ms-toolsai.vscode-jupyter-cell-tags-0.1.6
2023-02-07 19:55:53.511 [info] Extracting completed. ms-toolsai.vscode-jupyter-cell-tags
2023-02-07 19:55:53.767 [info] Extracted extension to /home/carlos/.vscode/extensions/.3b0fe5a8-641f-4337-b2f8-63d27b9490f1: ms-toolsai.jupyter-keymap
2023-02-07 19:55:53.774 [info] Extracted extension to /home/carlos/.vscode/extensions/.fc0d7071-2a3f-46d2-9d96-2af1849ff0d9: ms-toolsai.vscode-jupyter-slideshow
2023-02-07 19:55:53.790 [info] Renamed to /home/carlos/.vscode/extensions/ms-toolsai.vscode-jupyter-slideshow-0.1.5
2023-02-07 19:55:53.790 [info] Renamed to /home/carlos/.vscode/extensions/ms-toolsai.jupyter-keymap-1.0.0
2023-02-07 19:55:53.793 [info] Extracting completed. ms-toolsai.jupyter-keymap
2023-02-07 19:55:53.794 [info] Extracting completed. ms-toolsai.vscode-jupyter-slideshow
2023-02-07 19:55:54.997 [info] Extension signature verification: ms-python.python. Verification status: Verified.
2023-02-07 19:55:55.140 [info] Extension signature verification: ms-toolsai.jupyter. Verification status: Verified.
2023-02-07 19:55:55.624 [info] Extension signature verification: ms-toolsai.jupyter-renderers. Verification status: Verified.
2023-02-07 19:55:55.632 [info] Extracted extension to /home/carlos/.vscode/extensions/.7df8c3a2-8927-4c05-82e0-6fc50b75318f: ms-toolsai.jupyter
2023-02-07 19:55:55.643 [info] Renamed to /home/carlos/.vscode/extensions/ms-toolsai.jupyter-2023.1.2010391206
2023-02-07 19:55:55.652 [info] Extracting completed. ms-toolsai.jupyter
2023-02-07 19:55:55.821 [info] Extracted extension to /home/carlos/.vscode/extensions/.ee8dad26-3928-4408-b0d5-91ebfa053614: ms-toolsai.jupyter-renderers
2023-02-07 19:55:55.838 [info] Renamed to /home/carlos/.vscode/extensions/ms-toolsai.jupyter-renderers-1.0.14
2023-02-07 19:55:55.841 [info] Extracting completed. ms-toolsai.jupyter-renderers
2023-02-07 19:55:56.541 [info] Extracted extension to /home/carlos/.vscode/extensions/.8ac2ec0d-71f1-453e-825d-bf02c458c007: ms-python.python
2023-02-07 19:55:56.560 [info] Renamed to /home/carlos/.vscode/extensions/ms-python.python-2023.2.0
2023-02-07 19:55:56.565 [info] Extracting completed. ms-python.python
2023-02-07 19:55:59.184 [info] Extension signature verification: ms-python.isort. Verification status: Verified.
2023-02-07 19:55:59.287 [info] Extracted extension to /home/carlos/.vscode/extensions/.01bf0b89-5dd3-46b2-b9d8-d5215e506067: ms-python.isort
2023-02-07 19:55:59.309 [info] Renamed to /home/carlos/.vscode/extensions/ms-python.isort-2022.8.0
2023-02-07 19:55:59.312 [info] Extracting completed. ms-python.isort
2023-02-07 19:56:02.190 [info] Extension signature verification: ms-python.vscode-pylance. Verification status: Verified.
2023-02-07 19:56:03.737 [info] Extracted extension to /home/carlos/.vscode/extensions/.8fc1f841-b2ed-4889-8838-e9f315bebd44: ms-python.vscode-pylance
2023-02-07 19:56:03.765 [info] Renamed to /home/carlos/.vscode/extensions/ms-python.vscode-pylance-2023.2.10
2023-02-07 19:56:03.767 [info] Extracting completed. ms-python.vscode-pylance
2023-02-07 19:56:03.785 [info] Extension installed successfully: ms-toolsai.vscode-jupyter-cell-tags
2023-02-07 19:56:03.785 [info] Extension installed successfully: ms-toolsai.jupyter-keymap
2023-02-07 19:56:03.785 [info] Extension installed successfully: ms-toolsai.vscode-jupyter-slideshow
2023-02-07 19:56:03.785 [info] Extension installed successfully: ms-toolsai.jupyter
2023-02-07 19:56:03.785 [info] Extension installed successfully: ms-toolsai.jupyter-renderers
2023-02-07 19:56:03.785 [info] Extension installed successfully: ms-python.python
2023-02-07 19:56:03.785 [info] Extension installed successfully: ms-python.isort
2023-02-07 19:56:03.785 [info] Extension installed successfully: ms-python.vscode-pylance
2023-02-07 19:56:25.909 [info] Uninstalling extension from the profile: ms-toolsai.jupyter@2023.1.2010391206 vscode-userdata:/home/carlos/.vscode/extensions/extensions.json
2023-02-07 19:56:25.936 [info] Uninstalling extension from the profile: ms-toolsai.jupyter-keymap@1.0.0 vscode-userdata:/home/carlos/.vscode/extensions/extensions.json
2023-02-07 19:56:25.937 [info] Uninstalling extension from the profile: ms-toolsai.jupyter-renderers@1.0.14 vscode-userdata:/home/carlos/.vscode/extensions/extensions.json
2023-02-07 19:56:25.937 [info] Uninstalling extension from the profile: ms-toolsai.vscode-jupyter-cell-tags@0.1.6 vscode-userdata:/home/carlos/.vscode/extensions/extensions.json
2023-02-07 19:56:25.937 [info] Uninstalling extension from the profile: ms-toolsai.vscode-jupyter-slideshow@0.1.5 vscode-userdata:/home/carlos/.vscode/extensions/extensions.json
2023-02-07 19:56:25.983 [info] Marked extension as uninstalled ms-toolsai.jupyter-2023.1.2010391206
2023-02-07 19:56:25.983 [info] Marked extension as uninstalled ms-toolsai.jupyter-keymap-1.0.0
2023-02-07 19:56:25.983 [info] Marked extension as uninstalled ms-toolsai.jupyter-renderers-1.0.14
2023-02-07 19:56:26.008 [info] Marked extension as uninstalled ms-toolsai.vscode-jupyter-cell-tags-0.1.6
2023-02-07 19:56:26.028 [info] Marked extension as uninstalled ms-toolsai.vscode-jupyter-slideshow-0.1.5
2023-02-07 19:56:26.313 [info] Successfully uninstalled extension from the profile ms-toolsai.jupyter@2023.1.2010391206 vscode-userdata:/home/carlos/.vscode/extensions/extensions.json
2023-02-07 19:56:26.418 [info] Successfully uninstalled extension from the profile ms-toolsai.jupyter-renderers@1.0.14 vscode-userdata:/home/carlos/.vscode/extensions/extensions.json
2023-02-07 19:56:26.421 [info] Successfully uninstalled extension from the profile ms-toolsai.jupyter-keymap@1.0.0 vscode-userdata:/home/carlos/.vscode/extensions/extensions.json
2023-02-07 19:56:26.995 [info] Successfully uninstalled extension from the profile ms-toolsai.vscode-jupyter-slideshow@0.1.5 vscode-userdata:/home/carlos/.vscode/extensions/extensions.json
2023-02-07 19:56:27.083 [info] Successfully uninstalled extension from the profile ms-toolsai.vscode-jupyter-cell-tags@0.1.6 vscode-userdata:/home/carlos/.vscode/extensions/extensions.json
2023-02-07 19:57:14.679 [info] Getting Manifest... eamodio.gitlens
2023-02-07 19:57:14.692 [info] Installing extension: eamodio.gitlens
2023-02-07 19:57:17.880 [info] Extension signature verification: eamodio.gitlens. Verification status: Verified.
2023-02-07 19:57:18.079 [info] Extracted extension to /home/carlos/.vscode/extensions/.dc2779f3-c1e6-4e68-8cb7-da1e1db1213e: eamodio.gitlens
2023-02-07 19:57:18.094 [info] Renamed to /home/carlos/.vscode/extensions/eamodio.gitlens-13.2.0
2023-02-07 19:57:18.099 [info] Extracting completed. eamodio.gitlens
2023-02-07 19:57:18.119 [info] Extension installed successfully: eamodio.gitlens
2023-02-07 20:00:52.462 [info] Worker process with pid 28542 terminated normally (type: fileWatcher, window: 1).
2023-02-07 20:00:53.181 [info] Starting worker process with pid 34760 (type: fileWatcher, window: 1).
