2023-02-07 20:56:42.566 [info] Reading sessions from keychain...
2023-02-07 20:56:42.566 [info] Getting sessions for user:email...
2023-02-07 20:56:42.566 [info] Got stored sessions!
2023-02-07 20:56:42.566 [info] Got 2 verified sessions.
2023-02-07 20:56:42.566 [info] Got 1 sessions for user:email...
2023-02-07 20:56:42.566 [info] Getting sessions for all scopes...
2023-02-07 20:56:42.566 [info] Got 2 sessions for ...
2023-02-07 20:56:42.739 [info] Getting sessions for all scopes...
2023-02-07 20:56:42.739 [info] Got 2 sessions for ...
2023-02-07 20:56:42.774 [info] Getting sessions for all scopes...
2023-02-07 20:56:42.774 [info] Got 2 sessions for ...
2023-02-07 20:56:43.977 [info] Getting user info...
2023-02-07 20:56:44.275 [info] Got account info!
2023-02-07 21:02:37.396 [info] Reading sessions from keychain...
2023-02-07 21:02:37.397 [info] Getting sessions for user:email...
2023-02-07 21:02:37.397 [info] Got stored sessions!
2023-02-07 21:02:37.397 [info] Got 2 verified sessions.
2023-02-07 21:02:37.397 [info] Got 1 sessions for user:email...
2023-02-07 21:02:37.397 [info] Getting sessions for all scopes...
2023-02-07 21:02:37.397 [info] Got 2 sessions for ...
2023-02-07 21:02:37.835 [info] Getting sessions for all scopes...
2023-02-07 21:02:37.835 [info] Got 2 sessions for ...
2023-02-07 21:02:39.050 [info] Getting user info...
2023-02-07 21:02:39.429 [info] Got account info!
2023-02-07 21:02:58.672 [info] Reading sessions from keychain...
2023-02-07 21:02:58.672 [info] Getting sessions for user:email...
2023-02-07 21:02:58.672 [info] Got stored sessions!
2023-02-07 21:02:58.672 [info] Got 2 verified sessions.
2023-02-07 21:02:58.672 [info] Got 1 sessions for user:email...
2023-02-07 21:02:58.672 [info] Getting sessions for user:email...
2023-02-07 21:02:58.672 [info] Got 1 sessions for user:email...
2023-02-07 21:02:58.672 [info] Getting sessions for all scopes...
2023-02-07 21:02:58.672 [info] Got 2 sessions for ...
2023-02-07 21:02:59.155 [info] Getting sessions for all scopes...
2023-02-07 21:02:59.155 [info] Got 2 sessions for ...
2023-02-07 21:03:00.001 [info] Getting user info...
2023-02-07 21:03:00.263 [info] Got account info!
