[Info  - 19:56:06] (32820) Pylance language server 2023.2.10 (pyright 01758105) starting
[Info  - 19:56:06] (32820) Server root directory: /home/carlos/.vscode/extensions/ms-python.vscode-pylance-2023.2.10/dist
[Info  - 19:56:06] (32820) Starting service instance "Escritorio"
[Info  - 19:56:06] (32820) No configuration file found.
[Info  - 19:56:06] (32820) No pyproject.toml file found.
[Info  - 19:56:06] (32820) Setting pythonPath for service "Escritorio": "/bin/python3"
[Warn  - 19:56:06] (32820) stubPath /home/carlos/Escritorio/typings is not a valid directory.
[Info  - 19:56:06] (32820) Assuming Python version 3.10
[Info  - 19:56:06] (32820) Assuming Python platform Linux
[Info  - 19:56:06] (32820) Searching for source files
[Info  - 19:56:06] (32820) Found 1 source file
[Info  - 19:56:06] (32820) Background analysis(1) root directory: /home/carlos/.vscode/extensions/ms-python.vscode-pylance-2023.2.10/dist
[Info  - 19:56:06] (32820) Background analysis(1) started
[Info  - 19:56:26] (32820) No configuration file found.
[Info  - 19:56:26] (32820) No pyproject.toml file found.
[Info  - 19:56:26] (32820) Setting pythonPath for service "Escritorio": "/bin/python3"
[Warn  - 19:56:26] (32820) stubPath /home/carlos/Escritorio/typings is not a valid directory.
[Info  - 19:56:26] (32820) Assuming Python version 3.10
[Info  - 19:56:26] (32820) Assuming Python platform Linux
[Info  - 19:56:26] (32820) Searching for source files
[Info  - 19:56:26] (32820) Found 1 source file
