2023-02-07 20:14:21.108 [info] Starting worker process with pid 36837 (type: fileWatcher, window: 1).
2023-02-07 20:14:21.321 [info] Deleted from disk ms-toolsai.jupyter-keymap /home/carlos/.vscode/extensions/ms-toolsai.jupyter-keymap-1.0.0
2023-02-07 20:14:21.350 [info] Deleted from disk ms-toolsai.vscode-jupyter-slideshow /home/carlos/.vscode/extensions/ms-toolsai.vscode-jupyter-slideshow-0.1.5
2023-02-07 20:14:21.429 [info] Deleted from disk ms-toolsai.jupyter-renderers /home/carlos/.vscode/extensions/ms-toolsai.jupyter-renderers-1.0.14
2023-02-07 20:14:21.440 [info] Deleted from disk ms-toolsai.vscode-jupyter-cell-tags /home/carlos/.vscode/extensions/ms-toolsai.vscode-jupyter-cell-tags-0.1.6
2023-02-07 20:14:21.482 [info] Deleted from disk ms-toolsai.jupyter /home/carlos/.vscode/extensions/ms-toolsai.jupyter-2023.1.2010391206
2023-02-07 20:32:18.717 [info] Extensions added from another source eamodio.gitlens vscode-userdata:/home/carlos/.config/Code/User/profiles/-3e068443/extensions.json
2023-02-07 20:32:18.718 [info] Extensions added from another source ms-azuretools.vscode-docker vscode-userdata:/home/carlos/.config/Code/User/profiles/-3e068443/extensions.json
2023-02-07 20:32:18.718 [info] Extensions added from another source ms-python.isort vscode-userdata:/home/carlos/.config/Code/User/profiles/-3e068443/extensions.json
2023-02-07 20:32:18.718 [info] Extensions added from another source ms-python.python vscode-userdata:/home/carlos/.config/Code/User/profiles/-3e068443/extensions.json
2023-02-07 20:32:18.719 [info] Extensions added from another source ms-python.vscode-pylance vscode-userdata:/home/carlos/.config/Code/User/profiles/-3e068443/extensions.json
2023-02-07 20:32:18.719 [info] Extensions added from another source vscode-icons-team.vscode-icons vscode-userdata:/home/carlos/.config/Code/User/profiles/-3e068443/extensions.json
2023-02-07 20:32:18.719 [info] Extensions added from another source vscodevim.vim vscode-userdata:/home/carlos/.config/Code/User/profiles/-3e068443/extensions.json
2023-02-07 20:32:41.980 [info] Uninstalling extension from the profile: ms-python.python@2023.2.0 vscode-userdata:/home/carlos/.config/Code/User/profiles/-3e068443/extensions.json
2023-02-07 20:32:41.999 [info] Uninstalling extension from the profile: ms-python.isort@2022.8.0 vscode-userdata:/home/carlos/.config/Code/User/profiles/-3e068443/extensions.json
2023-02-07 20:32:41.999 [info] Uninstalling extension from the profile: ms-python.vscode-pylance@2023.2.10 vscode-userdata:/home/carlos/.config/Code/User/profiles/-3e068443/extensions.json
2023-02-07 20:32:42.305 [info] Successfully uninstalled extension from the profile ms-python.python@2023.2.0 vscode-userdata:/home/carlos/.config/Code/User/profiles/-3e068443/extensions.json
2023-02-07 20:32:42.341 [info] Successfully uninstalled extension from the profile ms-python.isort@2022.8.0 vscode-userdata:/home/carlos/.config/Code/User/profiles/-3e068443/extensions.json
2023-02-07 20:32:42.342 [info] Successfully uninstalled extension from the profile ms-python.vscode-pylance@2023.2.10 vscode-userdata:/home/carlos/.config/Code/User/profiles/-3e068443/extensions.json
2023-02-07 20:32:43.268 [info] Worker process with pid 36837 terminated normally (type: fileWatcher, window: 1).
2023-02-07 20:32:43.902 [info] Starting worker process with pid 43637 (type: fileWatcher, window: 1).
2023-02-07 20:32:51.208 [info] Getting Manifest... ms-python.python
2023-02-07 20:32:51.217 [info] Installing extension: ms-python.python
2023-02-07 20:32:51.808 [info] Getting Manifest... ms-toolsai.jupyter
2023-02-07 20:32:52.120 [info] Getting Manifest... ms-toolsai.jupyter-keymap
2023-02-07 20:32:52.755 [info] Getting Manifest... ms-toolsai.jupyter-renderers
2023-02-07 20:32:53.331 [info] Getting Manifest... ms-toolsai.vscode-jupyter-cell-tags
2023-02-07 20:32:53.975 [info] Getting Manifest... ms-toolsai.vscode-jupyter-slideshow
2023-02-07 20:32:54.598 [info] Getting Manifest... ms-python.vscode-pylance
2023-02-07 20:32:54.757 [info] Getting Manifest... ms-python.isort
2023-02-07 20:32:55.381 [info] Installing extension: ms-toolsai.jupyter ms-python.python
2023-02-07 20:32:55.381 [info] Installing extension: ms-toolsai.jupyter-keymap ms-python.python
2023-02-07 20:32:55.381 [info] Installing extension: ms-toolsai.jupyter-renderers ms-python.python
2023-02-07 20:32:55.381 [info] Installing extension: ms-toolsai.vscode-jupyter-cell-tags ms-python.python
2023-02-07 20:32:55.381 [info] Installing extension: ms-toolsai.vscode-jupyter-slideshow ms-python.python
2023-02-07 20:32:55.381 [info] Installing extension: ms-python.vscode-pylance ms-python.python
2023-02-07 20:32:55.381 [info] Installing extension: ms-python.isort ms-python.python
2023-02-07 20:32:55.731 [info] Extracted extension to /home/carlos/.vscode/extensions/.00df3d88-5470-4ba2-be32-2c640306e64f: ms-toolsai.jupyter-keymap
2023-02-07 20:32:55.742 [info] Renamed to /home/carlos/.vscode/extensions/ms-toolsai.jupyter-keymap-1.0.0
2023-02-07 20:32:55.745 [info] Extracting completed. ms-toolsai.jupyter-keymap
2023-02-07 20:32:55.752 [info] Extracted extension to /home/carlos/.vscode/extensions/.1d501b7b-9660-43e0-b365-a88aa9a422a7: ms-toolsai.vscode-jupyter-slideshow
2023-02-07 20:32:55.757 [info] Extracted extension to /home/carlos/.vscode/extensions/.179f44a4-a485-4e46-9da8-a73ecb51befa: ms-toolsai.vscode-jupyter-cell-tags
2023-02-07 20:32:55.759 [info] Renamed to /home/carlos/.vscode/extensions/ms-toolsai.vscode-jupyter-slideshow-0.1.5
2023-02-07 20:32:55.761 [info] Extracting completed. ms-toolsai.vscode-jupyter-slideshow
2023-02-07 20:32:55.763 [info] Renamed to /home/carlos/.vscode/extensions/ms-toolsai.vscode-jupyter-cell-tags-0.1.6
2023-02-07 20:32:55.764 [info] Extracting completed. ms-toolsai.vscode-jupyter-cell-tags
2023-02-07 20:32:57.033 [info] Extension signature verification: ms-toolsai.jupyter. Verification status: Verified.
2023-02-07 20:32:57.379 [info] Extension signature verification: ms-toolsai.jupyter-renderers. Verification status: Verified.
2023-02-07 20:32:57.385 [info] Extracted extension to /home/carlos/.vscode/extensions/.603fa9e7-4aca-4c03-a157-1547942866d5: ms-toolsai.jupyter
2023-02-07 20:32:57.423 [info] Renamed to /home/carlos/.vscode/extensions/ms-toolsai.jupyter-2023.1.2010391206
2023-02-07 20:32:57.433 [info] Extracting completed. ms-toolsai.jupyter
2023-02-07 20:32:57.519 [info] Extracted extension to /home/carlos/.vscode/extensions/.a15bc1d4-1861-441d-8c33-3f8bf7031065: ms-toolsai.jupyter-renderers
2023-02-07 20:32:57.525 [info] Extension signature verification: ms-python.python. Verification status: Verified.
2023-02-07 20:32:57.526 [info] Renamed to /home/carlos/.vscode/extensions/ms-toolsai.jupyter-renderers-1.0.14
2023-02-07 20:32:57.530 [info] Extracting completed. ms-toolsai.jupyter-renderers
2023-02-07 20:32:58.543 [info] Extracted extension to /home/carlos/.vscode/extensions/.8ed68a4c-c65b-4f43-83ba-0e1e59703986: ms-python.python
2023-02-07 20:32:58.565 [info] Renamed to /home/carlos/.vscode/extensions/ms-python.python-2023.2.0
2023-02-07 20:32:58.569 [info] Extracting completed. ms-python.python
2023-02-07 20:33:00.276 [info] Extension signature verification: ms-python.isort. Verification status: Verified.
2023-02-07 20:33:00.380 [info] Extracted extension to /home/carlos/.vscode/extensions/.3f42f076-c564-4133-837a-b845ca01b3a3: ms-python.isort
2023-02-07 20:33:00.385 [info] Extension signature verification: ms-python.vscode-pylance. Verification status: Verified.
2023-02-07 20:33:00.419 [info] Renamed to /home/carlos/.vscode/extensions/ms-python.isort-2022.8.0
2023-02-07 20:33:00.467 [info] Extracting completed. ms-python.isort
2023-02-07 20:33:01.907 [info] Extracted extension to /home/carlos/.vscode/extensions/.10591f2e-e9f5-4390-87f1-0207d483adf3: ms-python.vscode-pylance
2023-02-07 20:33:01.940 [info] Renamed to /home/carlos/.vscode/extensions/ms-python.vscode-pylance-2023.2.10
2023-02-07 20:33:01.942 [info] Extracting completed. ms-python.vscode-pylance
2023-02-07 20:33:01.957 [info] Extension installed successfully: ms-toolsai.jupyter-keymap
2023-02-07 20:33:01.957 [info] Extension installed successfully: ms-toolsai.vscode-jupyter-slideshow
2023-02-07 20:33:01.958 [info] Extension installed successfully: ms-toolsai.vscode-jupyter-cell-tags
2023-02-07 20:33:01.958 [info] Extension installed successfully: ms-toolsai.jupyter
2023-02-07 20:33:01.958 [info] Extension installed successfully: ms-toolsai.jupyter-renderers
2023-02-07 20:33:01.958 [info] Extension installed successfully: ms-python.python
2023-02-07 20:33:01.958 [info] Extension installed successfully: ms-python.isort
2023-02-07 20:33:01.958 [info] Extension installed successfully: ms-python.vscode-pylance
2023-02-07 20:33:12.941 [info] Getting Manifest... kevinrose.vsc-python-indent
2023-02-07 20:33:12.946 [info] Installing extension: kevinrose.vsc-python-indent
2023-02-07 20:33:14.312 [info] Extracted extension to /home/carlos/.vscode/extensions/.b80b0de5-ba22-4614-aab7-7f55a38a7b15: kevinrose.vsc-python-indent
2023-02-07 20:33:14.317 [info] Renamed to /home/carlos/.vscode/extensions/kevinrose.vsc-python-indent-1.18.0
2023-02-07 20:33:14.319 [info] Extracting completed. kevinrose.vsc-python-indent
2023-02-07 20:33:14.328 [info] Extension installed successfully: kevinrose.vsc-python-indent
2023-02-07 20:33:20.608 [info] Getting Manifest... njpwerner.autodocstring
2023-02-07 20:33:20.613 [info] Installing extension: njpwerner.autodocstring
2023-02-07 20:33:21.982 [info] Extracted extension to /home/carlos/.vscode/extensions/.2dc9cab3-c369-4476-bf98-2b7379e5b99c: njpwerner.autodocstring
2023-02-07 20:33:21.990 [info] Renamed to /home/carlos/.vscode/extensions/njpwerner.autodocstring-0.6.1
2023-02-07 20:33:21.992 [info] Extracting completed. njpwerner.autodocstring
2023-02-07 20:33:22.001 [info] Extension installed successfully: njpwerner.autodocstring
2023-02-07 20:34:19.295 [info] Getting Manifest... donjayamanne.python-environment-manager
2023-02-07 20:34:19.304 [info] Installing extension: donjayamanne.python-environment-manager
2023-02-07 20:34:22.110 [info] Extracted extension to /home/carlos/.vscode/extensions/.db247266-d51c-410d-8aeb-17a8a744f7aa: donjayamanne.python-environment-manager
2023-02-07 20:34:22.130 [info] Renamed to /home/carlos/.vscode/extensions/donjayamanne.python-environment-manager-1.0.4
2023-02-07 20:34:22.134 [info] Extracting completed. donjayamanne.python-environment-manager
2023-02-07 20:34:22.149 [info] Extension installed successfully: donjayamanne.python-environment-manager
2023-02-07 20:35:09.635 [info] Getting Manifest... visualstudioexptteam.vscodeintellicode
2023-02-07 20:35:09.643 [info] Installing extension: visualstudioexptteam.vscodeintellicode
2023-02-07 20:35:09.873 [info] Getting Manifest... visualstudioexptteam.intellicode-api-usage-examples
2023-02-07 20:35:09.982 [info] Installing extension: visualstudioexptteam.intellicode-api-usage-examples visualstudioexptteam.vscodeintellicode
2023-02-07 20:35:13.346 [info] Extension signature verification: visualstudioexptteam.intellicode-api-usage-examples. Verification status: Verified.
2023-02-07 20:35:13.514 [info] Extracted extension to /home/carlos/.vscode/extensions/.cc3c8e54-56bc-4701-a564-ad24a1271e14: visualstudioexptteam.intellicode-api-usage-examples
2023-02-07 20:35:13.528 [info] Renamed to /home/carlos/.vscode/extensions/visualstudioexptteam.intellicode-api-usage-examples-0.2.7
2023-02-07 20:35:13.530 [info] Extracting completed. visualstudioexptteam.intellicode-api-usage-examples
2023-02-07 20:35:18.284 [info] Extension signature verification: visualstudioexptteam.vscodeintellicode. Verification status: Verified.
2023-02-07 20:35:19.381 [info] Extracted extension to /home/carlos/.vscode/extensions/.581cfbbd-320c-4ded-a93c-276439a47c74: visualstudioexptteam.vscodeintellicode
2023-02-07 20:35:19.400 [info] Renamed to /home/carlos/.vscode/extensions/visualstudioexptteam.vscodeintellicode-1.2.30
2023-02-07 20:35:19.403 [info] Extracting completed. visualstudioexptteam.vscodeintellicode
2023-02-07 20:35:19.414 [info] Extension installed successfully: visualstudioexptteam.intellicode-api-usage-examples
2023-02-07 20:35:19.414 [info] Extension installed successfully: visualstudioexptteam.vscodeintellicode
2023-02-07 20:36:21.490 [info] Extensions added from another source eamodio.gitlens vscode-userdata:/home/carlos/.config/Code/User/profiles/387b54a2/extensions.json
2023-02-07 20:36:21.491 [info] Extensions added from another source ms-azuretools.vscode-docker vscode-userdata:/home/carlos/.config/Code/User/profiles/387b54a2/extensions.json
2023-02-07 20:36:21.491 [info] Extensions added from another source ms-python.isort vscode-userdata:/home/carlos/.config/Code/User/profiles/387b54a2/extensions.json
2023-02-07 20:36:21.491 [info] Extensions added from another source ms-python.python vscode-userdata:/home/carlos/.config/Code/User/profiles/387b54a2/extensions.json
2023-02-07 20:36:21.491 [info] Extensions added from another source ms-python.vscode-pylance vscode-userdata:/home/carlos/.config/Code/User/profiles/387b54a2/extensions.json
2023-02-07 20:36:21.491 [info] Extensions added from another source vscode-icons-team.vscode-icons vscode-userdata:/home/carlos/.config/Code/User/profiles/387b54a2/extensions.json
2023-02-07 20:36:21.491 [info] Extensions added from another source vscodevim.vim vscode-userdata:/home/carlos/.config/Code/User/profiles/387b54a2/extensions.json
2023-02-07 20:37:50.850 [info] Getting Manifest... scala-lang.scala
2023-02-07 20:37:50.857 [info] Installing extension: scala-lang.scala
2023-02-07 20:37:52.510 [info] Extracted extension to /home/carlos/.vscode/extensions/.70da121a-56cd-42c6-b586-5b2a1f126863: scala-lang.scala
2023-02-07 20:37:52.517 [info] Renamed to /home/carlos/.vscode/extensions/scala-lang.scala-0.5.6
2023-02-07 20:37:52.519 [info] Extracting completed. scala-lang.scala
2023-02-07 20:37:52.531 [info] Extension installed successfully: scala-lang.scala
2023-02-07 20:39:02.426 [info] Getting Manifest... vscjava.vscode-maven
2023-02-07 20:39:02.432 [info] Installing extension: vscjava.vscode-maven
2023-02-07 20:39:04.984 [info] Extension signature verification: vscjava.vscode-maven. Verification status: Verified.
2023-02-07 20:39:05.134 [info] Extracted extension to /home/carlos/.vscode/extensions/.50d09f7f-68cf-4b76-be22-d37265482fd0: vscjava.vscode-maven
2023-02-07 20:39:05.141 [info] Renamed to /home/carlos/.vscode/extensions/vscjava.vscode-maven-0.40.4
2023-02-07 20:39:05.144 [info] Extracting completed. vscjava.vscode-maven
2023-02-07 20:39:05.155 [info] Extension installed successfully: vscjava.vscode-maven
2023-02-07 20:39:35.505 [info] Getting Manifest... lightbend.vscode-sbt-scala
2023-02-07 20:39:35.513 [info] Installing extension: lightbend.vscode-sbt-scala
2023-02-07 20:39:37.439 [info] Extracted extension to /home/carlos/.vscode/extensions/.bf474bc5-f4bb-4d63-98b6-ab10ceeb073d: lightbend.vscode-sbt-scala
2023-02-07 20:39:37.459 [info] Renamed to /home/carlos/.vscode/extensions/lightbend.vscode-sbt-scala-0.2.4
2023-02-07 20:39:37.460 [info] Extracting completed. lightbend.vscode-sbt-scala
2023-02-07 20:39:37.481 [info] Extension installed successfully: lightbend.vscode-sbt-scala
2023-02-07 20:40:31.308 [info] Getting Manifest... mshdinsight.azure-hdinsight
2023-02-07 20:40:31.313 [info] Installing extension: mshdinsight.azure-hdinsight
2023-02-07 20:40:31.981 [info] Getting Manifest... ms-python.python
2023-02-07 20:40:31.985 [info] Getting Manifest... ms-vscode.azure-account
2023-02-07 20:40:32.629 [info] Installing extension: ms-vscode.azure-account mshdinsight.azure-hdinsight
2023-02-07 20:40:40.667 [info] Extension signature verification: ms-vscode.azure-account. Verification status: Verified.
2023-02-07 20:40:40.720 [info] Extracted extension to /home/carlos/.vscode/extensions/.b83a560d-0348-4127-b36a-6105c2727962: ms-vscode.azure-account
2023-02-07 20:40:40.737 [info] Renamed to /home/carlos/.vscode/extensions/ms-vscode.azure-account-0.11.3
2023-02-07 20:40:40.741 [info] Extracting completed. ms-vscode.azure-account
2023-02-07 20:40:44.413 [info] Extension signature verification: mshdinsight.azure-hdinsight. Verification status: Verified.
2023-02-07 20:40:49.633 [info] Extracted extension to /home/carlos/.vscode/extensions/.aefbcd20-0f51-4adb-807e-664a3273adb3: mshdinsight.azure-hdinsight
2023-02-07 20:40:49.653 [info] Renamed to /home/carlos/.vscode/extensions/mshdinsight.azure-hdinsight-1.1.19
2023-02-07 20:40:49.655 [info] Extracting completed. mshdinsight.azure-hdinsight
2023-02-07 20:40:49.670 [info] Extension installed successfully: ms-vscode.azure-account
2023-02-07 20:40:49.671 [info] Extension installed successfully: mshdinsight.azure-hdinsight
