2023-02-07 19:40:06.138 [info] Reading sessions from keychain...
2023-02-07 19:40:06.138 [info] Getting sessions for user:email...
2023-02-07 19:40:06.138 [info] Getting sessions for all scopes...
2023-02-07 19:40:06.138 [info] Got stored sessions!
2023-02-07 19:40:06.138 [info] Got 2 verified sessions.
2023-02-07 19:40:06.138 [info] Got 1 sessions for user:email...
2023-02-07 19:40:06.138 [info] Got 2 sessions for ...
2023-02-07 19:40:06.156 [info] Getting sessions for all scopes...
2023-02-07 19:40:06.156 [info] Got 2 sessions for ...
2023-02-07 19:40:07.759 [info] Getting user info...
2023-02-07 19:40:08.027 [info] Got account info!
2023-02-07 19:57:18.783 [info] Getting sessions for all scopes...
2023-02-07 19:57:18.783 [info] Got 2 sessions for ...
2023-02-07 20:00:55.425 [info] Reading sessions from keychain...
2023-02-07 20:00:55.425 [info] Getting sessions for user:email...
2023-02-07 20:00:55.425 [info] Got stored sessions!
2023-02-07 20:00:55.425 [info] Got 2 verified sessions.
2023-02-07 20:00:55.425 [info] Got 1 sessions for user:email...
2023-02-07 20:00:55.430 [info] Getting sessions for all scopes...
2023-02-07 20:00:55.430 [info] Got 2 sessions for ...
2023-02-07 20:00:55.435 [info] Getting sessions for all scopes...
2023-02-07 20:00:55.435 [info] Got 2 sessions for ...
2023-02-07 20:00:57.129 [info] Getting user info...
2023-02-07 20:00:57.430 [info] Got account info!
2023-02-07 20:01:09.949 [info] Getting sessions for all scopes...
2023-02-07 20:01:09.949 [info] Got 2 sessions for ...
