LSP Notebooks experiment is disabled -- Jupyter disabled or not installed
LSP Notebooks interactive window support is disabled -- not in LSP Notebooks experiment
Python interpreter path: /bin/python3
Starting Pylance language server.
> /bin/python3 -m autopep8 --diff ./a.py
cwd: .
> /bin/python3 -c "import autopep8"
> /bin/python3 -c "import autopep8"

Formatting with autopep8 failed.
You could either install the 'autopep8' formatter, turn it off or use another formatter.
Error: Module 'autopep8' not installed.
> conda info --json
> ~/.anaconda/bin/conda info --json
> ~/.conda/bin/conda info --json
> ~/anaconda3/bin/conda info --json
> /bin/python3 -c "import pip"
> /bin/python3 -m autopep8 --diff ./a.py
cwd: .
> /bin/python3 -m autopep8 --diff ./a.py
cwd: .
> /bin/python3 -m autopep8 --diff ./a.py.bdb66a5627b10160887a1c17cb418d77.tmp
cwd: .
> /bin/python3 -m autopep8 --diff ./a.py.bdb66a5627b10160887a1c17cb418d77.tmp
cwd: .
> /bin/python3 -m autopep8 --diff ./a.py.bdb66a5627b10160887a1c17cb418d77.tmp
cwd: .
> /bin/python3 -m autopep8 --diff ./a.py.bdb66a5627b10160887a1c17cb418d77.tmp
cwd: .
> /bin/python3 -m autopep8 --diff ./a.py.bdb66a5627b10160887a1c17cb418d77.tmp
cwd: .
> /bin/python3 -m autopep8 --diff ./a.py.bdb66a5627b10160887a1c17cb418d77.tmp
cwd: .
> /bin/python3 -m autopep8 --diff ./a.py
cwd: .
> /bin/python3 -m autopep8 --diff ./a.py.bdb66a5627b10160887a1c17cb418d77.tmp
cwd: .
> /bin/python3 -m autopep8 --diff ./a.py.bdb66a5627b10160887a1c17cb418d77.tmp
cwd: .
> /bin/python3 -m autopep8 --diff ./a.py.bdb66a5627b10160887a1c17cb418d77.tmp
cwd: .
> /bin/python3 -m autopep8 --diff ./a.py.bdb66a5627b10160887a1c17cb418d77.tmp
cwd: .
> /bin/python3 -m autopep8 --diff ./a.py.bdb66a5627b10160887a1c17cb418d77.tmp
cwd: .
> /bin/python3 -m autopep8 --diff ./a.py.bdb66a5627b10160887a1c17cb418d77.tmp
cwd: .
> /bin/python3 -m autopep8 --diff ./a.py
cwd: .
> /bin/python3 -m autopep8 --diff ./a.py
cwd: .
> /bin/python3 -m autopep8 --diff ./a.py
cwd: .
> /bin/python3 -m autopep8 --diff ./a.py.bdb66a5627b10160887a1c17cb418d77.tmp
cwd: .
> /bin/python3 -m autopep8 --diff ./a.py
cwd: .
> /bin/python3 -m autopep8 --diff ./a.py.bdb66a5627b10160887a1c17cb418d77.tmp
cwd: .
> /bin/python3 -m autopep8 --diff ./a.py
cwd: .
> /bin/python3 -m autopep8 --diff ./a.py.bdb66a5627b10160887a1c17cb418d77.tmp
cwd: .
> /bin/python3 -m autopep8 --diff ./a.py.bdb66a5627b10160887a1c17cb418d77.tmp
cwd: .
> /bin/python3 -m autopep8 --diff ./a.py.bdb66a5627b10160887a1c17cb418d77.tmp
cwd: .
> /bin/python3 -m autopep8 --diff ./a.py.bdb66a5627b10160887a1c17cb418d77.tmp
cwd: .
> /bin/python3 -m autopep8 --diff ./a.py
cwd: .
> /bin/python3 -m autopep8 --diff ./a.py
cwd: .
