cancelled
[Error - 20:04:17] Request textDocument/documentSymbol failed.
Error: name must not be falsy
    at Function.validate (/usr/share/code/resources/app/out/vs/workbench/api/node/extensionHostProcess.js:94:25923)
    at new t (/usr/share/code/resources/app/out/vs/workbench/api/node/extensionHostProcess.js:94:26218)
    at K (/usr/share/code/resources/app/extensions/json-language-features/client/dist/node/jsonClientMain.js:2:1374109)
    at p (/usr/share/code/resources/app/extensions/json-language-features/client/dist/node/jsonClientMain.js:2:1412109)
    at Object.t.map (/usr/share/code/resources/app/extensions/json-language-features/client/dist/node/jsonClientMain.js:2:1412195)
    at Object.asDocumentSymbols (/usr/share/code/resources/app/extensions/json-language-features/client/dist/node/jsonClientMain.js:2:1381927)
    at i (/usr/share/code/resources/app/extensions/json-language-features/client/dist/node/jsonClientMain.js:2:1320545)
    at i.provideDocumentSymbols (/usr/share/code/resources/app/out/vs/workbench/api/node/extensionHostProcess.js:98:32441)
[Error - 20:04:21] Request textDocument/documentSymbol failed.
Error: name must not be falsy
    at Function.validate (/usr/share/code/resources/app/out/vs/workbench/api/node/extensionHostProcess.js:94:25923)
    at new t (/usr/share/code/resources/app/out/vs/workbench/api/node/extensionHostProcess.js:94:26218)
    at K (/usr/share/code/resources/app/extensions/json-language-features/client/dist/node/jsonClientMain.js:2:1374109)
    at p (/usr/share/code/resources/app/extensions/json-language-features/client/dist/node/jsonClientMain.js:2:1412109)
    at Object.t.map (/usr/share/code/resources/app/extensions/json-language-features/client/dist/node/jsonClientMain.js:2:1412195)
    at Object.asDocumentSymbols (/usr/share/code/resources/app/extensions/json-language-features/client/dist/node/jsonClientMain.js:2:1381927)
    at i (/usr/share/code/resources/app/extensions/json-language-features/client/dist/node/jsonClientMain.js:2:1320545)
    at i.provideDocumentSymbols (/usr/share/code/resources/app/out/vs/workbench/api/node/extensionHostProcess.js:98:32441)
cancelled
cancelled
